<?xml version="1.0" encoding="UTF-8"?>
<robot generator="Robot 4.1.3 (Python 3.10.1 on win32)" generated="20220117 19:51:18.698" rpa="false" schemaversion="2">
<suite id="s1" name="Tests" source="C:\robotframework\getgeeks-gzero\backend\tests">
<suite id="s1-s1" name="Geeks" source="C:\robotframework\getgeeks-gzero\backend\tests\Geeks.robot">
<test id="s1-s1-t1" name="Be a Geek">
<kw name="Factory Be Geek" library="Users">
<var>${user}</var>
<msg timestamp="20220117 19:51:19.370" level="INFO">${user} = {'name': 'João Lucas', 'email': 'joao@qaninja.com.br', 'password': 'pwd123', 'geek_profile': {'whatsapp': '11999999999', 'desc': 'Precisando dar aquela ajeitada no seu computador? Conte comigo para te...</msg>
<status status="PASS" starttime="20220117 19:51:19.370" endtime="20220117 19:51:19.370"/>
</kw>
<kw name="Remove User" library="Helpers">
<arg>${user}</arg>
<kw name="Get Token" library="Helpers">
<var>${token}</var>
<arg>${user}</arg>
<kw name="Create Dictionary" library="BuiltIn">
<var>${payload}</var>
<arg>email=${user}[email]</arg>
<arg>password=${user}[password]</arg>
<doc>Creates and returns a dictionary based on the given ``items``.</doc>
<msg timestamp="20220117 19:51:19.373" level="INFO">${payload} = {'email': 'joao@qaninja.com.br', 'password': 'pwd123'}</msg>
<status status="PASS" starttime="20220117 19:51:19.372" endtime="20220117 19:51:19.373"/>
</kw>
<kw name="POST Session" library="SessionsRoute">
<var>${response}</var>
<arg>${payload}</arg>
<kw name="POST" library="RequestsLibrary">
<var>${response}</var>
<arg>${API_USERS}/sessions</arg>
<arg>json=${payload}</arg>
<arg>expected_status=any</arg>
<doc>Sends a POST request.</doc>
<msg timestamp="20220117 19:51:23.826" level="INFO">POST Request : url=https://getgeeks-users-vivis.herokuapp.com/sessions 
 path_url=/sessions 
 headers={'User-Agent': 'python-requests/2.27.1', 'Accept-Encoding': 'gzip, deflate', 'Accept': '*/*', 'Connection': 'keep-alive', 'Content-Length': '54', 'Content-Type': 'application/json'} 
 body=b'{"email": "joao@qaninja.com.br", "password": "pwd123"}' 
 </msg>
<msg timestamp="20220117 19:51:23.826" level="INFO">POST Response : url=https://getgeeks-users-vivis.herokuapp.com/sessions 
 status=200, reason=OK 
 headers={'Server': 'Cowboy', 'Connection': 'keep-alive', 'X-Powered-By': 'Express', 'Access-Control-Allow-Origin': '*', 'Content-Type': 'application/json; charset=utf-8', 'Content-Length': '373', 'Etag': 'W/"175-krh2b1nxBwPzOB6xAlCPIF0pjDw"', 'Date': 'Mon, 17 Jan 2022 22:52:09 GMT', 'Via': '1.1 vegur'} 
 body={"user":{"id":379,"email":"joao@qaninja.com.br","password_hash":"$2b$08$U3zhYQ0IKRBlH9sbJRVJDe7KpIfvpZNBwGGgLIYYdNs6lbpSUPPiu","name":"João Lucas","avatar":null,"whatsapp":"11999999999","is_geek":true},"token":"eyJhbGciOiJIUzI1NiIsInR5cCI6IkpXVCJ9.eyJpZCI6Mzc5LCJpYXQiOjE2NDI0NTk5MjksImV4cCI6MTY0MzMyMzkyOX0.9SIfZ1ThVkeBsbu75ylyDMHG7xuiEJFnOBcrRpn0AoA","expires_in":"10d"} 
 </msg>
<msg timestamp="20220117 19:51:23.826" level="INFO">${response} = &lt;Response [200]&gt;</msg>
<status status="PASS" starttime="20220117 19:51:19.373" endtime="20220117 19:51:23.826"/>
</kw>
<msg timestamp="20220117 19:51:23.827" level="INFO">${response} = &lt;Response [200]&gt;</msg>
<status status="PASS" starttime="20220117 19:51:19.373" endtime="20220117 19:51:23.827"/>
</kw>
<kw name="Set Variable" library="BuiltIn">
<var>${result}</var>
<arg>${EMPTY}</arg>
<doc>Returns the given values which can then be assigned to a variables.</doc>
<msg timestamp="20220117 19:51:23.829" level="INFO">${result} = </msg>
<status status="PASS" starttime="20220117 19:51:23.828" endtime="20220117 19:51:23.829"/>
</kw>
<if>
<branch type="IF" condition="&quot;200&quot; in &quot;${response}&quot;">
<kw name="Set Variable" library="BuiltIn">
<var>${result}</var>
<arg>Bearer ${response.json()}[token]</arg>
<doc>Returns the given values which can then be assigned to a variables.</doc>
<msg timestamp="20220117 19:51:23.832" level="INFO">${result} = Bearer eyJhbGciOiJIUzI1NiIsInR5cCI6IkpXVCJ9.eyJpZCI6Mzc5LCJpYXQiOjE2NDI0NTk5MjksImV4cCI6MTY0MzMyMzkyOX0.9SIfZ1ThVkeBsbu75ylyDMHG7xuiEJFnOBcrRpn0AoA</msg>
<status status="PASS" starttime="20220117 19:51:23.830" endtime="20220117 19:51:23.832"/>
</kw>
<status status="PASS" starttime="20220117 19:51:23.830" endtime="20220117 19:51:23.832"/>
</branch>
<status status="PASS" starttime="20220117 19:51:23.829" endtime="20220117 19:51:23.832"/>
</if>
<msg timestamp="20220117 19:51:23.832" level="INFO">${token} = Bearer eyJhbGciOiJIUzI1NiIsInR5cCI6IkpXVCJ9.eyJpZCI6Mzc5LCJpYXQiOjE2NDI0NTk5MjksImV4cCI6MTY0MzMyMzkyOX0.9SIfZ1ThVkeBsbu75ylyDMHG7xuiEJFnOBcrRpn0AoA</msg>
<status status="PASS" starttime="20220117 19:51:19.372" endtime="20220117 19:51:23.832"/>
</kw>
<if>
<branch type="IF" condition="&quot;${token}&quot;">
<kw name="DELETE User" library="UsersRoute">
<arg>${token}</arg>
<kw name="Create Dictionary" library="BuiltIn">
<var>${headers}</var>
<arg>Authorization=${token}</arg>
<doc>Creates and returns a dictionary based on the given ``items``.</doc>
<msg timestamp="20220117 19:51:23.835" level="INFO">${headers} = {'Authorization': 'Bearer eyJhbGciOiJIUzI1NiIsInR5cCI6IkpXVCJ9.eyJpZCI6Mzc5LCJpYXQiOjE2NDI0NTk5MjksImV4cCI6MTY0MzMyMzkyOX0.9SIfZ1ThVkeBsbu75ylyDMHG7xuiEJFnOBcrRpn0AoA'}</msg>
<status status="PASS" starttime="20220117 19:51:23.834" endtime="20220117 19:51:23.835"/>
</kw>
<kw name="DELETE" library="RequestsLibrary">
<var>${response}</var>
<arg>${API_USERS}/users</arg>
<arg>headers=${headers}</arg>
<arg>expected_status=any</arg>
<doc>Sends a DELETE request.</doc>
<msg timestamp="20220117 19:51:24.908" level="INFO">DELETE Request : url=https://getgeeks-users-vivis.herokuapp.com/users 
 path_url=/users 
 headers={'User-Agent': 'python-requests/2.27.1', 'Accept-Encoding': 'gzip, deflate', 'Accept': '*/*', 'Connection': 'keep-alive', 'Authorization': 'Bearer eyJhbGciOiJIUzI1NiIsInR5cCI6IkpXVCJ9.eyJpZCI6Mzc5LCJpYXQiOjE2NDI0NTk5MjksImV4cCI6MTY0MzMyMzkyOX0.9SIfZ1ThVkeBsbu75ylyDMHG7xuiEJFnOBcrRpn0AoA', 'Content-Length': '0'} 
 body=None 
 </msg>
<msg timestamp="20220117 19:51:24.908" level="INFO">DELETE Response : url=https://getgeeks-users-vivis.herokuapp.com/users 
 status=204, reason=No Content 
 headers={'Server': 'Cowboy', 'Content-Length': '0', 'Connection': 'keep-alive', 'X-Powered-By': 'Express', 'Access-Control-Allow-Origin': '*', 'Date': 'Mon, 17 Jan 2022 22:52:10 GMT', 'Via': '1.1 vegur'} 
 body=None 
 </msg>
<msg timestamp="20220117 19:51:24.909" level="INFO">${response} = &lt;Response [204]&gt;</msg>
<status status="PASS" starttime="20220117 19:51:23.835" endtime="20220117 19:51:24.909"/>
</kw>
<status status="PASS" starttime="20220117 19:51:23.833" endtime="20220117 19:51:24.909"/>
</kw>
<status status="PASS" starttime="20220117 19:51:23.833" endtime="20220117 19:51:24.909"/>
</branch>
<status status="PASS" starttime="20220117 19:51:23.833" endtime="20220117 19:51:24.909"/>
</if>
<status status="PASS" starttime="20220117 19:51:19.371" endtime="20220117 19:51:24.910"/>
</kw>
<kw name="POST User" library="UsersRoute">
<arg>${user}</arg>
<kw name="POST" library="RequestsLibrary">
<var>${response}</var>
<arg>${API_USERS}/users</arg>
<arg>json=${payload}</arg>
<arg>expected_status=any</arg>
<doc>Sends a POST request.</doc>
<msg timestamp="20220117 19:51:26.398" level="INFO">POST Request : url=https://getgeeks-users-vivis.herokuapp.com/users 
 path_url=/users 
 headers={'User-Agent': 'python-requests/2.27.1', 'Accept-Encoding': 'gzip, deflate', 'Accept': '*/*', 'Connection': 'keep-alive', 'Content-Length': '462', 'Content-Type': 'application/json'} 
 body=b'{"name": "Jo\\u00e3o Lucas", "email": "joao@qaninja.com.br", "password": "pwd123", "geek_profile": {"whatsapp": "11999999999", "desc": "Precisando dar aquela ajeitada no seu computador? Conte comigo para te ajudar, seja um problema se sistema ou alguma pe\\u00e7a que n\\u00e3o est\\u00e1 funcionando como deveria, eu posso te ajudar! Entre em contato e fa\\u00e7a o seu or\\u00e7amento sem compromisso!", "printer_repair": "Sim", "work": "Presencial", "cost": "100"}}' 
 </msg>
<msg timestamp="20220117 19:51:26.399" level="INFO">POST Response : url=https://getgeeks-users-vivis.herokuapp.com/users 
 status=201, reason=Created 
 headers={'Server': 'Cowboy', 'Connection': 'keep-alive', 'X-Powered-By': 'Express', 'Access-Control-Allow-Origin': '*', 'Content-Type': 'application/json; charset=utf-8', 'Content-Length': '10', 'Etag': 'W/"a-I8ElPXZL50z5iSykqeZ7TdONsoY"', 'Date': 'Mon, 17 Jan 2022 22:52:12 GMT', 'Via': '1.1 vegur'} 
 body={"id":382} 
 </msg>
<msg timestamp="20220117 19:51:26.399" level="INFO">${response} = &lt;Response [201]&gt;</msg>
<status status="PASS" starttime="20220117 19:51:24.912" endtime="20220117 19:51:26.399"/>
</kw>
<status status="PASS" starttime="20220117 19:51:24.911" endtime="20220117 19:51:26.400"/>
</kw>
<kw name="Get Token" library="Helpers">
<var>${token}</var>
<arg>${user}</arg>
<kw name="Create Dictionary" library="BuiltIn">
<var>${payload}</var>
<arg>email=${user}[email]</arg>
<arg>password=${user}[password]</arg>
<doc>Creates and returns a dictionary based on the given ``items``.</doc>
<msg timestamp="20220117 19:51:26.403" level="INFO">${payload} = {'email': 'joao@qaninja.com.br', 'password': 'pwd123'}</msg>
<status status="PASS" starttime="20220117 19:51:26.402" endtime="20220117 19:51:26.403"/>
</kw>
<kw name="POST Session" library="SessionsRoute">
<var>${response}</var>
<arg>${payload}</arg>
<kw name="POST" library="RequestsLibrary">
<var>${response}</var>
<arg>${API_USERS}/sessions</arg>
<arg>json=${payload}</arg>
<arg>expected_status=any</arg>
<doc>Sends a POST request.</doc>
<msg timestamp="20220117 19:51:28.215" level="INFO">POST Request : url=https://getgeeks-users-vivis.herokuapp.com/sessions 
 path_url=/sessions 
 headers={'User-Agent': 'python-requests/2.27.1', 'Accept-Encoding': 'gzip, deflate', 'Accept': '*/*', 'Connection': 'keep-alive', 'Content-Length': '54', 'Content-Type': 'application/json'} 
 body=b'{"email": "joao@qaninja.com.br", "password": "pwd123"}' 
 </msg>
<msg timestamp="20220117 19:51:28.215" level="INFO">POST Response : url=https://getgeeks-users-vivis.herokuapp.com/sessions 
 status=200, reason=OK 
 headers={'Server': 'Cowboy', 'Connection': 'keep-alive', 'X-Powered-By': 'Express', 'Access-Control-Allow-Origin': '*', 'Content-Type': 'application/json; charset=utf-8', 'Content-Length': '365', 'Etag': 'W/"16d-NqtOgDUMiVC3UUWa5lOZBoOD4FM"', 'Date': 'Mon, 17 Jan 2022 22:52:13 GMT', 'Via': '1.1 vegur'} 
 body={"user":{"id":382,"email":"joao@qaninja.com.br","password_hash":"$2b$08$79IETbsaXxj1Gp7lMICGDuAm8nEgjLuyvYb9zBADIsRuY8g5sKHXu","name":"João Lucas","avatar":null,"whatsapp":null,"is_geek":false},"token":"eyJhbGciOiJIUzI1NiIsInR5cCI6IkpXVCJ9.eyJpZCI6MzgyLCJpYXQiOjE2NDI0NTk5MzMsImV4cCI6MTY0MzMyMzkzM30.NibTW8ga1ziXYMMxXouMaosTY8qKzg3eBSXynYhalOQ","expires_in":"10d"} 
 </msg>
<msg timestamp="20220117 19:51:28.216" level="INFO">${response} = &lt;Response [200]&gt;</msg>
<status status="PASS" starttime="20220117 19:51:26.404" endtime="20220117 19:51:28.216"/>
</kw>
<msg timestamp="20220117 19:51:28.217" level="INFO">${response} = &lt;Response [200]&gt;</msg>
<status status="PASS" starttime="20220117 19:51:26.403" endtime="20220117 19:51:28.217"/>
</kw>
<kw name="Set Variable" library="BuiltIn">
<var>${result}</var>
<arg>${EMPTY}</arg>
<doc>Returns the given values which can then be assigned to a variables.</doc>
<msg timestamp="20220117 19:51:28.220" level="INFO">${result} = </msg>
<status status="PASS" starttime="20220117 19:51:28.218" endtime="20220117 19:51:28.220"/>
</kw>
<if>
<branch type="IF" condition="&quot;200&quot; in &quot;${response}&quot;">
<kw name="Set Variable" library="BuiltIn">
<var>${result}</var>
<arg>Bearer ${response.json()}[token]</arg>
<doc>Returns the given values which can then be assigned to a variables.</doc>
<msg timestamp="20220117 19:51:28.224" level="INFO">${result} = Bearer eyJhbGciOiJIUzI1NiIsInR5cCI6IkpXVCJ9.eyJpZCI6MzgyLCJpYXQiOjE2NDI0NTk5MzMsImV4cCI6MTY0MzMyMzkzM30.NibTW8ga1ziXYMMxXouMaosTY8qKzg3eBSXynYhalOQ</msg>
<status status="PASS" starttime="20220117 19:51:28.222" endtime="20220117 19:51:28.224"/>
</kw>
<status status="PASS" starttime="20220117 19:51:28.221" endtime="20220117 19:51:28.224"/>
</branch>
<status status="PASS" starttime="20220117 19:51:28.221" endtime="20220117 19:51:28.224"/>
</if>
<msg timestamp="20220117 19:51:28.224" level="INFO">${token} = Bearer eyJhbGciOiJIUzI1NiIsInR5cCI6IkpXVCJ9.eyJpZCI6MzgyLCJpYXQiOjE2NDI0NTk5MzMsImV4cCI6MTY0MzMyMzkzM30.NibTW8ga1ziXYMMxXouMaosTY8qKzg3eBSXynYhalOQ</msg>
<status status="PASS" starttime="20220117 19:51:26.401" endtime="20220117 19:51:28.224"/>
</kw>
<kw name="POST Geek" library="GeeksRoute">
<var>${response}</var>
<arg>${token}</arg>
<arg>${user}[geek_profile]</arg>
<kw name="Create Dictionary" library="BuiltIn">
<var>${headers}</var>
<arg>Authorization=${token}</arg>
<doc>Creates and returns a dictionary based on the given ``items``.</doc>
<msg timestamp="20220117 19:51:28.228" level="INFO">${headers} = {'Authorization': 'Bearer eyJhbGciOiJIUzI1NiIsInR5cCI6IkpXVCJ9.eyJpZCI6MzgyLCJpYXQiOjE2NDI0NTk5MzMsImV4cCI6MTY0MzMyMzkzM30.NibTW8ga1ziXYMMxXouMaosTY8qKzg3eBSXynYhalOQ'}</msg>
<status status="PASS" starttime="20220117 19:51:28.227" endtime="20220117 19:51:28.228"/>
</kw>
<kw name="POST" library="RequestsLibrary">
<var>${response}</var>
<arg>${API_GEEKS}/geeks</arg>
<arg>json=${payload}</arg>
<arg>headers=${headers}</arg>
<arg>expected_status=any</arg>
<doc>Sends a POST request.</doc>
<msg timestamp="20220117 19:51:29.271" level="INFO">POST Request : url=https://getgeeks-geeks-vivis.herokuapp.com/geeks 
 path_url=/geeks 
 headers={'User-Agent': 'python-requests/2.27.1', 'Accept-Encoding': 'gzip, deflate', 'Accept': '*/*', 'Connection': 'keep-alive', 'Authorization': 'Bearer eyJhbGciOiJIUzI1NiIsInR5cCI6IkpXVCJ9.eyJpZCI6MzgyLCJpYXQiOjE2NDI0NTk5MzMsImV4cCI6MTY0MzMyMzkzM30.NibTW8ga1ziXYMMxXouMaosTY8qKzg3eBSXynYhalOQ', 'Content-Length': '363', 'Content-Type': 'application/json'} 
 body=b'{"whatsapp": "11999999999", "desc": "Precisando dar aquela ajeitada no seu computador? Conte comigo para te ajudar, seja um problema se sistema ou alguma pe\\u00e7a que n\\u00e3o est\\u00e1 funcionando como deveria, eu posso te ajudar! Entre em contato e fa\\u00e7a o seu or\\u00e7amento sem compromisso!", "printer_repair": "Sim", "work": "Presencial", "cost": "100"}' 
 </msg>
<msg timestamp="20220117 19:51:29.272" level="INFO">POST Response : url=https://getgeeks-geeks-vivis.herokuapp.com/geeks 
 status=201, reason=Created 
 headers={'Server': 'Cowboy', 'Connection': 'keep-alive', 'X-Powered-By': 'Express', 'Access-Control-Allow-Origin': '*', 'Date': 'Mon, 17 Jan 2022 22:52:15 GMT', 'Content-Length': '0', 'Via': '1.1 vegur'} 
 body=None 
 </msg>
<msg timestamp="20220117 19:51:29.272" level="INFO">${response} = &lt;Response [201]&gt;</msg>
<status status="PASS" starttime="20220117 19:51:28.228" endtime="20220117 19:51:29.272"/>
</kw>
<msg timestamp="20220117 19:51:29.272" level="INFO">${response} = &lt;Response [201]&gt;</msg>
<status status="PASS" starttime="20220117 19:51:28.226" endtime="20220117 19:51:29.272"/>
</kw>
<kw name="Status Should Be" library="RequestsLibrary">
<arg>201</arg>
<arg>${response}</arg>
<doc>Fails if response status code is different than the expected.</doc>
<status status="PASS" starttime="20220117 19:51:29.273" endtime="20220117 19:51:29.274"/>
</kw>
<kw name="GET User" library="UsersRoute">
<var>${response}</var>
<arg>${token}</arg>
<kw name="Create Dictionary" library="BuiltIn">
<var>${headers}</var>
<arg>Authorization=${token}</arg>
<doc>Creates and returns a dictionary based on the given ``items``.</doc>
<msg timestamp="20220117 19:51:29.275" level="INFO">${headers} = {'Authorization': 'Bearer eyJhbGciOiJIUzI1NiIsInR5cCI6IkpXVCJ9.eyJpZCI6MzgyLCJpYXQiOjE2NDI0NTk5MzMsImV4cCI6MTY0MzMyMzkzM30.NibTW8ga1ziXYMMxXouMaosTY8qKzg3eBSXynYhalOQ'}</msg>
<status status="PASS" starttime="20220117 19:51:29.275" endtime="20220117 19:51:29.275"/>
</kw>
<kw name="GET" library="RequestsLibrary">
<var>${response}</var>
<arg>${API_USERS}/users</arg>
<arg>headers=${headers}</arg>
<arg>expected_status=any</arg>
<doc>Sends a GET request.</doc>
<msg timestamp="20220117 19:51:31.184" level="INFO">GET Request : url=https://getgeeks-users-vivis.herokuapp.com/users 
 path_url=/users 
 headers={'User-Agent': 'python-requests/2.27.1', 'Accept-Encoding': 'gzip, deflate', 'Accept': '*/*', 'Connection': 'keep-alive', 'Authorization': 'Bearer eyJhbGciOiJIUzI1NiIsInR5cCI6IkpXVCJ9.eyJpZCI6MzgyLCJpYXQiOjE2NDI0NTk5MzMsImV4cCI6MTY0MzMyMzkzM30.NibTW8ga1ziXYMMxXouMaosTY8qKzg3eBSXynYhalOQ'} 
 body=None 
 </msg>
<msg timestamp="20220117 19:51:31.184" level="INFO">GET Response : url=https://getgeeks-users-vivis.herokuapp.com/users 
 status=200, reason=OK 
 headers={'Server': 'Cowboy', 'Connection': 'keep-alive', 'X-Powered-By': 'Express', 'Access-Control-Allow-Origin': '*', 'Content-Type': 'application/json; charset=utf-8', 'Content-Length': '518', 'Etag': 'W/"206-LmHlJ783z/8OQkgaYsv0TyZZhf4"', 'Date': 'Mon, 17 Jan 2022 22:52:16 GMT', 'Via': '1.1 vegur'} 
 body={"id":88,"email":"joao@qaninja.com.br","password_hash":"$2b$08$79IETbsaXxj1Gp7lMICGDuAm8nEgjLuyvYb9zBADIsRuY8g5sKHXu","name":"João Lucas","avatar":null,"whatsapp":"11999999999","is_geek":true,"desc":"Precisando dar aquela ajeitada no seu computador? Conte comigo para te ajudar, seja um problema se sistema ou alguma peça que não está funcionando como deveria, eu posso te ajudar! Entre em contato e faça o seu orçamento sem compromisso!","printer_repair":"Sim","work":"Presencial","cost":"100.00","user_id":382} 
 </msg>
<msg timestamp="20220117 19:51:31.184" level="INFO">${response} = &lt;Response [200]&gt;</msg>
<status status="PASS" starttime="20220117 19:51:29.276" endtime="20220117 19:51:31.185"/>
</kw>
<msg timestamp="20220117 19:51:31.185" level="INFO">${response} = &lt;Response [200]&gt;</msg>
<status status="PASS" starttime="20220117 19:51:29.274" endtime="20220117 19:51:31.185"/>
</kw>
<kw name="Should Be Equal As Strings" library="BuiltIn">
<arg>${user}[name]</arg>
<arg>${response.json()}[name]</arg>
<doc>Fails if objects are unequal after converting them to strings.</doc>
<status status="PASS" starttime="20220117 19:51:31.186" endtime="20220117 19:51:31.188"/>
</kw>
<kw name="Should Be Equal As Strings" library="BuiltIn">
<arg>${user}[email]</arg>
<arg>${response.json()}[email]</arg>
<doc>Fails if objects are unequal after converting them to strings.</doc>
<status status="PASS" starttime="20220117 19:51:31.189" endtime="20220117 19:51:31.190"/>
</kw>
<kw name="Convert To Number" library="BuiltIn">
<var>${expected_float}</var>
<arg>${user}[geek_profile][cost]</arg>
<doc>Converts the given item to a floating point number.</doc>
<msg timestamp="20220117 19:51:31.192" level="INFO">${expected_float} = 100.0</msg>
<status status="PASS" starttime="20220117 19:51:31.191" endtime="20220117 19:51:31.192"/>
</kw>
<kw name="Convert To Number" library="BuiltIn">
<var>${got_float}</var>
<arg>${response.json()}[cost]</arg>
<doc>Converts the given item to a floating point number.</doc>
<msg timestamp="20220117 19:51:31.195" level="INFO">${got_float} = 100.0</msg>
<status status="PASS" starttime="20220117 19:51:31.192" endtime="20220117 19:51:31.195"/>
</kw>
<kw name="Should Be Equal As Strings" library="BuiltIn">
<arg>${user}[geek_profile][whatsapp]</arg>
<arg>${response.json()}[whatsapp]</arg>
<doc>Fails if objects are unequal after converting them to strings.</doc>
<status status="PASS" starttime="20220117 19:51:31.195" endtime="20220117 19:51:31.197"/>
</kw>
<kw name="Should Be Equal As Strings" library="BuiltIn">
<arg>${user}[geek_profile][desc]</arg>
<arg>${response.json()}[desc]</arg>
<doc>Fails if objects are unequal after converting them to strings.</doc>
<status status="PASS" starttime="20220117 19:51:31.197" endtime="20220117 19:51:31.199"/>
</kw>
<kw name="Should Be Equal As Strings" library="BuiltIn">
<arg>${expected_float}</arg>
<arg>${got_float}</arg>
<doc>Fails if objects are unequal after converting them to strings.</doc>
<status status="PASS" starttime="20220117 19:51:31.199" endtime="20220117 19:51:31.200"/>
</kw>
<kw name="Should Be Equal As Strings" library="BuiltIn">
<arg>${user}[geek_profile][printer_repair]</arg>
<arg>${response.json()}[printer_repair]</arg>
<doc>Fails if objects are unequal after converting them to strings.</doc>
<status status="PASS" starttime="20220117 19:51:31.201" endtime="20220117 19:51:31.202"/>
</kw>
<kw name="Should Be Equal As Strings" library="BuiltIn">
<arg>${user}[geek_profile][work]</arg>
<arg>${response.json()}[work]</arg>
<doc>Fails if objects are unequal after converting them to strings.</doc>
<status status="PASS" starttime="20220117 19:51:31.203" endtime="20220117 19:51:31.204"/>
</kw>
<kw name="Should Be Equal As Strings" library="BuiltIn">
<arg>None</arg>
<arg>${response.json()}[avatar]</arg>
<doc>Fails if objects are unequal after converting them to strings.</doc>
<msg timestamp="20220117 19:51:31.206" level="INFO">Argument types are:
&lt;type 'unicode'&gt;
&lt;class 'NoneType'&gt;</msg>
<status status="PASS" starttime="20220117 19:51:31.205" endtime="20220117 19:51:31.206"/>
</kw>
<kw name="Should Be Equal As Strings" library="BuiltIn">
<arg>True</arg>
<arg>${response.json()}[is_geek]</arg>
<doc>Fails if objects are unequal after converting them to strings.</doc>
<msg timestamp="20220117 19:51:31.208" level="INFO">Argument types are:
&lt;type 'unicode'&gt;
&lt;class 'bool'&gt;</msg>
<status status="PASS" starttime="20220117 19:51:31.207" endtime="20220117 19:51:31.208"/>
</kw>
<status status="PASS" starttime="20220117 19:51:19.368" endtime="20220117 19:51:31.208"/>
</test>
<test id="s1-s1-t2" name="Get Geek List">
<kw name="Factory Search For Geeks" library="Users">
<var>${data}</var>
<msg timestamp="20220117 19:51:31.211" level="INFO">${data} = {'user': {'name': 'Peter Quill', 'email': 'quill@marvel.com', 'password': 'pwd123'}, 'geeks': [{'name': 'Riri Willians', 'email': 'riri@marvel.com', 'password': 'pwd123', 'geek_profile': {'whatsapp': ...</msg>
<status status="PASS" starttime="20220117 19:51:31.210" endtime="20220117 19:51:31.211"/>
</kw>
<for flavor="IN">
<var>${geek}</var>
<value>@{data}[geeks]</value>
<iter>
<var name="${geek}">{'name': 'Riri Willians', 'email': 'riri@marvel.com', 'password': 'pwd123', 'geek_profile': {'whatsapp': '11999999999', 'desc': 'Seu computador está lento? Reiniciando do nada? Talvez seja um vírus, o...</var>
<kw name="POST User" library="UsersRoute">
<arg>${geek}</arg>
<kw name="POST" library="RequestsLibrary">
<var>${response}</var>
<arg>${API_USERS}/users</arg>
<arg>json=${payload}</arg>
<arg>expected_status=any</arg>
<doc>Sends a POST request.</doc>
<msg timestamp="20220117 19:51:32.609" level="INFO">POST Request : url=https://getgeeks-users-vivis.herokuapp.com/users 
 path_url=/users 
 headers={'User-Agent': 'python-requests/2.27.1', 'Accept-Encoding': 'gzip, deflate', 'Accept': '*/*', 'Connection': 'keep-alive', 'Content-Length': '483', 'Content-Type': 'application/json'} 
 body=b'{"name": "Riri Willians", "email": "riri@marvel.com", "password": "pwd123", "geek_profile": {"whatsapp": "11999999999", "desc": "Seu computador est\\u00e1 lento? Reiniciando do nada? Talvez seja um v\\u00edrus, ou algum hardware com defeito. Posso fazer a manuten\\u00e7\\u00e3o no seu PC, formando, reinstalando o SO, trocando algum componente f\\u00edsico e porque n\\u00e3o remover o baidu ou qualquer outro malware.", "printer_repair": "N\\u00e3o", "work": "Presencial", "cost": "100"}}' 
 </msg>
<msg timestamp="20220117 19:51:32.610" level="INFO">POST Response : url=https://getgeeks-users-vivis.herokuapp.com/users 
 status=400, reason=Bad Request 
 headers={'Server': 'Cowboy', 'Connection': 'keep-alive', 'X-Powered-By': 'Express', 'Access-Control-Allow-Origin': '*', 'Content-Type': 'application/json; charset=utf-8', 'Content-Length': '31', 'Etag': 'W/"1f-lFUySNKwX3L5eGEwGcNcUoVKWhE"', 'Date': 'Mon, 17 Jan 2022 22:52:18 GMT', 'Via': '1.1 vegur'} 
 body={"error":"User already exists"} 
 </msg>
<msg timestamp="20220117 19:51:32.610" level="INFO">${response} = &lt;Response [400]&gt;</msg>
<status status="PASS" starttime="20220117 19:51:31.212" endtime="20220117 19:51:32.610"/>
</kw>
<status status="PASS" starttime="20220117 19:51:31.211" endtime="20220117 19:51:32.611"/>
</kw>
<kw name="Get Token" library="Helpers">
<var>${token}</var>
<arg>${geek}</arg>
<kw name="Create Dictionary" library="BuiltIn">
<var>${payload}</var>
<arg>email=${user}[email]</arg>
<arg>password=${user}[password]</arg>
<doc>Creates and returns a dictionary based on the given ``items``.</doc>
<msg timestamp="20220117 19:51:32.612" level="INFO">${payload} = {'email': 'riri@marvel.com', 'password': 'pwd123'}</msg>
<status status="PASS" starttime="20220117 19:51:32.611" endtime="20220117 19:51:32.612"/>
</kw>
<kw name="POST Session" library="SessionsRoute">
<var>${response}</var>
<arg>${payload}</arg>
<kw name="POST" library="RequestsLibrary">
<var>${response}</var>
<arg>${API_USERS}/sessions</arg>
<arg>json=${payload}</arg>
<arg>expected_status=any</arg>
<doc>Sends a POST request.</doc>
<msg timestamp="20220117 19:51:34.018" level="INFO">POST Request : url=https://getgeeks-users-vivis.herokuapp.com/sessions 
 path_url=/sessions 
 headers={'User-Agent': 'python-requests/2.27.1', 'Accept-Encoding': 'gzip, deflate', 'Accept': '*/*', 'Connection': 'keep-alive', 'Content-Length': '50', 'Content-Type': 'application/json'} 
 body=b'{"email": "riri@marvel.com", "password": "pwd123"}' 
 </msg>
<msg timestamp="20220117 19:51:34.018" level="INFO">POST Response : url=https://getgeeks-users-vivis.herokuapp.com/sessions 
 status=200, reason=OK 
 headers={'Server': 'Cowboy', 'Connection': 'keep-alive', 'X-Powered-By': 'Express', 'Access-Control-Allow-Origin': '*', 'Content-Type': 'application/json; charset=utf-8', 'Content-Length': '371', 'Etag': 'W/"173-qhSTWtca0YvKJelb+OHYvGPKPa0"', 'Date': 'Mon, 17 Jan 2022 22:52:19 GMT', 'Via': '1.1 vegur'} 
 body={"user":{"id":368,"email":"riri@marvel.com","password_hash":"$2b$08$0DX2wkWj3P7Yp9gcY7ecXeMs.dsqQxMfT36XRDOUFACB/C9wLoXgm","name":"Riri Willians","avatar":null,"whatsapp":"11999999999","is_geek":true},"token":"eyJhbGciOiJIUzI1NiIsInR5cCI6IkpXVCJ9.eyJpZCI6MzY4LCJpYXQiOjE2NDI0NTk5MzksImV4cCI6MTY0MzMyMzkzOX0.FjTjvlkgKoGbH-EQ7iTwK3m2l5qnBx9TjJAtKrgtMjQ","expires_in":"10d"} 
 </msg>
<msg timestamp="20220117 19:51:34.019" level="INFO">${response} = &lt;Response [200]&gt;</msg>
<status status="PASS" starttime="20220117 19:51:32.613" endtime="20220117 19:51:34.019"/>
</kw>
<msg timestamp="20220117 19:51:34.020" level="INFO">${response} = &lt;Response [200]&gt;</msg>
<status status="PASS" starttime="20220117 19:51:32.612" endtime="20220117 19:51:34.020"/>
</kw>
<kw name="Set Variable" library="BuiltIn">
<var>${result}</var>
<arg>${EMPTY}</arg>
<doc>Returns the given values which can then be assigned to a variables.</doc>
<msg timestamp="20220117 19:51:34.022" level="INFO">${result} = </msg>
<status status="PASS" starttime="20220117 19:51:34.021" endtime="20220117 19:51:34.022"/>
</kw>
<if>
<branch type="IF" condition="&quot;200&quot; in &quot;${response}&quot;">
<kw name="Set Variable" library="BuiltIn">
<var>${result}</var>
<arg>Bearer ${response.json()}[token]</arg>
<doc>Returns the given values which can then be assigned to a variables.</doc>
<msg timestamp="20220117 19:51:34.025" level="INFO">${result} = Bearer eyJhbGciOiJIUzI1NiIsInR5cCI6IkpXVCJ9.eyJpZCI6MzY4LCJpYXQiOjE2NDI0NTk5MzksImV4cCI6MTY0MzMyMzkzOX0.FjTjvlkgKoGbH-EQ7iTwK3m2l5qnBx9TjJAtKrgtMjQ</msg>
<status status="PASS" starttime="20220117 19:51:34.023" endtime="20220117 19:51:34.025"/>
</kw>
<status status="PASS" starttime="20220117 19:51:34.023" endtime="20220117 19:51:34.025"/>
</branch>
<status status="PASS" starttime="20220117 19:51:34.022" endtime="20220117 19:51:34.025"/>
</if>
<msg timestamp="20220117 19:51:34.025" level="INFO">${token} = Bearer eyJhbGciOiJIUzI1NiIsInR5cCI6IkpXVCJ9.eyJpZCI6MzY4LCJpYXQiOjE2NDI0NTk5MzksImV4cCI6MTY0MzMyMzkzOX0.FjTjvlkgKoGbH-EQ7iTwK3m2l5qnBx9TjJAtKrgtMjQ</msg>
<status status="PASS" starttime="20220117 19:51:32.611" endtime="20220117 19:51:34.026"/>
</kw>
<kw name="POST Geek" library="GeeksRoute">
<arg>${token}</arg>
<arg>${geek}[geek_profile]</arg>
<kw name="Create Dictionary" library="BuiltIn">
<var>${headers}</var>
<arg>Authorization=${token}</arg>
<doc>Creates and returns a dictionary based on the given ``items``.</doc>
<msg timestamp="20220117 19:51:34.027" level="INFO">${headers} = {'Authorization': 'Bearer eyJhbGciOiJIUzI1NiIsInR5cCI6IkpXVCJ9.eyJpZCI6MzY4LCJpYXQiOjE2NDI0NTk5MzksImV4cCI6MTY0MzMyMzkzOX0.FjTjvlkgKoGbH-EQ7iTwK3m2l5qnBx9TjJAtKrgtMjQ'}</msg>
<status status="PASS" starttime="20220117 19:51:34.027" endtime="20220117 19:51:34.027"/>
</kw>
<kw name="POST" library="RequestsLibrary">
<var>${response}</var>
<arg>${API_GEEKS}/geeks</arg>
<arg>json=${payload}</arg>
<arg>headers=${headers}</arg>
<arg>expected_status=any</arg>
<doc>Sends a POST request.</doc>
<msg timestamp="20220117 19:51:36.100" level="INFO">POST Request : url=https://getgeeks-geeks-vivis.herokuapp.com/geeks 
 path_url=/geeks 
 headers={'User-Agent': 'python-requests/2.27.1', 'Accept-Encoding': 'gzip, deflate', 'Accept': '*/*', 'Connection': 'keep-alive', 'Authorization': 'Bearer eyJhbGciOiJIUzI1NiIsInR5cCI6IkpXVCJ9.eyJpZCI6MzY4LCJpYXQiOjE2NDI0NTk5MzksImV4cCI6MTY0MzMyMzkzOX0.FjTjvlkgKoGbH-EQ7iTwK3m2l5qnBx9TjJAtKrgtMjQ', 'Content-Length': '390', 'Content-Type': 'application/json'} 
 body=b'{"whatsapp": "11999999999", "desc": "Seu computador est\\u00e1 lento? Reiniciando do nada? Talvez seja um v\\u00edrus, ou algum hardware com defeito. Posso fazer a manuten\\u00e7\\u00e3o no seu PC, formando, reinstalando o SO, trocando algum componente f\\u00edsico e porque n\\u00e3o remover o baidu ou qualquer outro malware.", "printer_repair": "N\\u00e3o", "work": "Presencial", "cost": "100"}' 
 </msg>
<msg timestamp="20220117 19:51:36.100" level="INFO">POST Response : url=https://getgeeks-geeks-vivis.herokuapp.com/geeks 
 status=201, reason=Created 
 headers={'Server': 'Cowboy', 'Connection': 'keep-alive', 'X-Powered-By': 'Express', 'Access-Control-Allow-Origin': '*', 'Date': 'Mon, 17 Jan 2022 22:52:21 GMT', 'Content-Length': '0', 'Via': '1.1 vegur'} 
 body=None 
 </msg>
<msg timestamp="20220117 19:51:36.100" level="INFO">${response} = &lt;Response [201]&gt;</msg>
<status status="PASS" starttime="20220117 19:51:34.028" endtime="20220117 19:51:36.101"/>
</kw>
<status status="PASS" starttime="20220117 19:51:34.026" endtime="20220117 19:51:36.101"/>
</kw>
<status status="PASS" starttime="20220117 19:51:31.211" endtime="20220117 19:51:36.102"/>
</iter>
<iter>
<var name="${geek}">{'name': 'Arnim Zola', 'email': 'zola@hidra.com', 'password': 'pwd123', 'geek_profile': {'whatsapp': '21999999999', 'desc': 'Instalo Distros Ubuntu, Debian, ElementaryOS, PopOS, Linux Mint, Kurumin, M...</var>
<kw name="POST User" library="UsersRoute">
<arg>${geek}</arg>
<kw name="POST" library="RequestsLibrary">
<var>${response}</var>
<arg>${API_USERS}/users</arg>
<arg>json=${payload}</arg>
<arg>expected_status=any</arg>
<doc>Sends a POST request.</doc>
<msg timestamp="20220117 19:51:37.921" level="INFO">POST Request : url=https://getgeeks-users-vivis.herokuapp.com/users 
 path_url=/users 
 headers={'User-Agent': 'python-requests/2.27.1', 'Accept-Encoding': 'gzip, deflate', 'Accept': '*/*', 'Connection': 'keep-alive', 'Content-Length': '445', 'Content-Type': 'application/json'} 
 body=b'{"name": "Arnim Zola", "email": "zola@hidra.com", "password": "pwd123", "geek_profile": {"whatsapp": "21999999999", "desc": "Instalo Distros Ubuntu, Debian, ElementaryOS, PopOS, Linux Mint, Kurumin, Mandrake, Connectiva, Fedora, RedHat, CentOS, Slackware, Gentoo, Archlinux, Kubuntu, Xubuntu, Suze, Mandriva, Edubuntu, KateOS, Sabayon Linux, Manjaro Linux, BigLinux, ZorinOS, Unit", "printer_repair": "N\\u00e3o", "work": "Ambos", "cost": "110"}}' 
 </msg>
<msg timestamp="20220117 19:51:37.921" level="INFO">POST Response : url=https://getgeeks-users-vivis.herokuapp.com/users 
 status=400, reason=Bad Request 
 headers={'Server': 'Cowboy', 'Connection': 'keep-alive', 'X-Powered-By': 'Express', 'Access-Control-Allow-Origin': '*', 'Content-Type': 'application/json; charset=utf-8', 'Content-Length': '31', 'Etag': 'W/"1f-lFUySNKwX3L5eGEwGcNcUoVKWhE"', 'Date': 'Mon, 17 Jan 2022 22:52:23 GMT', 'Via': '1.1 vegur'} 
 body={"error":"User already exists"} 
 </msg>
<msg timestamp="20220117 19:51:37.922" level="INFO">${response} = &lt;Response [400]&gt;</msg>
<status status="PASS" starttime="20220117 19:51:36.102" endtime="20220117 19:51:37.922"/>
</kw>
<status status="PASS" starttime="20220117 19:51:36.102" endtime="20220117 19:51:37.922"/>
</kw>
<kw name="Get Token" library="Helpers">
<var>${token}</var>
<arg>${geek}</arg>
<kw name="Create Dictionary" library="BuiltIn">
<var>${payload}</var>
<arg>email=${user}[email]</arg>
<arg>password=${user}[password]</arg>
<doc>Creates and returns a dictionary based on the given ``items``.</doc>
<msg timestamp="20220117 19:51:37.924" level="INFO">${payload} = {'email': 'zola@hidra.com', 'password': 'pwd123'}</msg>
<status status="PASS" starttime="20220117 19:51:37.923" endtime="20220117 19:51:37.924"/>
</kw>
<kw name="POST Session" library="SessionsRoute">
<var>${response}</var>
<arg>${payload}</arg>
<kw name="POST" library="RequestsLibrary">
<var>${response}</var>
<arg>${API_USERS}/sessions</arg>
<arg>json=${payload}</arg>
<arg>expected_status=any</arg>
<doc>Sends a POST request.</doc>
<msg timestamp="20220117 19:51:38.773" level="INFO">POST Request : url=https://getgeeks-users-vivis.herokuapp.com/sessions 
 path_url=/sessions 
 headers={'User-Agent': 'python-requests/2.27.1', 'Accept-Encoding': 'gzip, deflate', 'Accept': '*/*', 'Connection': 'keep-alive', 'Content-Length': '49', 'Content-Type': 'application/json'} 
 body=b'{"email": "zola@hidra.com", "password": "pwd123"}' 
 </msg>
<msg timestamp="20220117 19:51:38.773" level="INFO">POST Response : url=https://getgeeks-users-vivis.herokuapp.com/sessions 
 status=200, reason=OK 
 headers={'Server': 'Cowboy', 'Connection': 'keep-alive', 'X-Powered-By': 'Express', 'Access-Control-Allow-Origin': '*', 'Content-Type': 'application/json; charset=utf-8', 'Content-Length': '367', 'Etag': 'W/"16f-C9BfEbU01iw+iRNs2KTI5BVwtLM"', 'Date': 'Mon, 17 Jan 2022 22:52:24 GMT', 'Via': '1.1 vegur'} 
 body={"user":{"id":369,"email":"zola@hidra.com","password_hash":"$2b$08$kgeZBlRpHw2uG/bcIPTa3eBXFOPVRW0rNKVW3suOHh34uF4L0H6nC","name":"Arnim Zola","avatar":null,"whatsapp":"21999999999","is_geek":true},"token":"eyJhbGciOiJIUzI1NiIsInR5cCI6IkpXVCJ9.eyJpZCI6MzY5LCJpYXQiOjE2NDI0NTk5NDQsImV4cCI6MTY0MzMyMzk0NH0.6cn4ey9hNb7tdJuAIw-MTF7HeyqyTCwodIYA5skp6kA","expires_in":"10d"} 
 </msg>
<msg timestamp="20220117 19:51:38.774" level="INFO">${response} = &lt;Response [200]&gt;</msg>
<status status="PASS" starttime="20220117 19:51:37.926" endtime="20220117 19:51:38.774"/>
</kw>
<msg timestamp="20220117 19:51:38.774" level="INFO">${response} = &lt;Response [200]&gt;</msg>
<status status="PASS" starttime="20220117 19:51:37.924" endtime="20220117 19:51:38.774"/>
</kw>
<kw name="Set Variable" library="BuiltIn">
<var>${result}</var>
<arg>${EMPTY}</arg>
<doc>Returns the given values which can then be assigned to a variables.</doc>
<msg timestamp="20220117 19:51:38.776" level="INFO">${result} = </msg>
<status status="PASS" starttime="20220117 19:51:38.775" endtime="20220117 19:51:38.776"/>
</kw>
<if>
<branch type="IF" condition="&quot;200&quot; in &quot;${response}&quot;">
<kw name="Set Variable" library="BuiltIn">
<var>${result}</var>
<arg>Bearer ${response.json()}[token]</arg>
<doc>Returns the given values which can then be assigned to a variables.</doc>
<msg timestamp="20220117 19:51:38.778" level="INFO">${result} = Bearer eyJhbGciOiJIUzI1NiIsInR5cCI6IkpXVCJ9.eyJpZCI6MzY5LCJpYXQiOjE2NDI0NTk5NDQsImV4cCI6MTY0MzMyMzk0NH0.6cn4ey9hNb7tdJuAIw-MTF7HeyqyTCwodIYA5skp6kA</msg>
<status status="PASS" starttime="20220117 19:51:38.777" endtime="20220117 19:51:38.778"/>
</kw>
<status status="PASS" starttime="20220117 19:51:38.776" endtime="20220117 19:51:38.778"/>
</branch>
<status status="PASS" starttime="20220117 19:51:38.776" endtime="20220117 19:51:38.778"/>
</if>
<msg timestamp="20220117 19:51:38.779" level="INFO">${token} = Bearer eyJhbGciOiJIUzI1NiIsInR5cCI6IkpXVCJ9.eyJpZCI6MzY5LCJpYXQiOjE2NDI0NTk5NDQsImV4cCI6MTY0MzMyMzk0NH0.6cn4ey9hNb7tdJuAIw-MTF7HeyqyTCwodIYA5skp6kA</msg>
<status status="PASS" starttime="20220117 19:51:37.923" endtime="20220117 19:51:38.779"/>
</kw>
<kw name="POST Geek" library="GeeksRoute">
<arg>${token}</arg>
<arg>${geek}[geek_profile]</arg>
<kw name="Create Dictionary" library="BuiltIn">
<var>${headers}</var>
<arg>Authorization=${token}</arg>
<doc>Creates and returns a dictionary based on the given ``items``.</doc>
<msg timestamp="20220117 19:51:38.781" level="INFO">${headers} = {'Authorization': 'Bearer eyJhbGciOiJIUzI1NiIsInR5cCI6IkpXVCJ9.eyJpZCI6MzY5LCJpYXQiOjE2NDI0NTk5NDQsImV4cCI6MTY0MzMyMzk0NH0.6cn4ey9hNb7tdJuAIw-MTF7HeyqyTCwodIYA5skp6kA'}</msg>
<status status="PASS" starttime="20220117 19:51:38.780" endtime="20220117 19:51:38.781"/>
</kw>
<kw name="POST" library="RequestsLibrary">
<var>${response}</var>
<arg>${API_GEEKS}/geeks</arg>
<arg>json=${payload}</arg>
<arg>headers=${headers}</arg>
<arg>expected_status=any</arg>
<doc>Sends a POST request.</doc>
<msg timestamp="20220117 19:51:48.855" level="INFO">POST Request : url=https://getgeeks-geeks-vivis.herokuapp.com/geeks 
 path_url=/geeks 
 headers={'User-Agent': 'python-requests/2.27.1', 'Accept-Encoding': 'gzip, deflate', 'Accept': '*/*', 'Connection': 'keep-alive', 'Authorization': 'Bearer eyJhbGciOiJIUzI1NiIsInR5cCI6IkpXVCJ9.eyJpZCI6MzY5LCJpYXQiOjE2NDI0NTk5NDQsImV4cCI6MTY0MzMyMzk0NH0.6cn4ey9hNb7tdJuAIw-MTF7HeyqyTCwodIYA5skp6kA', 'Content-Length': '356', 'Content-Type': 'application/json'} 
 body=b'{"whatsapp": "21999999999", "desc": "Instalo Distros Ubuntu, Debian, ElementaryOS, PopOS, Linux Mint, Kurumin, Mandrake, Connectiva, Fedora, RedHat, CentOS, Slackware, Gentoo, Archlinux, Kubuntu, Xubuntu, Suze, Mandriva, Edubuntu, KateOS, Sabayon Linux, Manjaro Linux, BigLinux, ZorinOS, Unit", "printer_repair": "N\\u00e3o", "work": "Ambos", "cost": "110"}' 
 </msg>
<msg timestamp="20220117 19:51:48.856" level="INFO">POST Response : url=https://getgeeks-geeks-vivis.herokuapp.com/geeks 
 status=201, reason=Created 
 headers={'Server': 'Cowboy', 'Connection': 'keep-alive', 'X-Powered-By': 'Express', 'Access-Control-Allow-Origin': '*', 'Date': 'Mon, 17 Jan 2022 22:52:34 GMT', 'Content-Length': '0', 'Via': '1.1 vegur'} 
 body=None 
 </msg>
<msg timestamp="20220117 19:51:48.856" level="INFO">${response} = &lt;Response [201]&gt;</msg>
<status status="PASS" starttime="20220117 19:51:38.781" endtime="20220117 19:51:48.856"/>
</kw>
<status status="PASS" starttime="20220117 19:51:38.779" endtime="20220117 19:51:48.857"/>
</kw>
<status status="PASS" starttime="20220117 19:51:36.102" endtime="20220117 19:51:48.857"/>
</iter>
<iter>
<var name="${geek}">{'name': 'Reed Richards', 'email': 'reed@fantastic4.com', 'password': 'pwd123', 'geek_profile': {'whatsapp': '31999999999', 'desc': 'Instalado e faço manutenção em qualquer tipo de impressora, matrici...</var>
<kw name="POST User" library="UsersRoute">
<arg>${geek}</arg>
<kw name="POST" library="RequestsLibrary">
<var>${response}</var>
<arg>${API_USERS}/users</arg>
<arg>json=${payload}</arg>
<arg>expected_status=any</arg>
<doc>Sends a POST request.</doc>
<msg timestamp="20220117 19:51:50.968" level="INFO">POST Request : url=https://getgeeks-users-vivis.herokuapp.com/users 
 path_url=/users 
 headers={'User-Agent': 'python-requests/2.27.1', 'Accept-Encoding': 'gzip, deflate', 'Accept': '*/*', 'Connection': 'keep-alive', 'Content-Length': '415', 'Content-Type': 'application/json'} 
 body=b'{"name": "Reed Richards", "email": "reed@fantastic4.com", "password": "pwd123", "geek_profile": {"whatsapp": "31999999999", "desc": "Instalado e fa\\u00e7o manuten\\u00e7\\u00e3o em qualquer tipo de impressora, matricial padr\\u00e3o, matricial fiscal, a jato, a cera, a laser e at\\u00e9 3D. Tamb\\u00e9m fa\\u00e7o remold de fitas coloridas para Epson LX300. ", "printer_repair": "Sim", "work": "Remoto", "cost": "120"}}' 
 </msg>
<msg timestamp="20220117 19:51:50.968" level="INFO">POST Response : url=https://getgeeks-users-vivis.herokuapp.com/users 
 status=400, reason=Bad Request 
 headers={'Server': 'Cowboy', 'Connection': 'keep-alive', 'X-Powered-By': 'Express', 'Access-Control-Allow-Origin': '*', 'Content-Type': 'application/json; charset=utf-8', 'Content-Length': '31', 'Etag': 'W/"1f-lFUySNKwX3L5eGEwGcNcUoVKWhE"', 'Date': 'Mon, 17 Jan 2022 22:52:36 GMT', 'Via': '1.1 vegur'} 
 body={"error":"User already exists"} 
 </msg>
<msg timestamp="20220117 19:51:50.968" level="INFO">${response} = &lt;Response [400]&gt;</msg>
<status status="PASS" starttime="20220117 19:51:48.858" endtime="20220117 19:51:50.969"/>
</kw>
<status status="PASS" starttime="20220117 19:51:48.857" endtime="20220117 19:51:50.969"/>
</kw>
<kw name="Get Token" library="Helpers">
<var>${token}</var>
<arg>${geek}</arg>
<kw name="Create Dictionary" library="BuiltIn">
<var>${payload}</var>
<arg>email=${user}[email]</arg>
<arg>password=${user}[password]</arg>
<doc>Creates and returns a dictionary based on the given ``items``.</doc>
<msg timestamp="20220117 19:51:50.971" level="INFO">${payload} = {'email': 'reed@fantastic4.com', 'password': 'pwd123'}</msg>
<status status="PASS" starttime="20220117 19:51:50.970" endtime="20220117 19:51:50.971"/>
</kw>
<kw name="POST Session" library="SessionsRoute">
<var>${response}</var>
<arg>${payload}</arg>
<kw name="POST" library="RequestsLibrary">
<var>${response}</var>
<arg>${API_USERS}/sessions</arg>
<arg>json=${payload}</arg>
<arg>expected_status=any</arg>
<doc>Sends a POST request.</doc>
<msg timestamp="20220117 19:51:52.613" level="INFO">POST Request : url=https://getgeeks-users-vivis.herokuapp.com/sessions 
 path_url=/sessions 
 headers={'User-Agent': 'python-requests/2.27.1', 'Accept-Encoding': 'gzip, deflate', 'Accept': '*/*', 'Connection': 'keep-alive', 'Content-Length': '54', 'Content-Type': 'application/json'} 
 body=b'{"email": "reed@fantastic4.com", "password": "pwd123"}' 
 </msg>
<msg timestamp="20220117 19:51:52.613" level="INFO">POST Response : url=https://getgeeks-users-vivis.herokuapp.com/sessions 
 status=200, reason=OK 
 headers={'Server': 'Cowboy', 'Connection': 'keep-alive', 'X-Powered-By': 'Express', 'Access-Control-Allow-Origin': '*', 'Content-Type': 'application/json; charset=utf-8', 'Content-Length': '375', 'Etag': 'W/"177-6Cjm+lJKMBKDbIaQMTY7dv6dPqc"', 'Date': 'Mon, 17 Jan 2022 22:52:38 GMT', 'Via': '1.1 vegur'} 
 body={"user":{"id":370,"email":"reed@fantastic4.com","password_hash":"$2b$08$.xhKReqTtZXsRkATHXUIb.YxgnAVtVjNTK5ESvJMp81nMwYY.bzgy","name":"Reed Richards","avatar":null,"whatsapp":"31999999999","is_geek":true},"token":"eyJhbGciOiJIUzI1NiIsInR5cCI6IkpXVCJ9.eyJpZCI6MzcwLCJpYXQiOjE2NDI0NTk5NTgsImV4cCI6MTY0MzMyMzk1OH0.rgKvINDL1CqURVRevDL9QjsTZIByTHkFrReSutkgCRQ","expires_in":"10d"} 
 </msg>
<msg timestamp="20220117 19:51:52.614" level="INFO">${response} = &lt;Response [200]&gt;</msg>
<status status="PASS" starttime="20220117 19:51:50.972" endtime="20220117 19:51:52.614"/>
</kw>
<msg timestamp="20220117 19:51:52.615" level="INFO">${response} = &lt;Response [200]&gt;</msg>
<status status="PASS" starttime="20220117 19:51:50.972" endtime="20220117 19:51:52.615"/>
</kw>
<kw name="Set Variable" library="BuiltIn">
<var>${result}</var>
<arg>${EMPTY}</arg>
<doc>Returns the given values which can then be assigned to a variables.</doc>
<msg timestamp="20220117 19:51:52.616" level="INFO">${result} = </msg>
<status status="PASS" starttime="20220117 19:51:52.615" endtime="20220117 19:51:52.616"/>
</kw>
<if>
<branch type="IF" condition="&quot;200&quot; in &quot;${response}&quot;">
<kw name="Set Variable" library="BuiltIn">
<var>${result}</var>
<arg>Bearer ${response.json()}[token]</arg>
<doc>Returns the given values which can then be assigned to a variables.</doc>
<msg timestamp="20220117 19:51:52.618" level="INFO">${result} = Bearer eyJhbGciOiJIUzI1NiIsInR5cCI6IkpXVCJ9.eyJpZCI6MzcwLCJpYXQiOjE2NDI0NTk5NTgsImV4cCI6MTY0MzMyMzk1OH0.rgKvINDL1CqURVRevDL9QjsTZIByTHkFrReSutkgCRQ</msg>
<status status="PASS" starttime="20220117 19:51:52.617" endtime="20220117 19:51:52.618"/>
</kw>
<status status="PASS" starttime="20220117 19:51:52.616" endtime="20220117 19:51:52.618"/>
</branch>
<status status="PASS" starttime="20220117 19:51:52.616" endtime="20220117 19:51:52.618"/>
</if>
<msg timestamp="20220117 19:51:52.619" level="INFO">${token} = Bearer eyJhbGciOiJIUzI1NiIsInR5cCI6IkpXVCJ9.eyJpZCI6MzcwLCJpYXQiOjE2NDI0NTk5NTgsImV4cCI6MTY0MzMyMzk1OH0.rgKvINDL1CqURVRevDL9QjsTZIByTHkFrReSutkgCRQ</msg>
<status status="PASS" starttime="20220117 19:51:50.969" endtime="20220117 19:51:52.619"/>
</kw>
<kw name="POST Geek" library="GeeksRoute">
<arg>${token}</arg>
<arg>${geek}[geek_profile]</arg>
<kw name="Create Dictionary" library="BuiltIn">
<var>${headers}</var>
<arg>Authorization=${token}</arg>
<doc>Creates and returns a dictionary based on the given ``items``.</doc>
<msg timestamp="20220117 19:51:52.620" level="INFO">${headers} = {'Authorization': 'Bearer eyJhbGciOiJIUzI1NiIsInR5cCI6IkpXVCJ9.eyJpZCI6MzcwLCJpYXQiOjE2NDI0NTk5NTgsImV4cCI6MTY0MzMyMzk1OH0.rgKvINDL1CqURVRevDL9QjsTZIByTHkFrReSutkgCRQ'}</msg>
<status status="PASS" starttime="20220117 19:51:52.620" endtime="20220117 19:51:52.620"/>
</kw>
<kw name="POST" library="RequestsLibrary">
<var>${response}</var>
<arg>${API_GEEKS}/geeks</arg>
<arg>json=${payload}</arg>
<arg>headers=${headers}</arg>
<arg>expected_status=any</arg>
<doc>Sends a POST request.</doc>
<msg timestamp="20220117 19:52:00.623" level="INFO">POST Request : url=https://getgeeks-geeks-vivis.herokuapp.com/geeks 
 path_url=/geeks 
 headers={'User-Agent': 'python-requests/2.27.1', 'Accept-Encoding': 'gzip, deflate', 'Accept': '*/*', 'Connection': 'keep-alive', 'Authorization': 'Bearer eyJhbGciOiJIUzI1NiIsInR5cCI6IkpXVCJ9.eyJpZCI6MzcwLCJpYXQiOjE2NDI0NTk5NTgsImV4cCI6MTY0MzMyMzk1OH0.rgKvINDL1CqURVRevDL9QjsTZIByTHkFrReSutkgCRQ', 'Content-Length': '318', 'Content-Type': 'application/json'} 
 body=b'{"whatsapp": "31999999999", "desc": "Instalado e fa\\u00e7o manuten\\u00e7\\u00e3o em qualquer tipo de impressora, matricial padr\\u00e3o, matricial fiscal, a jato, a cera, a laser e at\\u00e9 3D. Tamb\\u00e9m fa\\u00e7o remold de fitas coloridas para Epson LX300. ", "printer_repair": "Sim", "work": "Remoto", "cost": "120"}' 
 </msg>
<msg timestamp="20220117 19:52:00.624" level="INFO">POST Response : url=https://getgeeks-geeks-vivis.herokuapp.com/geeks 
 status=201, reason=Created 
 headers={'Server': 'Cowboy', 'Connection': 'keep-alive', 'X-Powered-By': 'Express', 'Access-Control-Allow-Origin': '*', 'Date': 'Mon, 17 Jan 2022 22:52:46 GMT', 'Content-Length': '0', 'Via': '1.1 vegur'} 
 body=None 
 </msg>
<msg timestamp="20220117 19:52:00.624" level="INFO">${response} = &lt;Response [201]&gt;</msg>
<status status="PASS" starttime="20220117 19:51:52.620" endtime="20220117 19:52:00.624"/>
</kw>
<status status="PASS" starttime="20220117 19:51:52.619" endtime="20220117 19:52:00.625"/>
</kw>
<status status="PASS" starttime="20220117 19:51:48.857" endtime="20220117 19:52:00.625"/>
</iter>
<status status="PASS" starttime="20220117 19:51:31.211" endtime="20220117 19:52:00.625"/>
</for>
<kw name="POST User" library="UsersRoute">
<arg>${data}[user]</arg>
<kw name="POST" library="RequestsLibrary">
<var>${response}</var>
<arg>${API_USERS}/users</arg>
<arg>json=${payload}</arg>
<arg>expected_status=any</arg>
<doc>Sends a POST request.</doc>
<msg timestamp="20220117 19:52:01.964" level="INFO">POST Request : url=https://getgeeks-users-vivis.herokuapp.com/users 
 path_url=/users 
 headers={'User-Agent': 'python-requests/2.27.1', 'Accept-Encoding': 'gzip, deflate', 'Accept': '*/*', 'Connection': 'keep-alive', 'Content-Length': '74', 'Content-Type': 'application/json'} 
 body=b'{"name": "Peter Quill", "email": "quill@marvel.com", "password": "pwd123"}' 
 </msg>
<msg timestamp="20220117 19:52:01.964" level="INFO">POST Response : url=https://getgeeks-users-vivis.herokuapp.com/users 
 status=400, reason=Bad Request 
 headers={'Server': 'Cowboy', 'Connection': 'keep-alive', 'X-Powered-By': 'Express', 'Access-Control-Allow-Origin': '*', 'Content-Type': 'application/json; charset=utf-8', 'Content-Length': '31', 'Etag': 'W/"1f-lFUySNKwX3L5eGEwGcNcUoVKWhE"', 'Date': 'Mon, 17 Jan 2022 22:52:47 GMT', 'Via': '1.1 vegur'} 
 body={"error":"User already exists"} 
 </msg>
<msg timestamp="20220117 19:52:01.965" level="INFO">${response} = &lt;Response [400]&gt;</msg>
<status status="PASS" starttime="20220117 19:52:00.626" endtime="20220117 19:52:01.965"/>
</kw>
<status status="PASS" starttime="20220117 19:52:00.626" endtime="20220117 19:52:01.965"/>
</kw>
<kw name="Get Token" library="Helpers">
<var>${token}</var>
<arg>${data}[user]</arg>
<kw name="Create Dictionary" library="BuiltIn">
<var>${payload}</var>
<arg>email=${user}[email]</arg>
<arg>password=${user}[password]</arg>
<doc>Creates and returns a dictionary based on the given ``items``.</doc>
<msg timestamp="20220117 19:52:01.970" level="INFO">${payload} = {'email': 'quill@marvel.com', 'password': 'pwd123'}</msg>
<status status="PASS" starttime="20220117 19:52:01.969" endtime="20220117 19:52:01.970"/>
</kw>
<kw name="POST Session" library="SessionsRoute">
<var>${response}</var>
<arg>${payload}</arg>
<kw name="POST" library="RequestsLibrary">
<var>${response}</var>
<arg>${API_USERS}/sessions</arg>
<arg>json=${payload}</arg>
<arg>expected_status=any</arg>
<doc>Sends a POST request.</doc>
<msg timestamp="20220117 19:52:02.796" level="INFO">POST Request : url=https://getgeeks-users-vivis.herokuapp.com/sessions 
 path_url=/sessions 
 headers={'User-Agent': 'python-requests/2.27.1', 'Accept-Encoding': 'gzip, deflate', 'Accept': '*/*', 'Connection': 'keep-alive', 'Content-Length': '51', 'Content-Type': 'application/json'} 
 body=b'{"email": "quill@marvel.com", "password": "pwd123"}' 
 </msg>
<msg timestamp="20220117 19:52:02.797" level="INFO">POST Response : url=https://getgeeks-users-vivis.herokuapp.com/sessions 
 status=200, reason=OK 
 headers={'Server': 'Cowboy', 'Connection': 'keep-alive', 'X-Powered-By': 'Express', 'Access-Control-Allow-Origin': '*', 'Content-Type': 'application/json; charset=utf-8', 'Content-Length': '362', 'Etag': 'W/"16a-01hknhvREdPuV/8ZbTJKXYxps+g"', 'Date': 'Mon, 17 Jan 2022 22:52:48 GMT', 'Via': '1.1 vegur'} 
 body={"user":{"id":371,"email":"quill@marvel.com","password_hash":"$2b$08$/U5noUSkXAVIzcynme.mXe94exrvzTiuBdiUDGwo4wkPfCxBsuYWa","name":"Peter Quill","avatar":null,"whatsapp":null,"is_geek":false},"token":"eyJhbGciOiJIUzI1NiIsInR5cCI6IkpXVCJ9.eyJpZCI6MzcxLCJpYXQiOjE2NDI0NTk5NjgsImV4cCI6MTY0MzMyMzk2OH0.4OYGptaFQ-_mwsCuI99Z_qBxLt3_cj62vJCXrHddXHs","expires_in":"10d"} 
 </msg>
<msg timestamp="20220117 19:52:02.797" level="INFO">${response} = &lt;Response [200]&gt;</msg>
<status status="PASS" starttime="20220117 19:52:01.972" endtime="20220117 19:52:02.797"/>
</kw>
<msg timestamp="20220117 19:52:02.797" level="INFO">${response} = &lt;Response [200]&gt;</msg>
<status status="PASS" starttime="20220117 19:52:01.970" endtime="20220117 19:52:02.797"/>
</kw>
<kw name="Set Variable" library="BuiltIn">
<var>${result}</var>
<arg>${EMPTY}</arg>
<doc>Returns the given values which can then be assigned to a variables.</doc>
<msg timestamp="20220117 19:52:02.799" level="INFO">${result} = </msg>
<status status="PASS" starttime="20220117 19:52:02.798" endtime="20220117 19:52:02.799"/>
</kw>
<if>
<branch type="IF" condition="&quot;200&quot; in &quot;${response}&quot;">
<kw name="Set Variable" library="BuiltIn">
<var>${result}</var>
<arg>Bearer ${response.json()}[token]</arg>
<doc>Returns the given values which can then be assigned to a variables.</doc>
<msg timestamp="20220117 19:52:02.803" level="INFO">${result} = Bearer eyJhbGciOiJIUzI1NiIsInR5cCI6IkpXVCJ9.eyJpZCI6MzcxLCJpYXQiOjE2NDI0NTk5NjgsImV4cCI6MTY0MzMyMzk2OH0.4OYGptaFQ-_mwsCuI99Z_qBxLt3_cj62vJCXrHddXHs</msg>
<status status="PASS" starttime="20220117 19:52:02.800" endtime="20220117 19:52:02.803"/>
</kw>
<status status="PASS" starttime="20220117 19:52:02.800" endtime="20220117 19:52:02.803"/>
</branch>
<status status="PASS" starttime="20220117 19:52:02.800" endtime="20220117 19:52:02.803"/>
</if>
<msg timestamp="20220117 19:52:02.803" level="INFO">${token} = Bearer eyJhbGciOiJIUzI1NiIsInR5cCI6IkpXVCJ9.eyJpZCI6MzcxLCJpYXQiOjE2NDI0NTk5NjgsImV4cCI6MTY0MzMyMzk2OH0.4OYGptaFQ-_mwsCuI99Z_qBxLt3_cj62vJCXrHddXHs</msg>
<status status="PASS" starttime="20220117 19:52:01.967" endtime="20220117 19:52:02.803"/>
</kw>
<kw name="GET Geeks" library="GeeksRoute">
<var>${response}</var>
<arg>${token}</arg>
<kw name="Create Dictionary" library="BuiltIn">
<var>${headers}</var>
<arg>Authorization=${token}</arg>
<doc>Creates and returns a dictionary based on the given ``items``.</doc>
<msg timestamp="20220117 19:52:02.806" level="INFO">${headers} = {'Authorization': 'Bearer eyJhbGciOiJIUzI1NiIsInR5cCI6IkpXVCJ9.eyJpZCI6MzcxLCJpYXQiOjE2NDI0NTk5NjgsImV4cCI6MTY0MzMyMzk2OH0.4OYGptaFQ-_mwsCuI99Z_qBxLt3_cj62vJCXrHddXHs'}</msg>
<status status="PASS" starttime="20220117 19:52:02.805" endtime="20220117 19:52:02.806"/>
</kw>
<kw name="GET" library="RequestsLibrary">
<var>${response}</var>
<arg>${API_GEEKS}/geeks</arg>
<arg>headers=${headers}</arg>
<arg>expected_status=any</arg>
<doc>Sends a GET request.</doc>
<msg timestamp="20220117 19:52:06.724" level="INFO">GET Request : url=https://getgeeks-geeks-vivis.herokuapp.com/geeks 
 path_url=/geeks 
 headers={'User-Agent': 'python-requests/2.27.1', 'Accept-Encoding': 'gzip, deflate', 'Accept': '*/*', 'Connection': 'keep-alive', 'Authorization': 'Bearer eyJhbGciOiJIUzI1NiIsInR5cCI6IkpXVCJ9.eyJpZCI6MzcxLCJpYXQiOjE2NDI0NTk5NjgsImV4cCI6MTY0MzMyMzk2OH0.4OYGptaFQ-_mwsCuI99Z_qBxLt3_cj62vJCXrHddXHs'} 
 body=None 
 </msg>
<msg timestamp="20220117 19:52:06.724" level="INFO">GET Response : url=https://getgeeks-geeks-vivis.herokuapp.com/geeks 
 status=200, reason=OK 
 headers={'Server': 'Cowboy', 'Connection': 'keep-alive', 'X-Powered-By': 'Express', 'Access-Control-Allow-Origin': '*', 'Content-Type': 'application/json; charset=utf-8', 'Content-Length': '2072', 'Etag': 'W/"818-eslP/wNaIkCxu2itga5kBHmfCgk"', 'Date': 'Mon, 17 Jan 2022 22:52:52 GMT', 'Via': '1.1 vegur'} 
 body={"Geeks":[{"id":382,"desc":"Precisando dar aquela ajeitada no seu computador? Conte comigo para te ajudar, seja um problema se sistema ou alguma peça que não está funcionando como deveria, eu posso te ajudar! Entre em contato e faça o seu orçamento sem compromisso!","printer_repair":"Sim","work":"Presencial","cost":"100.00","user_id":382,"email":"joao@qaninja.com.br","password_hash":"$2b$08$79IETbsaXxj1Gp7lMICGDuAm8nEgjLuyvYb9zBADIsRuY8g5sKHXu","name":"João Lucas","avatar":null,"whatsapp":"11999999999","is_geek":true},{"id":368,"desc":"Seu computador está lento? Reiniciando do nada? Talvez seja um vírus, ou algum hardware com defeito. Posso fazer a manutenção no seu PC, formando, reinstalando o SO, trocando algum componente físico e porque não remover o baidu ou qualquer outro malware.","printer_repair":"Não","work":"Presencial","cost":"100.00","user_id":368,"email":"riri@marvel.com","password_hash":"$2b$08$0DX2wkWj3P7Yp9gcY7ecXeMs.dsqQxMfT36XRDOUFACB/C9wLoXgm","name":"Riri Willians","avatar":null,"whatsapp":"11999999999","is_geek":true},{"id":369,"desc":"Instalo Distros Ubuntu, Debian, ElementaryOS, PopOS, Linux Mint, Kurumin, Mandrake, Connectiva, Fedora, RedHat, CentOS, Slackware, Gentoo, Archlinux, Kubuntu, Xubuntu, Suze, Mandriva, Edubuntu, KateOS, Sabayon Linux, Manjaro Linux, BigLinux, ZorinOS, Unit","printer_repair":"Não","work":"Ambos","cost":"110.00","user_id":369,"email":"zola@hidra.com","password_hash":"$2b$08$kgeZBlRpHw2uG/bcIPTa3eBXFOPVRW0rNKVW3suOHh34uF4L0H6nC","name":"Arnim Zola","avatar":null,"whatsapp":"21999999999","is_geek":true},{"id":370,"desc":"Instalado e faço manutenção em qualquer tipo de impressora, matricial padrão, matricial fiscal, a jato, a cera, a laser e até 3D. Também faço remold de fitas coloridas para Epson LX300. ","printer_repair":"Sim","work":"Remoto","cost":"120.00","user_id":370,"email":"reed@fantastic4.com","password_hash":"$2b$08$.xhKReqTtZXsRkATHXUIb.YxgnAVtVjNTK5ESvJMp81nMwYY.bzgy","name":"Reed Richards","avatar":null,"whatsapp":"31999999999","is_geek":true}],"Count":"4"} 
 </msg>
<msg timestamp="20220117 19:52:06.724" level="INFO">${response} = &lt;Response [200]&gt;</msg>
<status status="PASS" starttime="20220117 19:52:02.806" endtime="20220117 19:52:06.724"/>
</kw>
<msg timestamp="20220117 19:52:06.725" level="INFO">${response} = &lt;Response [200]&gt;</msg>
<status status="PASS" starttime="20220117 19:52:02.804" endtime="20220117 19:52:06.725"/>
</kw>
<kw name="Status Should Be" library="RequestsLibrary">
<arg>200</arg>
<arg>${response}</arg>
<doc>Fails if response status code is different than the expected.</doc>
<status status="PASS" starttime="20220117 19:52:06.726" endtime="20220117 19:52:06.727"/>
</kw>
<kw name="Get Length" library="BuiltIn">
<var>${total}</var>
<arg>${response.json()}[Geeks]</arg>
<doc>Returns and logs the length of the given item as an integer.</doc>
<msg timestamp="20220117 19:52:06.728" level="INFO">Length is 4</msg>
<msg timestamp="20220117 19:52:06.728" level="INFO">${total} = 4</msg>
<status status="PASS" starttime="20220117 19:52:06.727" endtime="20220117 19:52:06.728"/>
</kw>
<kw name="Should Be True" library="BuiltIn">
<arg>${total} &gt; 0</arg>
<doc>Fails if the given condition is not true.</doc>
<status status="PASS" starttime="20220117 19:52:06.729" endtime="20220117 19:52:06.729"/>
</kw>
<tag>tmp</tag>
<status status="PASS" starttime="20220117 19:51:31.209" endtime="20220117 19:52:06.730"/>
</test>
<doc>Geek route test suite</doc>
<status status="PASS" starttime="20220117 19:51:18.763" endtime="20220117 19:52:06.731"/>
</suite>
<suite id="s1-s2" name="Sessions" source="C:\robotframework\getgeeks-gzero\backend\tests\Sessions.robot">
<test id="s1-s2-t1" name="User Session">
<kw name="Factory User Session" library="Users">
<var>${payload}</var>
<arg>signup</arg>
<msg timestamp="20220117 19:52:06.762" level="INFO">${payload} = {'name': ('Kate Bishop',), 'email': ('kate@hotmail.com',), 'password': 'pwd123'}</msg>
<status status="PASS" starttime="20220117 19:52:06.761" endtime="20220117 19:52:06.762"/>
</kw>
<kw name="POST User" library="UsersRoute">
<arg>${payload}</arg>
<kw name="POST" library="RequestsLibrary">
<var>${response}</var>
<arg>${API_USERS}/users</arg>
<arg>json=${payload}</arg>
<arg>expected_status=any</arg>
<doc>Sends a POST request.</doc>
<msg timestamp="20220117 19:52:13.307" level="INFO">POST Request : url=https://getgeeks-users-vivis.herokuapp.com/users 
 path_url=/users 
 headers={'User-Agent': 'python-requests/2.27.1', 'Accept-Encoding': 'gzip, deflate', 'Accept': '*/*', 'Connection': 'keep-alive', 'Content-Length': '78', 'Content-Type': 'application/json'} 
 body=b'{"name": ["Kate Bishop"], "email": ["kate@hotmail.com"], "password": "pwd123"}' 
 </msg>
<msg timestamp="20220117 19:52:13.307" level="INFO">POST Response : url=https://getgeeks-users-vivis.herokuapp.com/users 
 status=400, reason=Bad Request 
 headers={'Server': 'Cowboy', 'Connection': 'keep-alive', 'X-Powered-By': 'Express', 'Access-Control-Allow-Origin': '*', 'Content-Type': 'application/json; charset=utf-8', 'Content-Length': '31', 'Etag': 'W/"1f-lFUySNKwX3L5eGEwGcNcUoVKWhE"', 'Date': 'Mon, 17 Jan 2022 22:52:59 GMT', 'Via': '1.1 vegur'} 
 body={"error":"User already exists"} 
 </msg>
<msg timestamp="20220117 19:52:13.308" level="INFO">${response} = &lt;Response [400]&gt;</msg>
<status status="PASS" starttime="20220117 19:52:06.763" endtime="20220117 19:52:13.308"/>
</kw>
<status status="PASS" starttime="20220117 19:52:06.762" endtime="20220117 19:52:13.309"/>
</kw>
<kw name="Factory User Session" library="Users">
<var>${payload}</var>
<arg>login</arg>
<msg timestamp="20220117 19:52:13.311" level="INFO">${payload} = {'email': ('kate@hotmail.com',), 'password': 'pwd123'}</msg>
<status status="PASS" starttime="20220117 19:52:13.310" endtime="20220117 19:52:13.311"/>
</kw>
<kw name="Create Dictionary" library="BuiltIn">
<var>${headers}</var>
<arg>Content-Type=application/json</arg>
<doc>Creates and returns a dictionary based on the given ``items``.</doc>
<msg timestamp="20220117 19:52:13.314" level="INFO">${headers} = {'Content-Type': 'application/json'}</msg>
<status status="PASS" starttime="20220117 19:52:13.313" endtime="20220117 19:52:13.314"/>
</kw>
<kw name="POST Session" library="SessionsRoute">
<var>${response}</var>
<arg>${payload}</arg>
<kw name="POST" library="RequestsLibrary">
<var>${response}</var>
<arg>${API_USERS}/sessions</arg>
<arg>json=${payload}</arg>
<arg>expected_status=any</arg>
<doc>Sends a POST request.</doc>
<msg timestamp="20220117 19:52:15.848" level="INFO">POST Request : url=https://getgeeks-users-vivis.herokuapp.com/sessions 
 path_url=/sessions 
 headers={'User-Agent': 'python-requests/2.27.1', 'Accept-Encoding': 'gzip, deflate', 'Accept': '*/*', 'Connection': 'keep-alive', 'Content-Length': '53', 'Content-Type': 'application/json'} 
 body=b'{"email": ["kate@hotmail.com"], "password": "pwd123"}' 
 </msg>
<msg timestamp="20220117 19:52:15.848" level="INFO">POST Response : url=https://getgeeks-users-vivis.herokuapp.com/sessions 
 status=200, reason=OK 
 headers={'Server': 'Cowboy', 'Connection': 'keep-alive', 'X-Powered-By': 'Express', 'Access-Control-Allow-Origin': '*', 'Content-Type': 'application/json; charset=utf-8', 'Content-Length': '374', 'Etag': 'W/"176-mO3iTNc6SmGmbvG9r7F3T9OBnb4"', 'Date': 'Mon, 17 Jan 2022 22:53:01 GMT', 'Via': '1.1 vegur'} 
 body={"user":{"id":372,"email":"{\"kate@hotmail.com\"}","password_hash":"$2b$08$lX9LYH5O1JcGKxYHM3V.wO4Z3oaK5QP/z1qQzga5fmVNTVDxRZX2G","name":"{\"Kate Bishop\"}","avatar":null,"whatsapp":null,"is_geek":false},"token":"eyJhbGciOiJIUzI1NiIsInR5cCI6IkpXVCJ9.eyJpZCI6MzcyLCJpYXQiOjE2NDI0NTk5ODEsImV4cCI6MTY0MzMyMzk4MX0.9E8kXNKbVj6wddNEXN9lHgUgavjNbBgP4GwpTOSDgMA","expires_in":"10d"} 
 </msg>
<msg timestamp="20220117 19:52:15.848" level="INFO">${response} = &lt;Response [200]&gt;</msg>
<status status="PASS" starttime="20220117 19:52:13.316" endtime="20220117 19:52:15.848"/>
</kw>
<msg timestamp="20220117 19:52:15.849" level="INFO">${response} = &lt;Response [200]&gt;</msg>
<status status="PASS" starttime="20220117 19:52:13.315" endtime="20220117 19:52:15.849"/>
</kw>
<kw name="Status Should Be" library="RequestsLibrary">
<arg>200</arg>
<arg>${response}</arg>
<doc>Fails if response status code is different than the expected.</doc>
<status status="PASS" starttime="20220117 19:52:15.850" endtime="20220117 19:52:15.850"/>
</kw>
<kw name="Get Length" library="BuiltIn">
<var>${size}</var>
<arg>${response.json()}[token]</arg>
<doc>Returns and logs the length of the given item as an integer.</doc>
<msg timestamp="20220117 19:52:15.854" level="INFO">Length is 140</msg>
<msg timestamp="20220117 19:52:15.854" level="INFO">${size} = 140</msg>
<status status="PASS" starttime="20220117 19:52:15.851" endtime="20220117 19:52:15.854"/>
</kw>
<kw name="Should Be True" library="BuiltIn">
<arg>${size} &gt; 0</arg>
<doc>Fails if the given condition is not true.</doc>
<status status="PASS" starttime="20220117 19:52:15.855" endtime="20220117 19:52:15.856"/>
</kw>
<kw name="Should Be Equal" library="BuiltIn">
<arg>10d</arg>
<arg>${response.json()}[expires_in]</arg>
<doc>Fails if the given objects are unequal.</doc>
<status status="PASS" starttime="20220117 19:52:15.857" endtime="20220117 19:52:15.860"/>
</kw>
<status status="PASS" starttime="20220117 19:52:06.761" endtime="20220117 19:52:15.861"/>
</test>
<test id="s1-s2-t2" name="Should Not Get Token">
<kw name="Attempt POST Session">
<arg>${inv_pass}</arg>
<arg>401</arg>
<arg>Unauthorized</arg>
<kw name="POST Session" library="SessionsRoute">
<var>${response}</var>
<arg>${payload}</arg>
<kw name="POST" library="RequestsLibrary">
<var>${response}</var>
<arg>${API_USERS}/sessions</arg>
<arg>json=${payload}</arg>
<arg>expected_status=any</arg>
<doc>Sends a POST request.</doc>
<msg timestamp="20220117 19:52:17.701" level="INFO">POST Request : url=https://getgeeks-users-vivis.herokuapp.com/sessions 
 path_url=/sessions 
 headers={'User-Agent': 'python-requests/2.27.1', 'Accept-Encoding': 'gzip, deflate', 'Accept': '*/*', 'Connection': 'keep-alive', 'Content-Length': '51', 'Content-Type': 'application/json'} 
 body=b'{"email": "kate@hotmail.com", "password": "abc123"}' 
 </msg>
<msg timestamp="20220117 19:52:17.701" level="INFO">POST Response : url=https://getgeeks-users-vivis.herokuapp.com/sessions 
 status=401, reason=Unauthorized 
 headers={'Server': 'Cowboy', 'Connection': 'keep-alive', 'X-Powered-By': 'Express', 'Access-Control-Allow-Origin': '*', 'Content-Type': 'application/json; charset=utf-8', 'Content-Length': '24', 'Etag': 'W/"18-XPDV80vbMk4yY1/PADG4jYM4rSI"', 'Date': 'Mon, 17 Jan 2022 22:53:03 GMT', 'Via': '1.1 vegur'} 
 body={"error":"Unauthorized"} 
 </msg>
<msg timestamp="20220117 19:52:17.703" level="INFO">${response} = &lt;Response [401]&gt;</msg>
<status status="PASS" starttime="20220117 19:52:15.863" endtime="20220117 19:52:17.703"/>
</kw>
<msg timestamp="20220117 19:52:17.703" level="INFO">${response} = &lt;Response [401]&gt;</msg>
<status status="PASS" starttime="20220117 19:52:15.863" endtime="20220117 19:52:17.703"/>
</kw>
<kw name="Status Should Be" library="RequestsLibrary">
<arg>${status_code}</arg>
<arg>${response}</arg>
<doc>Fails if response status code is different than the expected.</doc>
<status status="PASS" starttime="20220117 19:52:17.703" endtime="20220117 19:52:17.704"/>
</kw>
<kw name="Should Be Equal" library="BuiltIn">
<arg>${error_message}</arg>
<arg>${response.json()}[error]</arg>
<doc>Fails if the given objects are unequal.</doc>
<status status="PASS" starttime="20220117 19:52:17.705" endtime="20220117 19:52:17.707"/>
</kw>
<status status="PASS" starttime="20220117 19:52:15.862" endtime="20220117 19:52:17.707"/>
</kw>
<kw name="Attempt POST Session">
<arg>${inv_email}</arg>
<arg>400</arg>
<arg>Incorrect email</arg>
<kw name="POST Session" library="SessionsRoute">
<var>${response}</var>
<arg>${payload}</arg>
<kw name="POST" library="RequestsLibrary">
<var>${response}</var>
<arg>${API_USERS}/sessions</arg>
<arg>json=${payload}</arg>
<arg>expected_status=any</arg>
<doc>Sends a POST request.</doc>
<msg timestamp="20220117 19:52:19.273" level="INFO">POST Request : url=https://getgeeks-users-vivis.herokuapp.com/sessions 
 path_url=/sessions 
 headers={'User-Agent': 'python-requests/2.27.1', 'Accept-Encoding': 'gzip, deflate', 'Accept': '*/*', 'Connection': 'keep-alive', 'Content-Length': '46', 'Content-Type': 'application/json'} 
 body=b'{"email": "kate.com.br", "password": "pwd123"}' 
 </msg>
<msg timestamp="20220117 19:52:19.273" level="INFO">POST Response : url=https://getgeeks-users-vivis.herokuapp.com/sessions 
 status=400, reason=Bad Request 
 headers={'Server': 'Cowboy', 'Connection': 'keep-alive', 'X-Powered-By': 'Express', 'Access-Control-Allow-Origin': '*', 'Content-Type': 'application/json; charset=utf-8', 'Content-Length': '27', 'Etag': 'W/"1b-/TOfJuE8lwSWEXvBl7o6iRstTo0"', 'Date': 'Mon, 17 Jan 2022 22:53:05 GMT', 'Via': '1.1 vegur'} 
 body={"error":"Incorrect email"} 
 </msg>
<msg timestamp="20220117 19:52:19.274" level="INFO">${response} = &lt;Response [400]&gt;</msg>
<status status="PASS" starttime="20220117 19:52:17.709" endtime="20220117 19:52:19.274"/>
</kw>
<msg timestamp="20220117 19:52:19.275" level="INFO">${response} = &lt;Response [400]&gt;</msg>
<status status="PASS" starttime="20220117 19:52:17.708" endtime="20220117 19:52:19.275"/>
</kw>
<kw name="Status Should Be" library="RequestsLibrary">
<arg>${status_code}</arg>
<arg>${response}</arg>
<doc>Fails if response status code is different than the expected.</doc>
<status status="PASS" starttime="20220117 19:52:19.275" endtime="20220117 19:52:19.277"/>
</kw>
<kw name="Should Be Equal" library="BuiltIn">
<arg>${error_message}</arg>
<arg>${response.json()}[error]</arg>
<doc>Fails if the given objects are unequal.</doc>
<status status="PASS" starttime="20220117 19:52:19.277" endtime="20220117 19:52:19.280"/>
</kw>
<status status="PASS" starttime="20220117 19:52:17.708" endtime="20220117 19:52:19.281"/>
</kw>
<kw name="Attempt POST Session">
<arg>${email_404}</arg>
<arg>401</arg>
<arg>Unauthorized</arg>
<kw name="POST Session" library="SessionsRoute">
<var>${response}</var>
<arg>${payload}</arg>
<kw name="POST" library="RequestsLibrary">
<var>${response}</var>
<arg>${API_USERS}/sessions</arg>
<arg>json=${payload}</arg>
<arg>expected_status=any</arg>
<doc>Sends a POST request.</doc>
<msg timestamp="20220117 19:52:22.198" level="INFO">POST Request : url=https://getgeeks-users-vivis.herokuapp.com/sessions 
 path_url=/sessions 
 headers={'User-Agent': 'python-requests/2.27.1', 'Accept-Encoding': 'gzip, deflate', 'Accept': '*/*', 'Connection': 'keep-alive', 'Content-Length': '47', 'Content-Type': 'application/json'} 
 body=b'{"email": "kate@404.com", "password": "pwd123"}' 
 </msg>
<msg timestamp="20220117 19:52:22.198" level="INFO">POST Response : url=https://getgeeks-users-vivis.herokuapp.com/sessions 
 status=401, reason=Unauthorized 
 headers={'Server': 'Cowboy', 'Connection': 'keep-alive', 'X-Powered-By': 'Express', 'Access-Control-Allow-Origin': '*', 'Content-Type': 'application/json; charset=utf-8', 'Content-Length': '24', 'Etag': 'W/"18-XPDV80vbMk4yY1/PADG4jYM4rSI"', 'Date': 'Mon, 17 Jan 2022 22:53:07 GMT', 'Via': '1.1 vegur'} 
 body={"error":"Unauthorized"} 
 </msg>
<msg timestamp="20220117 19:52:22.198" level="INFO">${response} = &lt;Response [401]&gt;</msg>
<status status="PASS" starttime="20220117 19:52:19.285" endtime="20220117 19:52:22.199"/>
</kw>
<msg timestamp="20220117 19:52:22.200" level="INFO">${response} = &lt;Response [401]&gt;</msg>
<status status="PASS" starttime="20220117 19:52:19.284" endtime="20220117 19:52:22.200"/>
</kw>
<kw name="Status Should Be" library="RequestsLibrary">
<arg>${status_code}</arg>
<arg>${response}</arg>
<doc>Fails if response status code is different than the expected.</doc>
<status status="PASS" starttime="20220117 19:52:22.200" endtime="20220117 19:52:22.201"/>
</kw>
<kw name="Should Be Equal" library="BuiltIn">
<arg>${error_message}</arg>
<arg>${response.json()}[error]</arg>
<doc>Fails if the given objects are unequal.</doc>
<status status="PASS" starttime="20220117 19:52:22.201" endtime="20220117 19:52:22.203"/>
</kw>
<status status="PASS" starttime="20220117 19:52:19.283" endtime="20220117 19:52:22.203"/>
</kw>
<kw name="Attempt POST Session">
<arg>${empty_email}</arg>
<arg>400</arg>
<arg>Required email</arg>
<kw name="POST Session" library="SessionsRoute">
<var>${response}</var>
<arg>${payload}</arg>
<kw name="POST" library="RequestsLibrary">
<var>${response}</var>
<arg>${API_USERS}/sessions</arg>
<arg>json=${payload}</arg>
<arg>expected_status=any</arg>
<doc>Sends a POST request.</doc>
<msg timestamp="20220117 19:52:24.563" level="INFO">POST Request : url=https://getgeeks-users-vivis.herokuapp.com/sessions 
 path_url=/sessions 
 headers={'User-Agent': 'python-requests/2.27.1', 'Accept-Encoding': 'gzip, deflate', 'Accept': '*/*', 'Connection': 'keep-alive', 'Content-Length': '35', 'Content-Type': 'application/json'} 
 body=b'{"email": "", "password": "pwd123"}' 
 </msg>
<msg timestamp="20220117 19:52:24.563" level="INFO">POST Response : url=https://getgeeks-users-vivis.herokuapp.com/sessions 
 status=400, reason=Bad Request 
 headers={'Server': 'Cowboy', 'Connection': 'keep-alive', 'X-Powered-By': 'Express', 'Access-Control-Allow-Origin': '*', 'Content-Type': 'application/json; charset=utf-8', 'Content-Length': '26', 'Etag': 'W/"1a-ztWLEO5pP/4DOQYYgf8vh7rMmRI"', 'Date': 'Mon, 17 Jan 2022 22:53:10 GMT', 'Via': '1.1 vegur'} 
 body={"error":"Required email"} 
 </msg>
<msg timestamp="20220117 19:52:24.564" level="INFO">${response} = &lt;Response [400]&gt;</msg>
<status status="PASS" starttime="20220117 19:52:22.207" endtime="20220117 19:52:24.564"/>
</kw>
<msg timestamp="20220117 19:52:24.564" level="INFO">${response} = &lt;Response [400]&gt;</msg>
<status status="PASS" starttime="20220117 19:52:22.206" endtime="20220117 19:52:24.564"/>
</kw>
<kw name="Status Should Be" library="RequestsLibrary">
<arg>${status_code}</arg>
<arg>${response}</arg>
<doc>Fails if response status code is different than the expected.</doc>
<status status="PASS" starttime="20220117 19:52:24.565" endtime="20220117 19:52:24.565"/>
</kw>
<kw name="Should Be Equal" library="BuiltIn">
<arg>${error_message}</arg>
<arg>${response.json()}[error]</arg>
<doc>Fails if the given objects are unequal.</doc>
<status status="PASS" starttime="20220117 19:52:24.566" endtime="20220117 19:52:24.567"/>
</kw>
<status status="PASS" starttime="20220117 19:52:22.205" endtime="20220117 19:52:24.568"/>
</kw>
<kw name="Attempt POST Session">
<arg>${wo_email}</arg>
<arg>400</arg>
<arg>Required email</arg>
<kw name="POST Session" library="SessionsRoute">
<var>${response}</var>
<arg>${payload}</arg>
<kw name="POST" library="RequestsLibrary">
<var>${response}</var>
<arg>${API_USERS}/sessions</arg>
<arg>json=${payload}</arg>
<arg>expected_status=any</arg>
<doc>Sends a POST request.</doc>
<msg timestamp="20220117 19:52:26.372" level="INFO">POST Request : url=https://getgeeks-users-vivis.herokuapp.com/sessions 
 path_url=/sessions 
 headers={'User-Agent': 'python-requests/2.27.1', 'Accept-Encoding': 'gzip, deflate', 'Accept': '*/*', 'Connection': 'keep-alive', 'Content-Length': '22', 'Content-Type': 'application/json'} 
 body=b'{"password": "pwd123"}' 
 </msg>
<msg timestamp="20220117 19:52:26.372" level="INFO">POST Response : url=https://getgeeks-users-vivis.herokuapp.com/sessions 
 status=400, reason=Bad Request 
 headers={'Server': 'Cowboy', 'Connection': 'keep-alive', 'X-Powered-By': 'Express', 'Access-Control-Allow-Origin': '*', 'Content-Type': 'application/json; charset=utf-8', 'Content-Length': '26', 'Etag': 'W/"1a-ztWLEO5pP/4DOQYYgf8vh7rMmRI"', 'Date': 'Mon, 17 Jan 2022 22:53:12 GMT', 'Via': '1.1 vegur'} 
 body={"error":"Required email"} 
 </msg>
<msg timestamp="20220117 19:52:26.372" level="INFO">${response} = &lt;Response [400]&gt;</msg>
<status status="PASS" starttime="20220117 19:52:24.570" endtime="20220117 19:52:26.372"/>
</kw>
<msg timestamp="20220117 19:52:26.373" level="INFO">${response} = &lt;Response [400]&gt;</msg>
<status status="PASS" starttime="20220117 19:52:24.569" endtime="20220117 19:52:26.373"/>
</kw>
<kw name="Status Should Be" library="RequestsLibrary">
<arg>${status_code}</arg>
<arg>${response}</arg>
<doc>Fails if response status code is different than the expected.</doc>
<status status="PASS" starttime="20220117 19:52:26.373" endtime="20220117 19:52:26.373"/>
</kw>
<kw name="Should Be Equal" library="BuiltIn">
<arg>${error_message}</arg>
<arg>${response.json()}[error]</arg>
<doc>Fails if the given objects are unequal.</doc>
<status status="PASS" starttime="20220117 19:52:26.374" endtime="20220117 19:52:26.375"/>
</kw>
<status status="PASS" starttime="20220117 19:52:24.568" endtime="20220117 19:52:26.375"/>
</kw>
<kw name="Attempt POST Session">
<arg>${empty_pass}</arg>
<arg>400</arg>
<arg>Required pass</arg>
<kw name="POST Session" library="SessionsRoute">
<var>${response}</var>
<arg>${payload}</arg>
<kw name="POST" library="RequestsLibrary">
<var>${response}</var>
<arg>${API_USERS}/sessions</arg>
<arg>json=${payload}</arg>
<arg>expected_status=any</arg>
<doc>Sends a POST request.</doc>
<msg timestamp="20220117 19:52:27.626" level="INFO">POST Request : url=https://getgeeks-users-vivis.herokuapp.com/sessions 
 path_url=/sessions 
 headers={'User-Agent': 'python-requests/2.27.1', 'Accept-Encoding': 'gzip, deflate', 'Accept': '*/*', 'Connection': 'keep-alive', 'Content-Length': '45', 'Content-Type': 'application/json'} 
 body=b'{"email": "kate@hotmail.com", "password": ""}' 
 </msg>
<msg timestamp="20220117 19:52:27.626" level="INFO">POST Response : url=https://getgeeks-users-vivis.herokuapp.com/sessions 
 status=400, reason=Bad Request 
 headers={'Server': 'Cowboy', 'Connection': 'keep-alive', 'X-Powered-By': 'Express', 'Access-Control-Allow-Origin': '*', 'Content-Type': 'application/json; charset=utf-8', 'Content-Length': '25', 'Etag': 'W/"19-XQPKZGB2rC+TLudFQKbwFLPwbR0"', 'Date': 'Mon, 17 Jan 2022 22:53:13 GMT', 'Via': '1.1 vegur'} 
 body={"error":"Required pass"} 
 </msg>
<msg timestamp="20220117 19:52:27.626" level="INFO">${response} = &lt;Response [400]&gt;</msg>
<status status="PASS" starttime="20220117 19:52:26.377" endtime="20220117 19:52:27.626"/>
</kw>
<msg timestamp="20220117 19:52:27.627" level="INFO">${response} = &lt;Response [400]&gt;</msg>
<status status="PASS" starttime="20220117 19:52:26.376" endtime="20220117 19:52:27.627"/>
</kw>
<kw name="Status Should Be" library="RequestsLibrary">
<arg>${status_code}</arg>
<arg>${response}</arg>
<doc>Fails if response status code is different than the expected.</doc>
<status status="PASS" starttime="20220117 19:52:27.627" endtime="20220117 19:52:27.628"/>
</kw>
<kw name="Should Be Equal" library="BuiltIn">
<arg>${error_message}</arg>
<arg>${response.json()}[error]</arg>
<doc>Fails if the given objects are unequal.</doc>
<status status="PASS" starttime="20220117 19:52:27.628" endtime="20220117 19:52:27.629"/>
</kw>
<status status="PASS" starttime="20220117 19:52:26.376" endtime="20220117 19:52:27.630"/>
</kw>
<kw name="Attempt POST Session">
<arg>${wo_pass}</arg>
<arg>400</arg>
<arg>Required pass</arg>
<kw name="POST Session" library="SessionsRoute">
<var>${response}</var>
<arg>${payload}</arg>
<kw name="POST" library="RequestsLibrary">
<var>${response}</var>
<arg>${API_USERS}/sessions</arg>
<arg>json=${payload}</arg>
<arg>expected_status=any</arg>
<doc>Sends a POST request.</doc>
<msg timestamp="20220117 19:52:29.561" level="INFO">POST Request : url=https://getgeeks-users-vivis.herokuapp.com/sessions 
 path_url=/sessions 
 headers={'User-Agent': 'python-requests/2.27.1', 'Accept-Encoding': 'gzip, deflate', 'Accept': '*/*', 'Connection': 'keep-alive', 'Content-Length': '29', 'Content-Type': 'application/json'} 
 body=b'{"email": "kate@hotmail.com"}' 
 </msg>
<msg timestamp="20220117 19:52:29.561" level="INFO">POST Response : url=https://getgeeks-users-vivis.herokuapp.com/sessions 
 status=400, reason=Bad Request 
 headers={'Server': 'Cowboy', 'Connection': 'keep-alive', 'X-Powered-By': 'Express', 'Access-Control-Allow-Origin': '*', 'Content-Type': 'application/json; charset=utf-8', 'Content-Length': '25', 'Etag': 'W/"19-XQPKZGB2rC+TLudFQKbwFLPwbR0"', 'Date': 'Mon, 17 Jan 2022 22:53:15 GMT', 'Via': '1.1 vegur'} 
 body={"error":"Required pass"} 
 </msg>
<msg timestamp="20220117 19:52:29.561" level="INFO">${response} = &lt;Response [400]&gt;</msg>
<status status="PASS" starttime="20220117 19:52:27.631" endtime="20220117 19:52:29.561"/>
</kw>
<msg timestamp="20220117 19:52:29.562" level="INFO">${response} = &lt;Response [400]&gt;</msg>
<status status="PASS" starttime="20220117 19:52:27.631" endtime="20220117 19:52:29.562"/>
</kw>
<kw name="Status Should Be" library="RequestsLibrary">
<arg>${status_code}</arg>
<arg>${response}</arg>
<doc>Fails if response status code is different than the expected.</doc>
<status status="PASS" starttime="20220117 19:52:29.562" endtime="20220117 19:52:29.562"/>
</kw>
<kw name="Should Be Equal" library="BuiltIn">
<arg>${error_message}</arg>
<arg>${response.json()}[error]</arg>
<doc>Fails if the given objects are unequal.</doc>
<status status="PASS" starttime="20220117 19:52:29.562" endtime="20220117 19:52:29.564"/>
</kw>
[...]
 </msg>
<msg timestamp="20220117 19:52:43.614" level="INFO">${response} = &lt;Response [200]&gt;</msg>
<status status="PASS" starttime="20220117 19:52:42.260" endtime="20220117 19:52:43.614"/>
</kw>
<msg timestamp="20220117 19:52:43.615" level="INFO">${response} = &lt;Response [200]&gt;</msg>
<status status="PASS" starttime="20220117 19:52:42.259" endtime="20220117 19:52:43.615"/>
</kw>
<kw name="Set Variable" library="BuiltIn">
<var>${result}</var>
<arg>${EMPTY}</arg>
<doc>Returns the given values which can then be assigned to a variables.</doc>
<msg timestamp="20220117 19:52:43.617" level="INFO">${result} = </msg>
<status status="PASS" starttime="20220117 19:52:43.615" endtime="20220117 19:52:43.617"/>
</kw>
<if>
<branch type="IF" condition="&quot;200&quot; in &quot;${response}&quot;">
<kw name="Set Variable" library="BuiltIn">
<var>${result}</var>
<arg>Bearer ${response.json()}[token]</arg>
<doc>Returns the given values which can then be assigned to a variables.</doc>
<msg timestamp="20220117 19:52:43.619" level="INFO">${result} = Bearer eyJhbGciOiJIUzI1NiIsInR5cCI6IkpXVCJ9.eyJpZCI6Mzg0LCJpYXQiOjE2NDI0NjAwMDksImV4cCI6MTY0MzMyNDAwOX0._NlezouRZEPvdu5wnFjKgqgYowzdFCEvQymQ3G7vI5w</msg>
<status status="PASS" starttime="20220117 19:52:43.617" endtime="20220117 19:52:43.619"/>
</kw>
<status status="PASS" starttime="20220117 19:52:43.617" endtime="20220117 19:52:43.619"/>
</branch>
<status status="PASS" starttime="20220117 19:52:43.617" endtime="20220117 19:52:43.619"/>
</if>
<msg timestamp="20220117 19:52:43.619" level="INFO">${token} = Bearer eyJhbGciOiJIUzI1NiIsInR5cCI6IkpXVCJ9.eyJpZCI6Mzg0LCJpYXQiOjE2NDI0NjAwMDksImV4cCI6MTY0MzMyNDAwOX0._NlezouRZEPvdu5wnFjKgqgYowzdFCEvQymQ3G7vI5w</msg>
<status status="PASS" starttime="20220117 19:52:42.257" endtime="20220117 19:52:43.619"/>
</kw>
<kw name="DELETE User" library="UsersRoute">
<var>${response}</var>
<arg>${token}</arg>
<kw name="Create Dictionary" library="BuiltIn">
<var>${headers}</var>
<arg>Authorization=${token}</arg>
<doc>Creates and returns a dictionary based on the given ``items``.</doc>
<msg timestamp="20220117 19:52:43.621" level="INFO">${headers} = {'Authorization': 'Bearer eyJhbGciOiJIUzI1NiIsInR5cCI6IkpXVCJ9.eyJpZCI6Mzg0LCJpYXQiOjE2NDI0NjAwMDksImV4cCI6MTY0MzMyNDAwOX0._NlezouRZEPvdu5wnFjKgqgYowzdFCEvQymQ3G7vI5w'}</msg>
<status status="PASS" starttime="20220117 19:52:43.621" endtime="20220117 19:52:43.622"/>
</kw>
<kw name="DELETE" library="RequestsLibrary">
<var>${response}</var>
<arg>${API_USERS}/users</arg>
<arg>headers=${headers}</arg>
<arg>expected_status=any</arg>
<doc>Sends a DELETE request.</doc>
<msg timestamp="20220117 19:52:44.431" level="INFO">DELETE Request : url=https://getgeeks-users-vivis.herokuapp.com/users 
 path_url=/users 
 headers={'User-Agent': 'python-requests/2.27.1', 'Accept-Encoding': 'gzip, deflate', 'Accept': '*/*', 'Connection': 'keep-alive', 'Authorization': 'Bearer eyJhbGciOiJIUzI1NiIsInR5cCI6IkpXVCJ9.eyJpZCI6Mzg0LCJpYXQiOjE2NDI0NjAwMDksImV4cCI6MTY0MzMyNDAwOX0._NlezouRZEPvdu5wnFjKgqgYowzdFCEvQymQ3G7vI5w', 'Content-Length': '0'} 
 body=None 
 </msg>
<msg timestamp="20220117 19:52:44.431" level="INFO">DELETE Response : url=https://getgeeks-users-vivis.herokuapp.com/users 
 status=204, reason=No Content 
 headers={'Server': 'Cowboy', 'Content-Length': '0', 'Connection': 'keep-alive', 'X-Powered-By': 'Express', 'Access-Control-Allow-Origin': '*', 'Date': 'Mon, 17 Jan 2022 22:53:30 GMT', 'Via': '1.1 vegur'} 
 body=None 
 </msg>
<msg timestamp="20220117 19:52:44.431" level="INFO">${response} = &lt;Response [204]&gt;</msg>
<status status="PASS" starttime="20220117 19:52:43.622" endtime="20220117 19:52:44.431"/>
</kw>
<msg timestamp="20220117 19:52:44.432" level="INFO">${response} = &lt;Response [204]&gt;</msg>
<status status="PASS" starttime="20220117 19:52:43.620" endtime="20220117 19:52:44.432"/>
</kw>
<kw name="Status Should Be" library="RequestsLibrary">
<arg>204</arg>
<arg>${response}</arg>
<doc>Fails if response status code is different than the expected.</doc>
<status status="PASS" starttime="20220117 19:52:44.434" endtime="20220117 19:52:44.434"/>
</kw>
<kw name="GET User" library="UsersRoute">
<var>${response}</var>
<arg>${token}</arg>
<kw name="Create Dictionary" library="BuiltIn">
<var>${headers}</var>
<arg>Authorization=${token}</arg>
<doc>Creates and returns a dictionary based on the given ``items``.</doc>
<msg timestamp="20220117 19:52:44.437" level="INFO">${headers} = {'Authorization': 'Bearer eyJhbGciOiJIUzI1NiIsInR5cCI6IkpXVCJ9.eyJpZCI6Mzg0LCJpYXQiOjE2NDI0NjAwMDksImV4cCI6MTY0MzMyNDAwOX0._NlezouRZEPvdu5wnFjKgqgYowzdFCEvQymQ3G7vI5w'}</msg>
<status status="PASS" starttime="20220117 19:52:44.436" endtime="20220117 19:52:44.437"/>
</kw>
<kw name="GET" library="RequestsLibrary">
<var>${response}</var>
<arg>${API_USERS}/users</arg>
<arg>headers=${headers}</arg>
<arg>expected_status=any</arg>
<doc>Sends a GET request.</doc>
<msg timestamp="20220117 19:52:47.587" level="INFO">GET Request : url=https://getgeeks-users-vivis.herokuapp.com/users 
 path_url=/users 
 headers={'User-Agent': 'python-requests/2.27.1', 'Accept-Encoding': 'gzip, deflate', 'Accept': '*/*', 'Connection': 'keep-alive', 'Authorization': 'Bearer eyJhbGciOiJIUzI1NiIsInR5cCI6IkpXVCJ9.eyJpZCI6Mzg0LCJpYXQiOjE2NDI0NjAwMDksImV4cCI6MTY0MzMyNDAwOX0._NlezouRZEPvdu5wnFjKgqgYowzdFCEvQymQ3G7vI5w'} 
 body=None 
 </msg>
<msg timestamp="20220117 19:52:47.587" level="INFO">GET Response : url=https://getgeeks-users-vivis.herokuapp.com/users 
 status=404, reason=Not Found 
 headers={'Server': 'Cowboy', 'Connection': 'keep-alive', 'X-Powered-By': 'Express', 'Access-Control-Allow-Origin': '*', 'Date': 'Mon, 17 Jan 2022 22:53:33 GMT', 'Content-Length': '0', 'Via': '1.1 vegur'} 
 body=None 
 </msg>
<msg timestamp="20220117 19:52:47.587" level="INFO">${response} = &lt;Response [404]&gt;</msg>
<status status="PASS" starttime="20220117 19:52:44.437" endtime="20220117 19:52:47.587"/>
</kw>
<msg timestamp="20220117 19:52:47.587" level="INFO">${response} = &lt;Response [404]&gt;</msg>
<status status="PASS" starttime="20220117 19:52:44.435" endtime="20220117 19:52:47.587"/>
</kw>
<kw name="Status Should Be" library="RequestsLibrary">
<arg>404</arg>
<arg>${response}</arg>
<doc>Fails if response status code is different than the expected.</doc>
<status status="PASS" starttime="20220117 19:52:47.588" endtime="20220117 19:52:47.589"/>
</kw>
<status status="PASS" starttime="20220117 19:52:40.955" endtime="20220117 19:52:47.589"/>
</test>
<test id="s1-s3-t4" name="Update User">
<kw name="Factory Update User" library="Users">
<var>${user}</var>
<msg timestamp="20220117 19:52:47.590" level="INFO">${user} = {'before': {'name': 'Monteiro Vivi', 'email': 'vivismonteiro@gmail.com', 'password': 'pwd123'}, 'after': {'name': 'Vivis Monteiro', 'email': 'vivismonteiro@gmail.com', 'whatsapp': '11999999999', 'avat...</msg>
<status status="PASS" starttime="20220117 19:52:47.590" endtime="20220117 19:52:47.590"/>
</kw>
<kw name="POST User" library="UsersRoute">
<arg>${user}[before]</arg>
<kw name="POST" library="RequestsLibrary">
<var>${response}</var>
<arg>${API_USERS}/users</arg>
<arg>json=${payload}</arg>
<arg>expected_status=any</arg>
<doc>Sends a POST request.</doc>
<msg timestamp="20220117 19:52:50.988" level="INFO">POST Request : url=https://getgeeks-users-vivis.herokuapp.com/users 
 path_url=/users 
 headers={'User-Agent': 'python-requests/2.27.1', 'Accept-Encoding': 'gzip, deflate', 'Accept': '*/*', 'Connection': 'keep-alive', 'Content-Length': '83', 'Content-Type': 'application/json'} 
 body=b'{"name": "Monteiro Vivi", "email": "vivismonteiro@gmail.com", "password": "pwd123"}' 
 </msg>
<msg timestamp="20220117 19:52:50.989" level="INFO">POST Response : url=https://getgeeks-users-vivis.herokuapp.com/users 
 status=400, reason=Bad Request 
 headers={'Server': 'Cowboy', 'Connection': 'keep-alive', 'X-Powered-By': 'Express', 'Access-Control-Allow-Origin': '*', 'Content-Type': 'application/json; charset=utf-8', 'Content-Length': '31', 'Etag': 'W/"1f-lFUySNKwX3L5eGEwGcNcUoVKWhE"', 'Date': 'Mon, 17 Jan 2022 22:53:36 GMT', 'Via': '1.1 vegur'} 
 body={"error":"User already exists"} 
 </msg>
<msg timestamp="20220117 19:52:50.989" level="INFO">${response} = &lt;Response [400]&gt;</msg>
<status status="PASS" starttime="20220117 19:52:47.591" endtime="20220117 19:52:50.989"/>
</kw>
<status status="PASS" starttime="20220117 19:52:47.591" endtime="20220117 19:52:50.989"/>
</kw>
<kw name="Get Token" library="Helpers">
<var>${token}</var>
<arg>${user}[before]</arg>
<kw name="Create Dictionary" library="BuiltIn">
<var>${payload}</var>
<arg>email=${user}[email]</arg>
<arg>password=${user}[password]</arg>
<doc>Creates and returns a dictionary based on the given ``items``.</doc>
<msg timestamp="20220117 19:52:50.991" level="INFO">${payload} = {'email': 'vivismonteiro@gmail.com', 'password': 'pwd123'}</msg>
<status status="PASS" starttime="20220117 19:52:50.990" endtime="20220117 19:52:50.991"/>
</kw>
<kw name="POST Session" library="SessionsRoute">
<var>${response}</var>
<arg>${payload}</arg>
<kw name="POST" library="RequestsLibrary">
<var>${response}</var>
<arg>${API_USERS}/sessions</arg>
<arg>json=${payload}</arg>
<arg>expected_status=any</arg>
<doc>Sends a POST request.</doc>
<msg timestamp="20220117 19:52:51.839" level="INFO">POST Request : url=https://getgeeks-users-vivis.herokuapp.com/sessions 
 path_url=/sessions 
 headers={'User-Agent': 'python-requests/2.27.1', 'Accept-Encoding': 'gzip, deflate', 'Accept': '*/*', 'Connection': 'keep-alive', 'Content-Length': '58', 'Content-Type': 'application/json'} 
 body=b'{"email": "vivismonteiro@gmail.com", "password": "pwd123"}' 
 </msg>
<msg timestamp="20220117 19:52:51.839" level="INFO">POST Response : url=https://getgeeks-users-vivis.herokuapp.com/sessions 
 status=200, reason=OK 
 headers={'Server': 'Cowboy', 'Connection': 'keep-alive', 'X-Powered-By': 'Express', 'Access-Control-Allow-Origin': '*', 'Content-Type': 'application/json; charset=utf-8', 'Content-Length': '427', 'Etag': 'W/"1ab-0fsCwsHk53Pg8tD+6m75QVYUf+E"', 'Date': 'Mon, 17 Jan 2022 22:53:37 GMT', 'Via': '1.1 vegur'} 
 body={"user":{"id":363,"email":"vivismonteiro@gmail.com","password_hash":"$2b$08$CmfGv.OVMrphfPEu/I1yn.PYIdWBvmZQXA9JMS8x8FWPxZqs5ZMku","name":"Vivis Monteiro","avatar":"https://avatars.githubusercontent.com/u/59649608","whatsapp":"11999999999","is_geek":false},"token":"eyJhbGciOiJIUzI1NiIsInR5cCI6IkpXVCJ9.eyJpZCI6MzYzLCJpYXQiOjE2NDI0NjAwMTcsImV4cCI6MTY0MzMyNDAxN30.jhJkSZr--TBmjA18tR9x-OfL-kz0AxOWsc1i2YG6rTk","expires_in":"10d"} 
 </msg>
<msg timestamp="20220117 19:52:51.840" level="INFO">${response} = &lt;Response [200]&gt;</msg>
<status status="PASS" starttime="20220117 19:52:50.992" endtime="20220117 19:52:51.840"/>
</kw>
<msg timestamp="20220117 19:52:51.840" level="INFO">${response} = &lt;Response [200]&gt;</msg>
<status status="PASS" starttime="20220117 19:52:50.991" endtime="20220117 19:52:51.840"/>
</kw>
<kw name="Set Variable" library="BuiltIn">
<var>${result}</var>
<arg>${EMPTY}</arg>
<doc>Returns the given values which can then be assigned to a variables.</doc>
<msg timestamp="20220117 19:52:51.841" level="INFO">${result} = </msg>
<status status="PASS" starttime="20220117 19:52:51.840" endtime="20220117 19:52:51.841"/>
</kw>
<if>
<branch type="IF" condition="&quot;200&quot; in &quot;${response}&quot;">
<kw name="Set Variable" library="BuiltIn">
<var>${result}</var>
<arg>Bearer ${response.json()}[token]</arg>
<doc>Returns the given values which can then be assigned to a variables.</doc>
<msg timestamp="20220117 19:52:51.842" level="INFO">${result} = Bearer eyJhbGciOiJIUzI1NiIsInR5cCI6IkpXVCJ9.eyJpZCI6MzYzLCJpYXQiOjE2NDI0NjAwMTcsImV4cCI6MTY0MzMyNDAxN30.jhJkSZr--TBmjA18tR9x-OfL-kz0AxOWsc1i2YG6rTk</msg>
<status status="PASS" starttime="20220117 19:52:51.841" endtime="20220117 19:52:51.842"/>
</kw>
<status status="PASS" starttime="20220117 19:52:51.841" endtime="20220117 19:52:51.842"/>
</branch>
<status status="PASS" starttime="20220117 19:52:51.841" endtime="20220117 19:52:51.842"/>
</if>
<msg timestamp="20220117 19:52:51.842" level="INFO">${token} = Bearer eyJhbGciOiJIUzI1NiIsInR5cCI6IkpXVCJ9.eyJpZCI6MzYzLCJpYXQiOjE2NDI0NjAwMTcsImV4cCI6MTY0MzMyNDAxN30.jhJkSZr--TBmjA18tR9x-OfL-kz0AxOWsc1i2YG6rTk</msg>
<status status="PASS" starttime="20220117 19:52:50.990" endtime="20220117 19:52:51.842"/>
</kw>
<kw name="PUT User" library="UsersRoute">
<var>${response}</var>
<arg>${token}</arg>
<arg>${user}[after]</arg>
<kw name="Create Dictionary" library="BuiltIn">
<var>${headers}</var>
<arg>Authorization=${token}</arg>
<doc>Creates and returns a dictionary based on the given ``items``.</doc>
<msg timestamp="20220117 19:52:51.844" level="INFO">${headers} = {'Authorization': 'Bearer eyJhbGciOiJIUzI1NiIsInR5cCI6IkpXVCJ9.eyJpZCI6MzYzLCJpYXQiOjE2NDI0NjAwMTcsImV4cCI6MTY0MzMyNDAxN30.jhJkSZr--TBmjA18tR9x-OfL-kz0AxOWsc1i2YG6rTk'}</msg>
<status status="PASS" starttime="20220117 19:52:51.844" endtime="20220117 19:52:51.844"/>
</kw>
<kw name="PUT" library="RequestsLibrary">
<var>${response}</var>
<arg>${API_USERS}/users</arg>
<arg>json=${payload}</arg>
<arg>headers=${headers}</arg>
<arg>expected_status=any</arg>
<doc>Sends a PUT request.</doc>
<msg timestamp="20220117 19:52:52.712" level="INFO">PUT Request : url=https://getgeeks-users-vivis.herokuapp.com/users 
 path_url=/users 
 headers={'User-Agent': 'python-requests/2.27.1', 'Accept-Encoding': 'gzip, deflate', 'Accept': '*/*', 'Connection': 'keep-alive', 'Authorization': 'Bearer eyJhbGciOiJIUzI1NiIsInR5cCI6IkpXVCJ9.eyJpZCI6MzYzLCJpYXQiOjE2NDI0NjAwMTcsImV4cCI6MTY0MzMyNDAxN30.jhJkSZr--TBmjA18tR9x-OfL-kz0AxOWsc1i2YG6rTk', 'Content-Length': '151', 'Content-Type': 'application/json'} 
 body=b'{"name": "Vivis Monteiro", "email": "vivismonteiro@gmail.com", "whatsapp": "11999999999", "avatar": "https://avatars.githubusercontent.com/u/59649608"}' 
 </msg>
<msg timestamp="20220117 19:52:52.712" level="INFO">PUT Response : url=https://getgeeks-users-vivis.herokuapp.com/users 
 status=200, reason=OK 
 headers={'Server': 'Cowboy', 'Connection': 'keep-alive', 'X-Powered-By': 'Express', 'Access-Control-Allow-Origin': '*', 'Date': 'Mon, 17 Jan 2022 22:53:38 GMT', 'Content-Length': '0', 'Via': '1.1 vegur'} 
 body=None 
 </msg>
<msg timestamp="20220117 19:52:52.712" level="INFO">${response} = &lt;Response [200]&gt;</msg>
<status status="PASS" starttime="20220117 19:52:51.844" endtime="20220117 19:52:52.713"/>
</kw>
<msg timestamp="20220117 19:52:52.713" level="INFO">${response} = &lt;Response [200]&gt;</msg>
<status status="PASS" starttime="20220117 19:52:51.843" endtime="20220117 19:52:52.713"/>
</kw>
<kw name="Status Should Be" library="RequestsLibrary">
<arg>200</arg>
<arg>${response}</arg>
<doc>Fails if response status code is different than the expected.</doc>
<status status="PASS" starttime="20220117 19:52:52.717" endtime="20220117 19:52:52.718"/>
</kw>
<kw name="GET User" library="UsersRoute">
<var>${response}</var>
<arg>${token}</arg>
<kw name="Create Dictionary" library="BuiltIn">
<var>${headers}</var>
<arg>Authorization=${token}</arg>
<doc>Creates and returns a dictionary based on the given ``items``.</doc>
<msg timestamp="20220117 19:52:52.723" level="INFO">${headers} = {'Authorization': 'Bearer eyJhbGciOiJIUzI1NiIsInR5cCI6IkpXVCJ9.eyJpZCI6MzYzLCJpYXQiOjE2NDI0NjAwMTcsImV4cCI6MTY0MzMyNDAxN30.jhJkSZr--TBmjA18tR9x-OfL-kz0AxOWsc1i2YG6rTk'}</msg>
<status status="PASS" starttime="20220117 19:52:52.722" endtime="20220117 19:52:52.723"/>
</kw>
<kw name="GET" library="RequestsLibrary">
<var>${response}</var>
<arg>${API_USERS}/users</arg>
<arg>headers=${headers}</arg>
<arg>expected_status=any</arg>
<doc>Sends a GET request.</doc>
<msg timestamp="20220117 19:52:54.576" level="INFO">GET Request : url=https://getgeeks-users-vivis.herokuapp.com/users 
 path_url=/users 
 headers={'User-Agent': 'python-requests/2.27.1', 'Accept-Encoding': 'gzip, deflate', 'Accept': '*/*', 'Connection': 'keep-alive', 'Authorization': 'Bearer eyJhbGciOiJIUzI1NiIsInR5cCI6IkpXVCJ9.eyJpZCI6MzYzLCJpYXQiOjE2NDI0NjAwMTcsImV4cCI6MTY0MzMyNDAxN30.jhJkSZr--TBmjA18tR9x-OfL-kz0AxOWsc1i2YG6rTk'} 
 body=None 
 </msg>
<msg timestamp="20220117 19:52:54.577" level="INFO">GET Response : url=https://getgeeks-users-vivis.herokuapp.com/users 
 status=200, reason=OK 
 headers={'Server': 'Cowboy', 'Connection': 'keep-alive', 'X-Powered-By': 'Express', 'Access-Control-Allow-Origin': '*', 'Content-Type': 'application/json; charset=utf-8', 'Content-Length': '248', 'Etag': 'W/"f8-dH+7lvQR7nuWKu/W37rUc7h3SUA"', 'Date': 'Mon, 17 Jan 2022 22:53:40 GMT', 'Via': '1.1 vegur'} 
 body={"id":363,"email":"vivismonteiro@gmail.com","password_hash":"$2b$08$CmfGv.OVMrphfPEu/I1yn.PYIdWBvmZQXA9JMS8x8FWPxZqs5ZMku","name":"Vivis Monteiro","avatar":"https://avatars.githubusercontent.com/u/59649608","whatsapp":"11999999999","is_geek":false} 
 </msg>
<msg timestamp="20220117 19:52:54.577" level="INFO">${response} = &lt;Response [200]&gt;</msg>
<status status="PASS" starttime="20220117 19:52:52.723" endtime="20220117 19:52:54.577"/>
</kw>
<msg timestamp="20220117 19:52:54.578" level="INFO">${response} = &lt;Response [200]&gt;</msg>
<status status="PASS" starttime="20220117 19:52:52.719" endtime="20220117 19:52:54.578"/>
</kw>
<kw name="Should Be Equal As Strings" library="BuiltIn">
<arg>${user}[after][name]</arg>
<arg>${response.json()}[name]</arg>
<doc>Fails if objects are unequal after converting them to strings.</doc>
<status status="PASS" starttime="20220117 19:52:54.579" endtime="20220117 19:52:54.581"/>
</kw>
<kw name="Should Be Equal As Strings" library="BuiltIn">
<arg>${user}[after][email]</arg>
<arg>${response.json()}[email]</arg>
<doc>Fails if objects are unequal after converting them to strings.</doc>
<status status="PASS" starttime="20220117 19:52:54.582" endtime="20220117 19:52:54.583"/>
</kw>
<kw name="Should Be Equal As Strings" library="BuiltIn">
<arg>${user}[after][whatsapp]</arg>
<arg>${response.json()}[whatsapp]</arg>
<doc>Fails if objects are unequal after converting them to strings.</doc>
<status status="PASS" starttime="20220117 19:52:54.584" endtime="20220117 19:52:54.586"/>
</kw>
<kw name="Should Be Equal As Strings" library="BuiltIn">
<arg>${user}[after][avatar]</arg>
<arg>${response.json()}[avatar]</arg>
<doc>Fails if objects are unequal after converting them to strings.</doc>
<status status="PASS" starttime="20220117 19:52:54.588" endtime="20220117 19:52:54.589"/>
</kw>
<kw name="Should Be Equal As Strings" library="BuiltIn">
<arg>False</arg>
<arg>${response.json()}[is_geek]</arg>
<doc>Fails if objects are unequal after converting them to strings.</doc>
<msg timestamp="20220117 19:52:54.591" level="INFO">Argument types are:
&lt;type 'unicode'&gt;
&lt;class 'bool'&gt;</msg>
<status status="PASS" starttime="20220117 19:52:54.590" endtime="20220117 19:52:54.591"/>
</kw>
<status status="PASS" starttime="20220117 19:52:47.590" endtime="20220117 19:52:54.592"/>
</test>
<doc>Users route test suite</doc>
<status status="PASS" starttime="20220117 19:52:29.567" endtime="20220117 19:52:54.594"/>
</suite>
<status status="PASS" starttime="20220117 19:51:18.710" endtime="20220117 19:52:54.597"/>
</suite>
<statistics>
<total>
<stat pass="8" fail="0" skip="0">All Tests</stat>
</total>
<tag>
<stat pass="1" fail="0" skip="0">tmp</stat>
</tag>
<suite>
<stat pass="8" fail="0" skip="0" id="s1" name="Tests">Tests</stat>
<stat pass="2" fail="0" skip="0" id="s1-s1" name="Geeks">Tests.Geeks</stat>
<stat pass="2" fail="0" skip="0" id="s1-s2" name="Sessions">Tests.Sessions</stat>
<stat pass="4" fail="0" skip="0" id="s1-s3" name="Users">Tests.Users</stat>
</suite>
</statistics>
<errors>
</errors>
</robot>
