<?xml version="1.0" encoding="UTF-8"?>
<robot generator="Robot 4.1.2 (Python 3.10.0 on win32)" generated="20220112 17:33:05.014" rpa="false" schemaversion="2">
<suite id="s1" name="Geeks" source="C:\GravidadeZERO\getgeeks\project\backend\tests\Geeks.robot">
<test id="s1-t1" name="Be a Geek">
<kw name="Factory Be Geek" library="Users">
<var>${user}</var>
<msg timestamp="20220112 17:33:05.593" level="INFO">${user} = {'name': 'João Lucas', 'email': 'joao@qaninja.com.br', 'password': 'pwd123', 'geek_profile': {'whatsapp': '11999999999', 'desc': 'Precisando dar aquela ajeitada no seu computador? Conte comigo para te...</msg>
<status status="PASS" starttime="20220112 17:33:05.593" endtime="20220112 17:33:05.593"/>
</kw>
<kw name="Remove User" library="Helpers">
<arg>${user}</arg>
<kw name="Get Token" library="Helpers">
<var>${token}</var>
<arg>${user}</arg>
<kw name="Create Dictionary" library="BuiltIn">
<var>${payload}</var>
<arg>email=${user}[email]</arg>
<arg>password=${user}[password]</arg>
<doc>Creates and returns a dictionary based on the given ``items``.</doc>
<msg timestamp="20220112 17:33:05.596" level="INFO">${payload} = {'email': 'joao@qaninja.com.br', 'password': 'pwd123'}</msg>
<status status="PASS" starttime="20220112 17:33:05.595" endtime="20220112 17:33:05.596"/>
</kw>
<kw name="POST Session" library="SessionsRoute">
<var>${response}</var>
<arg>${payload}</arg>
<kw name="POST" library="RequestsLibrary">
<var>${response}</var>
<arg>${API_USERS}/sessions</arg>
<arg>json=${payload}</arg>
<arg>expected_status=any</arg>
<doc>Sends a POST request.</doc>
<msg timestamp="20220112 17:33:06.498" level="INFO">POST Request : url=https://getgeeks-users-vivis.herokuapp.com/sessions 
 path_url=/sessions 
 headers={'User-Agent': 'python-requests/2.26.0', 'Accept-Encoding': 'gzip, deflate', 'Accept': '*/*', 'Connection': 'keep-alive', 'Content-Length': '54', 'Content-Type': 'application/json'} 
 body=b'{"email": "joao@qaninja.com.br", "password": "pwd123"}' 
 </msg>
<msg timestamp="20220112 17:33:06.498" level="INFO">POST Response : url=https://getgeeks-users-vivis.herokuapp.com/sessions 
 status=200, reason=OK 
 headers={'Server': 'Cowboy', 'Connection': 'keep-alive', 'X-Powered-By': 'Express', 'Access-Control-Allow-Origin': '*', 'Content-Type': 'application/json; charset=utf-8', 'Content-Length': '373', 'Etag': 'W/"175-9uJvb6BXmYRJhPY8avF1l7QHXLU"', 'Date': 'Wed, 12 Jan 2022 21:33:04 GMT', 'Via': '1.1 vegur'} 
 body={"user":{"id":272,"email":"joao@qaninja.com.br","password_hash":"$2b$08$PycW/6h0Zd/xidHb9sGhhOLzzjXXZlZDCy0BnJb0bIlI2BEv1NP.C","name":"João Lucas","avatar":null,"whatsapp":"11999999999","is_geek":true},"token":"eyJhbGciOiJIUzI1NiIsInR5cCI6IkpXVCJ9.eyJpZCI6MjcyLCJpYXQiOjE2NDIwMjMxODQsImV4cCI6MTY0Mjg4NzE4NH0.HZKGAA3yXI8NmpiJpT8MeGdTfvfMjrg21ZPy3AQquLk","expires_in":"10d"} 
 </msg>
<msg timestamp="20220112 17:33:06.498" level="INFO">${response} = &lt;Response [200]&gt;</msg>
<status status="PASS" starttime="20220112 17:33:05.597" endtime="20220112 17:33:06.498"/>
</kw>
<msg timestamp="20220112 17:33:06.499" level="INFO">${response} = &lt;Response [200]&gt;</msg>
<status status="PASS" starttime="20220112 17:33:05.597" endtime="20220112 17:33:06.499"/>
</kw>
<kw name="Set Variable" library="BuiltIn">
<var>${result}</var>
<arg>${EMPTY}</arg>
<doc>Returns the given values which can then be assigned to a variables.</doc>
<msg timestamp="20220112 17:33:06.500" level="INFO">${result} = </msg>
<status status="PASS" starttime="20220112 17:33:06.499" endtime="20220112 17:33:06.500"/>
</kw>
<if>
<branch type="IF" condition="&quot;200&quot; in &quot;${response}&quot;">
<kw name="Set Variable" library="BuiltIn">
<var>${result}</var>
<arg>Bearer ${response.json()}[token]</arg>
<doc>Returns the given values which can then be assigned to a variables.</doc>
<msg timestamp="20220112 17:33:06.502" level="INFO">${result} = Bearer eyJhbGciOiJIUzI1NiIsInR5cCI6IkpXVCJ9.eyJpZCI6MjcyLCJpYXQiOjE2NDIwMjMxODQsImV4cCI6MTY0Mjg4NzE4NH0.HZKGAA3yXI8NmpiJpT8MeGdTfvfMjrg21ZPy3AQquLk</msg>
<status status="PASS" starttime="20220112 17:33:06.500" endtime="20220112 17:33:06.502"/>
</kw>
<status status="PASS" starttime="20220112 17:33:06.500" endtime="20220112 17:33:06.502"/>
</branch>
<status status="PASS" starttime="20220112 17:33:06.500" endtime="20220112 17:33:06.502"/>
</if>
<msg timestamp="20220112 17:33:06.502" level="INFO">${token} = Bearer eyJhbGciOiJIUzI1NiIsInR5cCI6IkpXVCJ9.eyJpZCI6MjcyLCJpYXQiOjE2NDIwMjMxODQsImV4cCI6MTY0Mjg4NzE4NH0.HZKGAA3yXI8NmpiJpT8MeGdTfvfMjrg21ZPy3AQquLk</msg>
<status status="PASS" starttime="20220112 17:33:05.595" endtime="20220112 17:33:06.502"/>
</kw>
<if>
<branch type="IF" condition="&quot;${token}&quot;">
<kw name="DELETE User" library="UsersRoute">
<arg>${token}</arg>
<kw name="Create Dictionary" library="BuiltIn">
<var>${headers}</var>
<arg>Authorization=${token}</arg>
<doc>Creates and returns a dictionary based on the given ``items``.</doc>
<msg timestamp="20220112 17:33:06.505" level="INFO">${headers} = {'Authorization': 'Bearer eyJhbGciOiJIUzI1NiIsInR5cCI6IkpXVCJ9.eyJpZCI6MjcyLCJpYXQiOjE2NDIwMjMxODQsImV4cCI6MTY0Mjg4NzE4NH0.HZKGAA3yXI8NmpiJpT8MeGdTfvfMjrg21ZPy3AQquLk'}</msg>
<status status="PASS" starttime="20220112 17:33:06.504" endtime="20220112 17:33:06.505"/>
</kw>
<kw name="DELETE" library="RequestsLibrary">
<var>${response}</var>
<arg>${API_USERS}/users</arg>
<arg>headers=${headers}</arg>
<arg>expected_status=any</arg>
<doc>Sends a DELETE request.</doc>
<msg timestamp="20220112 17:33:07.275" level="INFO">DELETE Request : url=https://getgeeks-users-vivis.herokuapp.com/users 
 path_url=/users 
 headers={'User-Agent': 'python-requests/2.26.0', 'Accept-Encoding': 'gzip, deflate', 'Accept': '*/*', 'Connection': 'keep-alive', 'Authorization': 'Bearer eyJhbGciOiJIUzI1NiIsInR5cCI6IkpXVCJ9.eyJpZCI6MjcyLCJpYXQiOjE2NDIwMjMxODQsImV4cCI6MTY0Mjg4NzE4NH0.HZKGAA3yXI8NmpiJpT8MeGdTfvfMjrg21ZPy3AQquLk', 'Content-Length': '0'} 
 body=None 
 </msg>
<msg timestamp="20220112 17:33:07.275" level="INFO">DELETE Response : url=https://getgeeks-users-vivis.herokuapp.com/users 
 status=204, reason=No Content 
 headers={'Server': 'Cowboy', 'Content-Length': '0', 'Connection': 'keep-alive', 'X-Powered-By': 'Express', 'Access-Control-Allow-Origin': '*', 'Date': 'Wed, 12 Jan 2022 21:33:05 GMT', 'Via': '1.1 vegur'} 
 body=None 
 </msg>
<msg timestamp="20220112 17:33:07.276" level="INFO">${response} = &lt;Response [204]&gt;</msg>
<status status="PASS" starttime="20220112 17:33:06.506" endtime="20220112 17:33:07.276"/>
</kw>
<status status="PASS" starttime="20220112 17:33:06.503" endtime="20220112 17:33:07.277"/>
</kw>
<status status="PASS" starttime="20220112 17:33:06.503" endtime="20220112 17:33:07.277"/>
</branch>
<status status="PASS" starttime="20220112 17:33:06.503" endtime="20220112 17:33:07.277"/>
</if>
<status status="PASS" starttime="20220112 17:33:05.594" endtime="20220112 17:33:07.278"/>
</kw>
<kw name="POST User" library="UsersRoute">
<arg>${user}</arg>
<kw name="POST" library="RequestsLibrary">
<var>${response}</var>
<arg>${API_USERS}/users</arg>
<arg>json=${payload}</arg>
<arg>expected_status=any</arg>
<doc>Sends a POST request.</doc>
<msg timestamp="20220112 17:33:08.079" level="INFO">POST Request : url=https://getgeeks-users-vivis.herokuapp.com/users 
 path_url=/users 
 headers={'User-Agent': 'python-requests/2.26.0', 'Accept-Encoding': 'gzip, deflate', 'Accept': '*/*', 'Connection': 'keep-alive', 'Content-Length': '462', 'Content-Type': 'application/json'} 
 body=b'{"name": "Jo\\u00e3o Lucas", "email": "joao@qaninja.com.br", "password": "pwd123", "geek_profile": {"whatsapp": "11999999999", "desc": "Precisando dar aquela ajeitada no seu computador? Conte comigo para te ajudar, seja um problema se sistema ou alguma pe\\u00e7a que n\\u00e3o est\\u00e1 funcionando como deveria, eu posso te ajudar! Entre em contato e fa\\u00e7a o seu or\\u00e7amento sem compromisso!", "printer_repair": "Sim", "work": "Presencial", "cost": "100"}}' 
 </msg>
<msg timestamp="20220112 17:33:08.079" level="INFO">POST Response : url=https://getgeeks-users-vivis.herokuapp.com/users 
 status=201, reason=Created 
 headers={'Server': 'Cowboy', 'Connection': 'keep-alive', 'X-Powered-By': 'Express', 'Access-Control-Allow-Origin': '*', 'Content-Type': 'application/json; charset=utf-8', 'Content-Length': '10', 'Etag': 'W/"a-H3eqaWMC1AKYGNXIFaMXxhFaHGc"', 'Date': 'Wed, 12 Jan 2022 21:33:05 GMT', 'Via': '1.1 vegur'} 
 body={"id":273} 
 </msg>
<msg timestamp="20220112 17:33:08.079" level="INFO">${response} = &lt;Response [201]&gt;</msg>
<status status="PASS" starttime="20220112 17:33:07.283" endtime="20220112 17:33:08.079"/>
</kw>
<status status="PASS" starttime="20220112 17:33:07.281" endtime="20220112 17:33:08.080"/>
</kw>
<kw name="Get Token" library="Helpers">
<var>${token}</var>
<arg>${user}</arg>
<kw name="Create Dictionary" library="BuiltIn">
<var>${payload}</var>
<arg>email=${user}[email]</arg>
<arg>password=${user}[password]</arg>
<doc>Creates and returns a dictionary based on the given ``items``.</doc>
<msg timestamp="20220112 17:33:08.083" level="INFO">${payload} = {'email': 'joao@qaninja.com.br', 'password': 'pwd123'}</msg>
<status status="PASS" starttime="20220112 17:33:08.082" endtime="20220112 17:33:08.083"/>
</kw>
<kw name="POST Session" library="SessionsRoute">
<var>${response}</var>
<arg>${payload}</arg>
<kw name="POST" library="RequestsLibrary">
<var>${response}</var>
<arg>${API_USERS}/sessions</arg>
<arg>json=${payload}</arg>
<arg>expected_status=any</arg>
<doc>Sends a POST request.</doc>
<msg timestamp="20220112 17:33:08.880" level="INFO">POST Request : url=https://getgeeks-users-vivis.herokuapp.com/sessions 
 path_url=/sessions 
 headers={'User-Agent': 'python-requests/2.26.0', 'Accept-Encoding': 'gzip, deflate', 'Accept': '*/*', 'Connection': 'keep-alive', 'Content-Length': '54', 'Content-Type': 'application/json'} 
 body=b'{"email": "joao@qaninja.com.br", "password": "pwd123"}' 
 </msg>
<msg timestamp="20220112 17:33:08.880" level="INFO">POST Response : url=https://getgeeks-users-vivis.herokuapp.com/sessions 
 status=200, reason=OK 
 headers={'Server': 'Cowboy', 'Connection': 'keep-alive', 'X-Powered-By': 'Express', 'Access-Control-Allow-Origin': '*', 'Content-Type': 'application/json; charset=utf-8', 'Content-Length': '365', 'Etag': 'W/"16d-6ju76lN8fn/jj18Ldcw2t0uC5uk"', 'Date': 'Wed, 12 Jan 2022 21:33:06 GMT', 'Via': '1.1 vegur'} 
 body={"user":{"id":273,"email":"joao@qaninja.com.br","password_hash":"$2b$08$Ol2wM8Un9E8jdp6hPpd62O1Hja422JIH.goGD4rQ6mq6sPNWUu3xi","name":"João Lucas","avatar":null,"whatsapp":null,"is_geek":false},"token":"eyJhbGciOiJIUzI1NiIsInR5cCI6IkpXVCJ9.eyJpZCI6MjczLCJpYXQiOjE2NDIwMjMxODYsImV4cCI6MTY0Mjg4NzE4Nn0._Ommj42j952axgl6AgcBsTDZUeO1jvJnAwboynSLJug","expires_in":"10d"} 
 </msg>
<msg timestamp="20220112 17:33:08.881" level="INFO">${response} = &lt;Response [200]&gt;</msg>
<status status="PASS" starttime="20220112 17:33:08.084" endtime="20220112 17:33:08.881"/>
</kw>
<msg timestamp="20220112 17:33:08.881" level="INFO">${response} = &lt;Response [200]&gt;</msg>
<status status="PASS" starttime="20220112 17:33:08.083" endtime="20220112 17:33:08.881"/>
</kw>
<kw name="Set Variable" library="BuiltIn">
<var>${result}</var>
<arg>${EMPTY}</arg>
<doc>Returns the given values which can then be assigned to a variables.</doc>
<msg timestamp="20220112 17:33:08.882" level="INFO">${result} = </msg>
<status status="PASS" starttime="20220112 17:33:08.881" endtime="20220112 17:33:08.882"/>
</kw>
<if>
<branch type="IF" condition="&quot;200&quot; in &quot;${response}&quot;">
<kw name="Set Variable" library="BuiltIn">
<var>${result}</var>
<arg>Bearer ${response.json()}[token]</arg>
<doc>Returns the given values which can then be assigned to a variables.</doc>
<msg timestamp="20220112 17:33:08.884" level="INFO">${result} = Bearer eyJhbGciOiJIUzI1NiIsInR5cCI6IkpXVCJ9.eyJpZCI6MjczLCJpYXQiOjE2NDIwMjMxODYsImV4cCI6MTY0Mjg4NzE4Nn0._Ommj42j952axgl6AgcBsTDZUeO1jvJnAwboynSLJug</msg>
<status status="PASS" starttime="20220112 17:33:08.883" endtime="20220112 17:33:08.884"/>
</kw>
<status status="PASS" starttime="20220112 17:33:08.883" endtime="20220112 17:33:08.884"/>
</branch>
<status status="PASS" starttime="20220112 17:33:08.882" endtime="20220112 17:33:08.884"/>
</if>
<msg timestamp="20220112 17:33:08.885" level="INFO">${token} = Bearer eyJhbGciOiJIUzI1NiIsInR5cCI6IkpXVCJ9.eyJpZCI6MjczLCJpYXQiOjE2NDIwMjMxODYsImV4cCI6MTY0Mjg4NzE4Nn0._Ommj42j952axgl6AgcBsTDZUeO1jvJnAwboynSLJug</msg>
<status status="PASS" starttime="20220112 17:33:08.081" endtime="20220112 17:33:08.885"/>
</kw>
<kw name="POST Geek" library="GeeksRoute">
<var>${response}</var>
<arg>${token}</arg>
<arg>${user}[geek_profile]</arg>
<kw name="Create Dictionary" library="BuiltIn">
<var>${headers}</var>
<arg>Authorization=${token}</arg>
<doc>Creates and returns a dictionary based on the given ``items``.</doc>
<msg timestamp="20220112 17:33:08.887" level="INFO">${headers} = {'Authorization': 'Bearer eyJhbGciOiJIUzI1NiIsInR5cCI6IkpXVCJ9.eyJpZCI6MjczLCJpYXQiOjE2NDIwMjMxODYsImV4cCI6MTY0Mjg4NzE4Nn0._Ommj42j952axgl6AgcBsTDZUeO1jvJnAwboynSLJug'}</msg>
<status status="PASS" starttime="20220112 17:33:08.887" endtime="20220112 17:33:08.888"/>
</kw>
<kw name="POST" library="RequestsLibrary">
<var>${response}</var>
<arg>${API_GEEKS}/geeks</arg>
<arg>json=${payload}</arg>
<arg>headers=${headers}</arg>
<arg>expected_status=any</arg>
<doc>Sends a POST request.</doc>
<msg timestamp="20220112 17:33:09.736" level="INFO">POST Request : url=https://getgeeks-geeks-vivis.herokuapp.com/geeks 
 path_url=/geeks 
 headers={'User-Agent': 'python-requests/2.26.0', 'Accept-Encoding': 'gzip, deflate', 'Accept': '*/*', 'Connection': 'keep-alive', 'Authorization': 'Bearer eyJhbGciOiJIUzI1NiIsInR5cCI6IkpXVCJ9.eyJpZCI6MjczLCJpYXQiOjE2NDIwMjMxODYsImV4cCI6MTY0Mjg4NzE4Nn0._Ommj42j952axgl6AgcBsTDZUeO1jvJnAwboynSLJug', 'Content-Length': '363', 'Content-Type': 'application/json'} 
 body=b'{"whatsapp": "11999999999", "desc": "Precisando dar aquela ajeitada no seu computador? Conte comigo para te ajudar, seja um problema se sistema ou alguma pe\\u00e7a que n\\u00e3o est\\u00e1 funcionando como deveria, eu posso te ajudar! Entre em contato e fa\\u00e7a o seu or\\u00e7amento sem compromisso!", "printer_repair": "Sim", "work": "Presencial", "cost": "100"}' 
 </msg>
<msg timestamp="20220112 17:33:09.736" level="INFO">POST Response : url=https://getgeeks-geeks-vivis.herokuapp.com/geeks 
 status=201, reason=Created 
 headers={'Server': 'Cowboy', 'Connection': 'keep-alive', 'X-Powered-By': 'Express', 'Access-Control-Allow-Origin': '*', 'Date': 'Wed, 12 Jan 2022 21:33:07 GMT', 'Content-Length': '0', 'Via': '1.1 vegur'} 
 body=None 
 </msg>
<msg timestamp="20220112 17:33:09.736" level="INFO">${response} = &lt;Response [201]&gt;</msg>
<status status="PASS" starttime="20220112 17:33:08.888" endtime="20220112 17:33:09.736"/>
</kw>
<msg timestamp="20220112 17:33:09.737" level="INFO">${response} = &lt;Response [201]&gt;</msg>
<status status="PASS" starttime="20220112 17:33:08.886" endtime="20220112 17:33:09.737"/>
</kw>
<kw name="Status Should Be" library="RequestsLibrary">
<arg>201</arg>
<arg>${response}</arg>
<doc>Fails if response status code is different than the expected.</doc>
<status status="PASS" starttime="20220112 17:33:09.738" endtime="20220112 17:33:09.738"/>
</kw>
<kw name="GET User" library="UsersRoute">
<var>${response}</var>
<arg>${token}</arg>
<kw name="Create Dictionary" library="BuiltIn">
<var>${headers}</var>
<arg>Authorization=${token}</arg>
<doc>Creates and returns a dictionary based on the given ``items``.</doc>
<msg timestamp="20220112 17:33:09.741" level="INFO">${headers} = {'Authorization': 'Bearer eyJhbGciOiJIUzI1NiIsInR5cCI6IkpXVCJ9.eyJpZCI6MjczLCJpYXQiOjE2NDIwMjMxODYsImV4cCI6MTY0Mjg4NzE4Nn0._Ommj42j952axgl6AgcBsTDZUeO1jvJnAwboynSLJug'}</msg>
<status status="PASS" starttime="20220112 17:33:09.740" endtime="20220112 17:33:09.741"/>
</kw>
<kw name="GET" library="RequestsLibrary">
<var>${response}</var>
<arg>${API_USERS}/users</arg>
<arg>headers=${headers}</arg>
<arg>expected_status=any</arg>
<doc>Sends a GET request.</doc>
<msg timestamp="20220112 17:33:10.525" level="INFO">GET Request : url=https://getgeeks-users-vivis.herokuapp.com/users 
 path_url=/users 
 headers={'User-Agent': 'python-requests/2.26.0', 'Accept-Encoding': 'gzip, deflate', 'Accept': '*/*', 'Connection': 'keep-alive', 'Authorization': 'Bearer eyJhbGciOiJIUzI1NiIsInR5cCI6IkpXVCJ9.eyJpZCI6MjczLCJpYXQiOjE2NDIwMjMxODYsImV4cCI6MTY0Mjg4NzE4Nn0._Ommj42j952axgl6AgcBsTDZUeO1jvJnAwboynSLJug'} 
 body=None 
 </msg>
<msg timestamp="20220112 17:33:10.525" level="INFO">GET Response : url=https://getgeeks-users-vivis.herokuapp.com/users 
 status=200, reason=OK 
 headers={'Server': 'Cowboy', 'Connection': 'keep-alive', 'X-Powered-By': 'Express', 'Access-Control-Allow-Origin': '*', 'Content-Type': 'application/json; charset=utf-8', 'Content-Length': '518', 'Etag': 'W/"206-UH85RNEj6DL6Z1FBvepCJo/3iDI"', 'Date': 'Wed, 12 Jan 2022 21:33:08 GMT', 'Via': '1.1 vegur'} 
 body={"id":35,"email":"joao@qaninja.com.br","password_hash":"$2b$08$Ol2wM8Un9E8jdp6hPpd62O1Hja422JIH.goGD4rQ6mq6sPNWUu3xi","name":"João Lucas","avatar":null,"whatsapp":"11999999999","is_geek":true,"desc":"Precisando dar aquela ajeitada no seu computador? Conte comigo para te ajudar, seja um problema se sistema ou alguma peça que não está funcionando como deveria, eu posso te ajudar! Entre em contato e faça o seu orçamento sem compromisso!","printer_repair":"Sim","work":"Presencial","cost":"100.00","user_id":273} 
 </msg>
<msg timestamp="20220112 17:33:10.525" level="INFO">${response} = &lt;Response [200]&gt;</msg>
<status status="PASS" starttime="20220112 17:33:09.741" endtime="20220112 17:33:10.525"/>
</kw>
<msg timestamp="20220112 17:33:10.525" level="INFO">${response} = &lt;Response [200]&gt;</msg>
<status status="PASS" starttime="20220112 17:33:09.739" endtime="20220112 17:33:10.525"/>
</kw>
<kw name="Should Be Equal As Strings" library="BuiltIn">
<arg>${user}[name]</arg>
<arg>${response.json()}[name]</arg>
<doc>Fails if objects are unequal after converting them to strings.</doc>
<status status="PASS" starttime="20220112 17:33:10.527" endtime="20220112 17:33:10.528"/>
</kw>
<kw name="Should Be Equal As Strings" library="BuiltIn">
<arg>${user}[email]</arg>
<arg>${response.json()}[email]</arg>
<doc>Fails if objects are unequal after converting them to strings.</doc>
<status status="PASS" starttime="20220112 17:33:10.529" endtime="20220112 17:33:10.530"/>
</kw>
<kw name="Convert To Number" library="BuiltIn">
<var>${expected_float}</var>
<arg>${user}[geek_profile][cost]</arg>
<doc>Converts the given item to a floating point number.</doc>
<msg timestamp="20220112 17:33:10.532" level="INFO">${expected_float} = 100.0</msg>
<status status="PASS" starttime="20220112 17:33:10.531" endtime="20220112 17:33:10.532"/>
</kw>
<kw name="Convert To Number" library="BuiltIn">
<var>${got_float}</var>
<arg>${response.json()}[cost]</arg>
<doc>Converts the given item to a floating point number.</doc>
<msg timestamp="20220112 17:33:10.534" level="INFO">${got_float} = 100.0</msg>
<status status="PASS" starttime="20220112 17:33:10.532" endtime="20220112 17:33:10.534"/>
</kw>
<kw name="Should Be Equal As Strings" library="BuiltIn">
<arg>${user}[geek_profile][whatsapp]</arg>
<arg>${response.json()}[whatsapp]</arg>
<doc>Fails if objects are unequal after converting them to strings.</doc>
<status status="PASS" starttime="20220112 17:33:10.535" endtime="20220112 17:33:10.537"/>
</kw>
<kw name="Should Be Equal As Strings" library="BuiltIn">
<arg>${user}[geek_profile][desc]</arg>
<arg>${response.json()}[desc]</arg>
<doc>Fails if objects are unequal after converting them to strings.</doc>
<status status="PASS" starttime="20220112 17:33:10.538" endtime="20220112 17:33:10.539"/>
</kw>
<kw name="Should Be Equal As Strings" library="BuiltIn">
<arg>${expected_float}</arg>
<arg>${got_float}</arg>
<doc>Fails if objects are unequal after converting them to strings.</doc>
<status status="PASS" starttime="20220112 17:33:10.540" endtime="20220112 17:33:10.540"/>
</kw>
<kw name="Should Be Equal As Strings" library="BuiltIn">
<arg>${user}[geek_profile][printer_repair]</arg>
<arg>${response.json()}[printer_repair]</arg>
<doc>Fails if objects are unequal after converting them to strings.</doc>
<status status="PASS" starttime="20220112 17:33:10.541" endtime="20220112 17:33:10.543"/>
</kw>
<kw name="Should Be Equal As Strings" library="BuiltIn">
<arg>${user}[geek_profile][work]</arg>
<arg>${response.json()}[work]</arg>
<doc>Fails if objects are unequal after converting them to strings.</doc>
<status status="PASS" starttime="20220112 17:33:10.543" endtime="20220112 17:33:10.544"/>
</kw>
<kw name="Should Be Equal As Strings" library="BuiltIn">
<arg>None</arg>
<arg>${response.json()}[avatar]</arg>
<doc>Fails if objects are unequal after converting them to strings.</doc>
<msg timestamp="20220112 17:33:10.547" level="INFO">Argument types are:
&lt;type 'unicode'&gt;
&lt;class 'NoneType'&gt;</msg>
<status status="PASS" starttime="20220112 17:33:10.545" endtime="20220112 17:33:10.547"/>
</kw>
<kw name="Should Be Equal As Strings" library="BuiltIn">
<arg>True</arg>
<arg>${response.json()}[is_geek]</arg>
<doc>Fails if objects are unequal after converting them to strings.</doc>
<msg timestamp="20220112 17:33:10.550" level="INFO">Argument types are:
&lt;type 'unicode'&gt;
&lt;class 'bool'&gt;</msg>
<status status="PASS" starttime="20220112 17:33:10.548" endtime="20220112 17:33:10.550"/>
</kw>
<status status="PASS" starttime="20220112 17:33:05.592" endtime="20220112 17:33:10.551"/>
</test>
<test id="s1-t2" name="Get Geek List">
<kw name="Factory Search For Geeks" library="Users">
<var>${user}</var>
<msg timestamp="20220112 17:33:10.554" level="INFO">${user} = {'name': 'Peter Quill', 'email': 'quill@marvel.com', 'password': 'pwd123'}</msg>
<status status="PASS" starttime="20220112 17:33:10.554" endtime="20220112 17:33:10.554"/>
</kw>
<kw name="POST User" library="UsersRoute">
<arg>${user}</arg>
<kw name="POST" library="RequestsLibrary">
<var>${response}</var>
<arg>${API_USERS}/users</arg>
<arg>json=${payload}</arg>
<arg>expected_status=any</arg>
<doc>Sends a POST request.</doc>
<msg timestamp="20220112 17:33:11.389" level="INFO">POST Request : url=https://getgeeks-users-vivis.herokuapp.com/users 
 path_url=/users 
 headers={'User-Agent': 'python-requests/2.26.0', 'Accept-Encoding': 'gzip, deflate', 'Accept': '*/*', 'Connection': 'keep-alive', 'Content-Length': '74', 'Content-Type': 'application/json'} 
 body=b'{"name": "Peter Quill", "email": "quill@marvel.com", "password": "pwd123"}' 
 </msg>
<msg timestamp="20220112 17:33:11.390" level="INFO">POST Response : url=https://getgeeks-users-vivis.herokuapp.com/users 
 status=400, reason=Bad Request 
 headers={'Server': 'Cowboy', 'Connection': 'keep-alive', 'X-Powered-By': 'Express', 'Access-Control-Allow-Origin': '*', 'Content-Type': 'application/json; charset=utf-8', 'Content-Length': '31', 'Etag': 'W/"1f-lFUySNKwX3L5eGEwGcNcUoVKWhE"', 'Date': 'Wed, 12 Jan 2022 21:33:09 GMT', 'Via': '1.1 vegur'} 
 body={"error":"User already exists"} 
 </msg>
<msg timestamp="20220112 17:33:11.391" level="INFO">${response} = &lt;Response [400]&gt;</msg>
<status status="PASS" starttime="20220112 17:33:10.555" endtime="20220112 17:33:11.391"/>
</kw>
<status status="PASS" starttime="20220112 17:33:10.555" endtime="20220112 17:33:11.392"/>
</kw>
<kw name="Get Token" library="Helpers">
<var>${token}</var>
<arg>${user}</arg>
<kw name="Create Dictionary" library="BuiltIn">
<var>${payload}</var>
<arg>email=${user}[email]</arg>
<arg>password=${user}[password]</arg>
<doc>Creates and returns a dictionary based on the given ``items``.</doc>
<msg timestamp="20220112 17:33:11.398" level="INFO">${payload} = {'email': 'quill@marvel.com', 'password': 'pwd123'}</msg>
<status status="PASS" starttime="20220112 17:33:11.396" endtime="20220112 17:33:11.399"/>
</kw>
<kw name="POST Session" library="SessionsRoute">
<var>${response}</var>
<arg>${payload}</arg>
<kw name="POST" library="RequestsLibrary">
<var>${response}</var>
<arg>${API_USERS}/sessions</arg>
<arg>json=${payload}</arg>
<arg>expected_status=any</arg>
<doc>Sends a POST request.</doc>
<msg timestamp="20220112 17:33:12.204" level="INFO">POST Request : url=https://getgeeks-users-vivis.herokuapp.com/sessions 
 path_url=/sessions 
 headers={'User-Agent': 'python-requests/2.26.0', 'Accept-Encoding': 'gzip, deflate', 'Accept': '*/*', 'Connection': 'keep-alive', 'Content-Length': '51', 'Content-Type': 'application/json'} 
 body=b'{"email": "quill@marvel.com", "password": "pwd123"}' 
 </msg>
<msg timestamp="20220112 17:33:12.204" level="INFO">POST Response : url=https://getgeeks-users-vivis.herokuapp.com/sessions 
 status=200, reason=OK 
 headers={'Server': 'Cowboy', 'Connection': 'keep-alive', 'X-Powered-By': 'Express', 'Access-Control-Allow-Origin': '*', 'Content-Type': 'application/json; charset=utf-8', 'Content-Length': '362', 'Etag': 'W/"16a-kD9zhHJmoXdddZIeI37eC9wfClE"', 'Date': 'Wed, 12 Jan 2022 21:33:09 GMT', 'Via': '1.1 vegur'} 
 body={"user":{"id":271,"email":"quill@marvel.com","password_hash":"$2b$08$m7UqQqrGuwYxS3nVEWUXOu1gDMhgtDW7QKKFOGNLq125ExbA839Ja","name":"Peter Quill","avatar":null,"whatsapp":null,"is_geek":false},"token":"eyJhbGciOiJIUzI1NiIsInR5cCI6IkpXVCJ9.eyJpZCI6MjcxLCJpYXQiOjE2NDIwMjMxODksImV4cCI6MTY0Mjg4NzE4OX0.z5-tV8_LKbl1PXVGAPc0pHOJ213V10h13ablC2NucMA","expires_in":"10d"} 
 </msg>
<msg timestamp="20220112 17:33:12.205" level="INFO">${response} = &lt;Response [200]&gt;</msg>
<status status="PASS" starttime="20220112 17:33:11.401" endtime="20220112 17:33:12.205"/>
</kw>
<msg timestamp="20220112 17:33:12.206" level="INFO">${response} = &lt;Response [200]&gt;</msg>
<status status="PASS" starttime="20220112 17:33:11.399" endtime="20220112 17:33:12.206"/>
</kw>
<kw name="Set Variable" library="BuiltIn">
<var>${result}</var>
<arg>${EMPTY}</arg>
<doc>Returns the given values which can then be assigned to a variables.</doc>
<msg timestamp="20220112 17:33:12.210" level="INFO">${result} = </msg>
<status status="PASS" starttime="20220112 17:33:12.207" endtime="20220112 17:33:12.210"/>
</kw>
<if>
<branch type="IF" condition="&quot;200&quot; in &quot;${response}&quot;">
<kw name="Set Variable" library="BuiltIn">
<var>${result}</var>
<arg>Bearer ${response.json()}[token]</arg>
<doc>Returns the given values which can then be assigned to a variables.</doc>
<msg timestamp="20220112 17:33:12.215" level="INFO">${result} = Bearer eyJhbGciOiJIUzI1NiIsInR5cCI6IkpXVCJ9.eyJpZCI6MjcxLCJpYXQiOjE2NDIwMjMxODksImV4cCI6MTY0Mjg4NzE4OX0.z5-tV8_LKbl1PXVGAPc0pHOJ213V10h13ablC2NucMA</msg>
<status status="PASS" starttime="20220112 17:33:12.211" endtime="20220112 17:33:12.215"/>
</kw>
<status status="PASS" starttime="20220112 17:33:12.211" endtime="20220112 17:33:12.215"/>
</branch>
<status status="PASS" starttime="20220112 17:33:12.210" endtime="20220112 17:33:12.216"/>
</if>
<msg timestamp="20220112 17:33:12.217" level="INFO">${token} = Bearer eyJhbGciOiJIUzI1NiIsInR5cCI6IkpXVCJ9.eyJpZCI6MjcxLCJpYXQiOjE2NDIwMjMxODksImV4cCI6MTY0Mjg4NzE4OX0.z5-tV8_LKbl1PXVGAPc0pHOJ213V10h13ablC2NucMA</msg>
<status status="PASS" starttime="20220112 17:33:11.395" endtime="20220112 17:33:12.217"/>
</kw>
<kw name="GET Geeks" library="GeeksRoute">
<var>${response}</var>
<arg>${token}</arg>
<kw name="Create Dictionary" library="BuiltIn">
<var>${headers}</var>
<arg>Authorization=${token}</arg>
<doc>Creates and returns a dictionary based on the given ``items``.</doc>
<msg timestamp="20220112 17:33:12.224" level="INFO">${headers} = {'Authorization': 'Bearer eyJhbGciOiJIUzI1NiIsInR5cCI6IkpXVCJ9.eyJpZCI6MjcxLCJpYXQiOjE2NDIwMjMxODksImV4cCI6MTY0Mjg4NzE4OX0.z5-tV8_LKbl1PXVGAPc0pHOJ213V10h13ablC2NucMA'}</msg>
<status status="PASS" starttime="20220112 17:33:12.222" endtime="20220112 17:33:12.224"/>
</kw>
<kw name="GET" library="RequestsLibrary">
<var>${response}</var>
<arg>${API_GEEKS}/geeks</arg>
<arg>headers=${headers}</arg>
<arg>expected_status=any</arg>
<doc>Sends a GET request.</doc>
<msg timestamp="20220112 17:33:12.982" level="INFO">GET Request : url=https://getgeeks-geeks-vivis.herokuapp.com/geeks 
 path_url=/geeks 
 headers={'User-Agent': 'python-requests/2.26.0', 'Accept-Encoding': 'gzip, deflate', 'Accept': '*/*', 'Connection': 'keep-alive', 'Authorization': 'Bearer eyJhbGciOiJIUzI1NiIsInR5cCI6IkpXVCJ9.eyJpZCI6MjcxLCJpYXQiOjE2NDIwMjMxODksImV4cCI6MTY0Mjg4NzE4OX0.z5-tV8_LKbl1PXVGAPc0pHOJ213V10h13ablC2NucMA'} 
 body=None 
 </msg>
<msg timestamp="20220112 17:33:12.983" level="INFO">GET Response : url=https://getgeeks-geeks-vivis.herokuapp.com/geeks 
 status=200, reason=OK 
 headers={'Server': 'Cowboy', 'Connection': 'keep-alive', 'X-Powered-By': 'Express', 'Access-Control-Allow-Origin': '*', 'Content-Type': 'application/json; charset=utf-8', 'Content-Length': '543', 'Etag': 'W/"21f-nYTo8YYXOA7P406CJEdNKjGkthU"', 'Date': 'Wed, 12 Jan 2022 21:33:10 GMT', 'Via': '1.1 vegur'} 
 body={"Geeks":[{"id":273,"desc":"Precisando dar aquela ajeitada no seu computador? Conte comigo para te ajudar, seja um problema se sistema ou alguma peça que não está funcionando como deveria, eu posso te ajudar! Entre em contato e faça o seu orçamento sem compromisso!","printer_repair":"Sim","work":"Presencial","cost":"100.00","user_id":273,"email":"joao@qaninja.com.br","password_hash":"$2b$08$Ol2wM8Un9E8jdp6hPpd62O1Hja422JIH.goGD4rQ6mq6sPNWUu3xi","name":"João Lucas","avatar":null,"whatsapp":"11999999999","is_geek":true}],"Count":"1"} 
 </msg>
<msg timestamp="20220112 17:33:12.983" level="INFO">${response} = &lt;Response [200]&gt;</msg>
<status status="PASS" starttime="20220112 17:33:12.224" endtime="20220112 17:33:12.983"/>
</kw>
<msg timestamp="20220112 17:33:12.984" level="INFO">${response} = &lt;Response [200]&gt;</msg>
<status status="PASS" starttime="20220112 17:33:12.220" endtime="20220112 17:33:12.984"/>
</kw>
<kw name="Status Should Be" library="RequestsLibrary">
<arg>200</arg>
<arg>${response}</arg>
<doc>Fails if response status code is different than the expected.</doc>
<status status="PASS" starttime="20220112 17:33:12.985" endtime="20220112 17:33:12.986"/>
</kw>
<status status="PASS" starttime="20220112 17:33:10.553" endtime="20220112 17:33:12.988"/>
</test>
<doc>Geek route test suite</doc>
<status status="PASS" starttime="20220112 17:33:05.016" endtime="20220112 17:33:12.990"/>
</suite>
<statistics>
<total>
<stat pass="2" fail="0" skip="0">All Tests</stat>
</total>
<tag>
</tag>
<suite>
<stat pass="2" fail="0" skip="0" id="s1" name="Geeks">Geeks</stat>
</suite>
</statistics>
<errors>
</errors>
</robot>
