<?xml version="1.0" encoding="UTF-8"?>
<robot generator="Rebot 4.1.2 (Python 3.10.0 on win32)" generated="20211129 21:48:01.513" rpa="false" schemaversion="2">
<suite id="s1" name="Tests" source="C:\GravidadeZero\getgeeks\project\tests">
<suite id="s1-s1" name="AttemptBeGeek" source="C:\GravidadeZero\getgeeks\project\tests\AttemptBeGeek.robot">
<kw name="Start Session For Attempt Be Geek" type="SETUP">
<kw name="Factory User" library="Users">
<var>${user}</var>
<arg>attempt_be_geek</arg>
<msg timestamp="20211129 21:47:06.235" level="INFO">${user} = {'name': 'Dio', 'lastname': 'Linux', 'email': 'dio@linux.com', 'password': 'pwd123', 'geek_profile': {'whats': '11999999999', 'desc': 'Se precisar de qualquer serviço seja no seu Desktop ou Notebook, ...</msg>
<status status="PASS" starttime="20211129 21:47:06.233" endtime="20211129 21:47:06.235"/>
</kw>
<kw name="Start Session" library="Base">
<kw name="New Browser" library="Browser">
<arg>${BROWSER}</arg>
<arg>headless=${HEADLESS}</arg>
<arg>slowMo=00:00:00</arg>
<tag>BrowserControl</tag>
<tag>Setter</tag>
<doc>Create a new playwright Browser with specified options.</doc>
<msg timestamp="20211129 21:47:06.239" level="INFO">{"browser": "chromium", "headless": false, "handleSIGINT": true, "handleSIGTERM": true, "handleSIGHUP": true, "timeout": 30000.0, "devtools": false, "slowMo": 0.0, "tracesDir": "C:\\GravidadeZero\\getgeeks\\project\\logs\\pabot_results\\0\\browser\\traces\\40888ce9-a9a7-4a8e-bd21-16f877c9ad07"}</msg>
<msg timestamp="20211129 21:47:07.281" level="INFO">Successfully created browser with options: {"browser":"chromium","headless":false,"handleSIGINT":true,"handleSIGTERM":true,"handleSIGHUP":true,"timeout":30000,"devtools":false,"slowMo":0,"tracesDir":"C:\\GravidadeZero\\getgeeks\\project\\logs\\pabot_results\\0\\browser\\traces\\40888ce9-a9a7-4a8e-bd21-16f877c9ad07"}</msg>
<status status="PASS" starttime="20211129 21:47:06.237" endtime="20211129 21:47:07.281"/>
</kw>
<kw name="New Page" library="Browser">
<arg>${BASE_URL}</arg>
<tag>BrowserControl</tag>
<tag>Setter</tag>
<doc>Open a new Page. A Page is the Playwright equivalent to a tab.
See `Browser, Context and Page` for more information about Page concept.
Returns a stable identifier for the created page.</doc>
<msg timestamp="20211129 21:47:11.785" level="INFO">Successfully initialized new page object and opened url: https://getgeeks-vivis.herokuapp.com</msg>
<msg timestamp="20211129 21:47:11.785" level="INFO">No context was open. New context was automatically opened when this page is created.</msg>
<status status="PASS" starttime="20211129 21:47:07.282" endtime="20211129 21:47:11.785"/>
</kw>
<kw name="Set Viewport Size" library="Browser">
<arg>1280</arg>
<arg>768</arg>
<tag>BrowserControl</tag>
<tag>Setter</tag>
<doc>Sets current Pages viewport size to specified dimensions.</doc>
<msg timestamp="20211129 21:47:11.853" level="INFO">Set viewport size to: [object Object]</msg>
<status status="PASS" starttime="20211129 21:47:11.786" endtime="20211129 21:47:11.853"/>
</kw>
<status status="PASS" starttime="20211129 21:47:06.236" endtime="20211129 21:47:11.854"/>
</kw>
<kw name="Do Login" library="Helpers">
<arg>${user}</arg>
<kw name="Go To Login Page" library="AuthActions">
<kw name="Go To" library="Browser">
<arg>${BASE_URL}</arg>
<tag>BrowserControl</tag>
<tag>Setter</tag>
<doc>Navigates to the given ``url``.</doc>
<msg timestamp="20211129 21:47:12.657" level="INFO">Successfully opened URL https://getgeeks-vivis.herokuapp.com</msg>
<status status="PASS" starttime="20211129 21:47:11.859" endtime="20211129 21:47:12.659"/>
</kw>
<kw name="Wait For Elements State" library="Browser">
<arg>css=.login-form</arg>
<arg>visible</arg>
<arg>5</arg>
<tag>PageContent</tag>
<tag>Wait</tag>
<doc>Waits for the element found by ``selector`` to satisfy state option.</doc>
<msg timestamp="20211129 21:47:12.733" level="INFO">Waited for Element with selector css=.login-form at state visible</msg>
<status status="PASS" starttime="20211129 21:47:12.660" endtime="20211129 21:47:12.734"/>
</kw>
<status status="PASS" starttime="20211129 21:47:11.857" endtime="20211129 21:47:12.734"/>
</kw>
<kw name="Fill Credentials" library="AuthActions">
<arg>${user}</arg>
<kw name="Fill Text" library="Browser">
<arg>${INPUT_EMAIL}</arg>
<arg>${user}[email]</arg>
<tag>PageContent</tag>
<tag>Setter</tag>
<doc>Clears and fills the given ``txt`` into the text field found by ``selector``.</doc>
<msg timestamp="20211129 21:47:12.736" level="INFO">Fills the text 'dio@linux.com' in the given field.</msg>
<status status="PASS" starttime="20211129 21:47:12.735" endtime="20211129 21:47:12.788"/>
</kw>
<kw name="Fill Text" library="Browser">
<arg>${INPUT_PASS}</arg>
<arg>${user}[password]</arg>
<tag>PageContent</tag>
<tag>Setter</tag>
<doc>Clears and fills the given ``txt`` into the text field found by ``selector``.</doc>
<msg timestamp="20211129 21:47:12.791" level="INFO">Fills the text 'pwd123' in the given field.</msg>
<status status="PASS" starttime="20211129 21:47:12.789" endtime="20211129 21:47:12.830"/>
</kw>
<status status="PASS" starttime="20211129 21:47:12.735" endtime="20211129 21:47:12.830"/>
</kw>
<kw name="Submit Credentials" library="AuthActions">
<kw name="Click" library="Browser">
<arg>css=.submit-button &gt;&gt; text=Entrar</arg>
<tag>PageContent</tag>
<tag>Setter</tag>
<doc>Simulates mouse click on the element found by ``selector``.</doc>
<status status="PASS" starttime="20211129 21:47:12.831" endtime="20211129 21:47:12.977"/>
</kw>
<status status="PASS" starttime="20211129 21:47:12.830" endtime="20211129 21:47:12.978"/>
</kw>
<kw name="User Should Be Logged In" library="AuthActions">
<arg>${user}</arg>
<kw name="Set Variable" library="BuiltIn">
<var>${element}</var>
<arg>css=a[href="/profile"]</arg>
<doc>Returns the given values which can then be assigned to a variables.</doc>
<msg timestamp="20211129 21:47:12.980" level="INFO">${element} = css=a[href="/profile"]</msg>
<status status="PASS" starttime="20211129 21:47:12.979" endtime="20211129 21:47:12.980"/>
</kw>
<kw name="Set Variable" library="BuiltIn">
<var>${expected_fullname}</var>
<arg>${user}[name] ${user}[lastname]</arg>
<doc>Returns the given values which can then be assigned to a variables.</doc>
<msg timestamp="20211129 21:47:12.982" level="INFO">${expected_fullname} = Dio Linux</msg>
<status status="PASS" starttime="20211129 21:47:12.981" endtime="20211129 21:47:12.982"/>
</kw>
<kw name="Wait For Elements State" library="Browser">
<arg>${element}</arg>
<arg>visible</arg>
<arg>5</arg>
<tag>PageContent</tag>
<tag>Wait</tag>
<doc>Waits for the element found by ``selector`` to satisfy state option.</doc>
<msg timestamp="20211129 21:47:14.190" level="INFO">Waited for Element with selector css=a[href="/profile"] at state visible</msg>
<status status="PASS" starttime="20211129 21:47:12.983" endtime="20211129 21:47:14.190"/>
</kw>
<kw name="Get Text" library="Browser">
<arg>${element}</arg>
<arg>equal</arg>
<arg>${expected_fullname}</arg>
<tag>Assertion</tag>
<tag>Getter</tag>
<tag>PageContent</tag>
<doc>Returns text attribute of the element found by ``selector``.</doc>
<status status="PASS" starttime="20211129 21:47:14.191" endtime="20211129 21:47:14.227"/>
</kw>
<status status="PASS" starttime="20211129 21:47:12.978" endtime="20211129 21:47:14.227"/>
</kw>
<status status="PASS" starttime="20211129 21:47:11.855" endtime="20211129 21:47:14.228"/>
</kw>
<kw name="Go To Geek Form" library="GeekActions">
<kw name="Click" library="Browser">
<arg>css=a[href="/be-geek"] &gt;&gt; text=Seja um Geek</arg>
<tag>PageContent</tag>
<tag>Setter</tag>
<doc>Simulates mouse click on the element found by ``selector``.</doc>
<status status="PASS" starttime="20211129 21:47:14.229" endtime="20211129 21:47:14.338"/>
</kw>
<kw name="Wait For Elements State" library="Browser">
<arg>css=.be-geek-form</arg>
<arg>visible</arg>
<arg>5</arg>
<tag>PageContent</tag>
<tag>Wait</tag>
<doc>Waits for the element found by ``selector`` to satisfy state option.</doc>
<msg timestamp="20211129 21:47:14.355" level="INFO">Waited for Element with selector css=.be-geek-form at state visible</msg>
<status status="PASS" starttime="20211129 21:47:14.339" endtime="20211129 21:47:14.355"/>
</kw>
<status status="PASS" starttime="20211129 21:47:14.228" endtime="20211129 21:47:14.356"/>
</kw>
<status status="PASS" starttime="20211129 21:47:06.231" endtime="20211129 21:47:14.356"/>
</kw>
<test id="s1-s1-t1" name="Short Description">
<kw name="Attempt To Be a Geek">
<arg>desc</arg>
<arg>Formato Seu PC.</arg>
<arg>A descrição deve ter no minimo 80 caracteres</arg>
<kw name="Factory User" library="Users">
<var>${user}</var>
<arg>attempt_be_geek</arg>
<msg timestamp="20211129 21:47:14.376" level="INFO">${user} = {'name': 'Dio', 'lastname': 'Linux', 'email': 'dio@linux.com', 'password': 'pwd123', 'geek_profile': {'whats': '11999999999', 'desc': 'Se precisar de qualquer serviço seja no seu Desktop ou Notebook, ...</msg>
<status status="PASS" starttime="20211129 21:47:14.374" endtime="20211129 21:47:14.377"/>
</kw>
<kw name="Set To Dictionary" library="Collections">
<arg>${user}[geek_profile]</arg>
<arg>${key}</arg>
<arg>${input_field}</arg>
<doc>Adds the given ``key_value_pairs`` and ``items`` to the ``dictionary``.</doc>
<status status="PASS" starttime="20211129 21:47:14.377" endtime="20211129 21:47:14.379"/>
</kw>
<kw name="Fill Geek Form" library="GeekActions">
<arg>${user}[geek_profile]</arg>
<kw name="Reset Geek Form" library="GeekActions">
<kw name="Execute JavaScript" library="Browser">
<arg>document.getElementsByClassName("be-geek-form")[0].reset();</arg>
<tag>Getter</tag>
<tag>PageContent</tag>
<tag>Setter</tag>
<doc>Executes given javascript on the page.</doc>
<status status="PASS" starttime="20211129 21:47:14.383" endtime="20211129 21:47:14.407"/>
</kw>
<status status="PASS" starttime="20211129 21:47:14.381" endtime="20211129 21:47:14.408"/>
</kw>
<kw name="Fill Text" library="Browser">
<arg>id=whatsapp</arg>
<arg>${geek_profile}[whats]</arg>
<tag>PageContent</tag>
<tag>Setter</tag>
<doc>Clears and fills the given ``txt`` into the text field found by ``selector``.</doc>
<msg timestamp="20211129 21:47:14.411" level="INFO">Fills the text '11999999999' in the given field.</msg>
<status status="PASS" starttime="20211129 21:47:14.409" endtime="20211129 21:47:14.468"/>
</kw>
<kw name="Fill Text" library="Browser">
<arg>id=desc</arg>
<arg>${geek_profile}[desc]</arg>
<tag>PageContent</tag>
<tag>Setter</tag>
<doc>Clears and fills the given ``txt`` into the text field found by ``selector``.</doc>
<msg timestamp="20211129 21:47:14.470" level="INFO">Fills the text 'Formato Seu PC.' in the given field.</msg>
<status status="PASS" starttime="20211129 21:47:14.469" endtime="20211129 21:47:14.527"/>
</kw>
<if>
<branch type="IF" condition="'${geek_profile}[printer_repair]'">
<kw name="Select Options By" library="Browser">
<arg>id=printer_repair</arg>
<arg>text</arg>
<arg>${geek_profile}[printer_repair]</arg>
<tag>PageContent</tag>
<tag>Setter</tag>
<doc>Selects options from select element found by ``selector``.</doc>
<status status="PASS" starttime="20211129 21:47:14.529" endtime="20211129 21:47:14.562"/>
</kw>
<status status="PASS" starttime="20211129 21:47:14.528" endtime="20211129 21:47:14.563"/>
</branch>
<status status="PASS" starttime="20211129 21:47:14.528" endtime="20211129 21:47:14.563"/>
</if>
<if>
<branch type="IF" condition="'${geek_profile}[work]'">
<kw name="Select Options By" library="Browser">
<arg>id=work</arg>
<arg>text</arg>
<arg>${geek_profile}[work]</arg>
<tag>PageContent</tag>
<tag>Setter</tag>
<doc>Selects options from select element found by ``selector``.</doc>
<status status="PASS" starttime="20211129 21:47:14.567" endtime="20211129 21:47:14.649"/>
</kw>
<status status="PASS" starttime="20211129 21:47:14.565" endtime="20211129 21:47:14.649"/>
</branch>
<status status="PASS" starttime="20211129 21:47:14.564" endtime="20211129 21:47:14.650"/>
</if>
<kw name="Fill Text" library="Browser">
<arg>id=cost</arg>
<arg>${geek_profile}[cost]</arg>
<tag>PageContent</tag>
<tag>Setter</tag>
<doc>Clears and fills the given ``txt`` into the text field found by ``selector``.</doc>
<msg timestamp="20211129 21:47:14.652" level="INFO">Fills the text '150' in the given field.</msg>
<status status="PASS" starttime="20211129 21:47:14.650" endtime="20211129 21:47:14.683"/>
</kw>
<status status="PASS" starttime="20211129 21:47:14.380" endtime="20211129 21:47:14.683"/>
</kw>
<kw name="Submit Geek Form" library="GeekActions">
<kw name="Click" library="Browser">
<arg>css=button &gt;&gt; text=Quero ser um Geek</arg>
<tag>PageContent</tag>
<tag>Setter</tag>
<doc>Simulates mouse click on the element found by ``selector``.</doc>
<status status="PASS" starttime="20211129 21:47:14.686" endtime="20211129 21:47:14.841"/>
</kw>
<status status="PASS" starttime="20211129 21:47:14.684" endtime="20211129 21:47:14.842"/>
</kw>
<kw name="Alert Span Should Be" library="_SharedActions">
<arg>${output_message}</arg>
<kw name="Wait For Elements State" library="Browser">
<arg>css=span[class=error] &gt;&gt; text=${expect_alert}</arg>
<arg>visible</arg>
<arg>5</arg>
<tag>PageContent</tag>
<tag>Wait</tag>
<doc>Waits for the element found by ``selector`` to satisfy state option.</doc>
<msg timestamp="20211129 21:47:14.890" level="INFO">Waited for Element with selector css=span[class=error] &gt;&gt; text=A descrição deve ter no minimo 80 caracteres at state visible</msg>
<status status="PASS" starttime="20211129 21:47:14.847" endtime="20211129 21:47:14.891"/>
</kw>
<status status="PASS" starttime="20211129 21:47:14.843" endtime="20211129 21:47:14.891"/>
</kw>
<kw name="After Test" library="Base">
<kw name="Screenshot Name" library="Utils">
<var>${shot_name}</var>
<msg timestamp="20211129 21:47:14.894" level="INFO">${shot_name} = 103a70c5039c3fb3bc0462ea5d4098ab791669c3</msg>
<status status="PASS" starttime="20211129 21:47:14.893" endtime="20211129 21:47:14.894"/>
</kw>
<kw name="Take Screenshot" library="Browser">
<arg>fullPage=True</arg>
<arg>filename=${shot_name}</arg>
<tag>PageContent</tag>
<doc>Takes a screenshot of the current window or element and saves it to disk.</doc>
<msg timestamp="20211129 21:47:15.509" level="INFO" html="true">&lt;/td&gt;&lt;/tr&gt;&lt;tr&gt;&lt;td colspan="3"&gt;&lt;a href="browser/screenshot/103a70c5039c3fb3bc0462ea5d4098ab791669c3.png"&gt;&lt;img src="browser/screenshot/103a70c5039c3fb3bc0462ea5d4098ab791669c3.png" width="800px"&gt;&lt;/a&gt;</msg>
<status status="PASS" starttime="20211129 21:47:14.895" endtime="20211129 21:47:15.510"/>
</kw>
<status status="PASS" starttime="20211129 21:47:14.892" endtime="20211129 21:47:15.511"/>
</kw>
<status status="PASS" starttime="20211129 21:47:14.372" endtime="20211129 21:47:15.512"/>
</kw>
<status status="PASS" starttime="20211129 21:47:14.357" endtime="20211129 21:47:15.513"/>
</test>
<test id="s1-s1-t2" name="Empty Description">
<kw name="Attempt To Be a Geek">
<arg>desc</arg>
<arg>${EMPTY}</arg>
<arg>Informe a descrição do seu trabalho</arg>
<kw name="Factory User" library="Users">
<var>${user}</var>
<arg>attempt_be_geek</arg>
<msg timestamp="20211129 21:47:15.550" level="INFO">${user} = {'name': 'Dio', 'lastname': 'Linux', 'email': 'dio@linux.com', 'password': 'pwd123', 'geek_profile': {'whats': '11999999999', 'desc': 'Se precisar de qualquer serviço seja no seu Desktop ou Notebook, ...</msg>
<status status="PASS" starttime="20211129 21:47:15.548" endtime="20211129 21:47:15.550"/>
</kw>
<kw name="Set To Dictionary" library="Collections">
<arg>${user}[geek_profile]</arg>
<arg>${key}</arg>
<arg>${input_field}</arg>
<doc>Adds the given ``key_value_pairs`` and ``items`` to the ``dictionary``.</doc>
<status status="PASS" starttime="20211129 21:47:15.551" endtime="20211129 21:47:15.553"/>
</kw>
<kw name="Fill Geek Form" library="GeekActions">
<arg>${user}[geek_profile]</arg>
<kw name="Reset Geek Form" library="GeekActions">
<kw name="Execute JavaScript" library="Browser">
<arg>document.getElementsByClassName("be-geek-form")[0].reset();</arg>
<tag>Getter</tag>
<tag>PageContent</tag>
<tag>Setter</tag>
<doc>Executes given javascript on the page.</doc>
<status status="PASS" starttime="20211129 21:47:15.556" endtime="20211129 21:47:15.567"/>
</kw>
<status status="PASS" starttime="20211129 21:47:15.555" endtime="20211129 21:47:15.568"/>
</kw>
<kw name="Fill Text" library="Browser">
<arg>id=whatsapp</arg>
<arg>${geek_profile}[whats]</arg>
<tag>PageContent</tag>
<tag>Setter</tag>
<doc>Clears and fills the given ``txt`` into the text field found by ``selector``.</doc>
<msg timestamp="20211129 21:47:15.570" level="INFO">Fills the text '11999999999' in the given field.</msg>
<status status="PASS" starttime="20211129 21:47:15.568" endtime="20211129 21:47:15.606"/>
</kw>
<kw name="Fill Text" library="Browser">
<arg>id=desc</arg>
<arg>${geek_profile}[desc]</arg>
<tag>PageContent</tag>
<tag>Setter</tag>
<doc>Clears and fills the given ``txt`` into the text field found by ``selector``.</doc>
<msg timestamp="20211129 21:47:15.608" level="INFO">Fills the text '' in the given field.</msg>
<status status="PASS" starttime="20211129 21:47:15.607" endtime="20211129 21:47:15.650"/>
</kw>
<if>
<branch type="IF" condition="'${geek_profile}[printer_repair]'">
<kw name="Select Options By" library="Browser">
<arg>id=printer_repair</arg>
<arg>text</arg>
<arg>${geek_profile}[printer_repair]</arg>
<tag>PageContent</tag>
<tag>Setter</tag>
<doc>Selects options from select element found by ``selector``.</doc>
<status status="PASS" starttime="20211129 21:47:15.653" endtime="20211129 21:47:15.687"/>
</kw>
<status status="PASS" starttime="20211129 21:47:15.651" endtime="20211129 21:47:15.688"/>
</branch>
<status status="PASS" starttime="20211129 21:47:15.651" endtime="20211129 21:47:15.688"/>
</if>
<if>
<branch type="IF" condition="'${geek_profile}[work]'">
<kw name="Select Options By" library="Browser">
<arg>id=work</arg>
<arg>text</arg>
<arg>${geek_profile}[work]</arg>
<tag>PageContent</tag>
<tag>Setter</tag>
<doc>Selects options from select element found by ``selector``.</doc>
<status status="PASS" starttime="20211129 21:47:15.690" endtime="20211129 21:47:15.741"/>
</kw>
<status status="PASS" starttime="20211129 21:47:15.689" endtime="20211129 21:47:15.742"/>
</branch>
<status status="PASS" starttime="20211129 21:47:15.688" endtime="20211129 21:47:15.742"/>
</if>
<kw name="Fill Text" library="Browser">
<arg>id=cost</arg>
<arg>${geek_profile}[cost]</arg>
<tag>PageContent</tag>
<tag>Setter</tag>
<doc>Clears and fills the given ``txt`` into the text field found by ``selector``.</doc>
<msg timestamp="20211129 21:47:15.744" level="INFO">Fills the text '150' in the given field.</msg>
<status status="PASS" starttime="20211129 21:47:15.742" endtime="20211129 21:47:15.847"/>
</kw>
<status status="PASS" starttime="20211129 21:47:15.553" endtime="20211129 21:47:15.848"/>
</kw>
<kw name="Submit Geek Form" library="GeekActions">
<kw name="Click" library="Browser">
<arg>css=button &gt;&gt; text=Quero ser um Geek</arg>
<tag>PageContent</tag>
<tag>Setter</tag>
<doc>Simulates mouse click on the element found by ``selector``.</doc>
<status status="PASS" starttime="20211129 21:47:15.850" endtime="20211129 21:47:15.964"/>
</kw>
<status status="PASS" starttime="20211129 21:47:15.848" endtime="20211129 21:47:15.965"/>
</kw>
<kw name="Alert Span Should Be" library="_SharedActions">
<arg>${output_message}</arg>
<kw name="Wait For Elements State" library="Browser">
<arg>css=span[class=error] &gt;&gt; text=${expect_alert}</arg>
<arg>visible</arg>
<arg>5</arg>
<tag>PageContent</tag>
<tag>Wait</tag>
<doc>Waits for the element found by ``selector`` to satisfy state option.</doc>
<msg timestamp="20211129 21:47:15.988" level="INFO">Waited for Element with selector css=span[class=error] &gt;&gt; text=Informe a descrição do seu trabalho at state visible</msg>
<status status="PASS" starttime="20211129 21:47:15.968" endtime="20211129 21:47:15.988"/>
</kw>
<status status="PASS" starttime="20211129 21:47:15.966" endtime="20211129 21:47:15.989"/>
</kw>
<kw name="After Test" library="Base">
<kw name="Screenshot Name" library="Utils">
<var>${shot_name}</var>
<msg timestamp="20211129 21:47:15.991" level="INFO">${shot_name} = 4992594fe757daf7785c029442dba3775ca93222</msg>
<status status="PASS" starttime="20211129 21:47:15.991" endtime="20211129 21:47:15.992"/>
</kw>
<kw name="Take Screenshot" library="Browser">
<arg>fullPage=True</arg>
<arg>filename=${shot_name}</arg>
<tag>PageContent</tag>
<doc>Takes a screenshot of the current window or element and saves it to disk.</doc>
<msg timestamp="20211129 21:47:16.513" level="INFO" html="true">&lt;/td&gt;&lt;/tr&gt;&lt;tr&gt;&lt;td colspan="3"&gt;&lt;a href="browser/screenshot/4992594fe757daf7785c029442dba3775ca93222.png"&gt;&lt;img src="browser/screenshot/4992594fe757daf7785c029442dba3775ca93222.png" width="800px"&gt;&lt;/a&gt;</msg>
<status status="PASS" starttime="20211129 21:47:15.992" endtime="20211129 21:47:16.514"/>
</kw>
<status status="PASS" starttime="20211129 21:47:15.989" endtime="20211129 21:47:16.515"/>
</kw>
<status status="PASS" starttime="20211129 21:47:15.544" endtime="20211129 21:47:16.516"/>
</kw>
<status status="PASS" starttime="20211129 21:47:15.530" endtime="20211129 21:47:16.517"/>
</test>
<test id="s1-s1-t3" name="Long Description">
<kw name="Attempt To Be a Geek">
<arg>desc</arg>
<arg>${long_desc}</arg>
<arg>A descrição deve ter no máximo 255 caracteres</arg>
<kw name="Factory User" library="Users">
<var>${user}</var>
<arg>attempt_be_geek</arg>
<msg timestamp="20211129 21:47:16.546" level="INFO">${user} = {'name': 'Dio', 'lastname': 'Linux', 'email': 'dio@linux.com', 'password': 'pwd123', 'geek_profile': {'whats': '11999999999', 'desc': 'Se precisar de qualquer serviço seja no seu Desktop ou Notebook, ...</msg>
<status status="PASS" starttime="20211129 21:47:16.543" endtime="20211129 21:47:16.546"/>
</kw>
<kw name="Set To Dictionary" library="Collections">
<arg>${user}[geek_profile]</arg>
<arg>${key}</arg>
<arg>${input_field}</arg>
<doc>Adds the given ``key_value_pairs`` and ``items`` to the ``dictionary``.</doc>
<status status="PASS" starttime="20211129 21:47:16.547" endtime="20211129 21:47:16.548"/>
</kw>
<kw name="Fill Geek Form" library="GeekActions">
<arg>${user}[geek_profile]</arg>
<kw name="Reset Geek Form" library="GeekActions">
<kw name="Execute JavaScript" library="Browser">
<arg>document.getElementsByClassName("be-geek-form")[0].reset();</arg>
<tag>Getter</tag>
<tag>PageContent</tag>
<tag>Setter</tag>
<doc>Executes given javascript on the page.</doc>
<status status="PASS" starttime="20211129 21:47:16.552" endtime="20211129 21:47:16.563"/>
</kw>
<status status="PASS" starttime="20211129 21:47:16.551" endtime="20211129 21:47:16.563"/>
</kw>
<kw name="Fill Text" library="Browser">
<arg>id=whatsapp</arg>
<arg>${geek_profile}[whats]</arg>
<tag>PageContent</tag>
<tag>Setter</tag>
<doc>Clears and fills the given ``txt`` into the text field found by ``selector``.</doc>
<msg timestamp="20211129 21:47:16.566" level="INFO">Fills the text '11999999999' in the given field.</msg>
<status status="PASS" starttime="20211129 21:47:16.564" endtime="20211129 21:47:16.608"/>
</kw>
<kw name="Fill Text" library="Browser">
<arg>id=desc</arg>
<arg>${geek_profile}[desc]</arg>
<tag>PageContent</tag>
<tag>Setter</tag>
<doc>Clears and fills the given ``txt`` into the text field found by ``selector``.</doc>
<msg timestamp="20211129 21:47:16.610" level="INFO">Fills the text 'Trabalho com formatação de computadores, Linux, Windows e IOS, faço remoção de vírus e malwares, instalo sistema operacional. Conserto também o hardaware do seu notebook ou desktop. Troco placa de vídeo, rede ou qualquer outra peça que precise de manutenção. Faço orçamento sem compromisso.' in the given field.</msg>
<status status="PASS" starttime="20211129 21:47:16.608" endtime="20211129 21:47:16.943"/>
</kw>
<if>
<branch type="IF" condition="'${geek_profile}[printer_repair]'">
<kw name="Select Options By" library="Browser">
<arg>id=printer_repair</arg>
<arg>text</arg>
<arg>${geek_profile}[printer_repair]</arg>
<tag>PageContent</tag>
<tag>Setter</tag>
<doc>Selects options from select element found by ``selector``.</doc>
<status status="PASS" starttime="20211129 21:47:16.947" endtime="20211129 21:47:17.040"/>
</kw>
<status status="PASS" starttime="20211129 21:47:16.945" endtime="20211129 21:47:17.040"/>
</branch>
<status status="PASS" starttime="20211129 21:47:16.943" endtime="20211129 21:47:17.041"/>
</if>
<if>
<branch type="IF" condition="'${geek_profile}[work]'">
<kw name="Select Options By" library="Browser">
<arg>id=work</arg>
<arg>text</arg>
<arg>${geek_profile}[work]</arg>
<tag>PageContent</tag>
<tag>Setter</tag>
<doc>Selects options from select element found by ``selector``.</doc>
<status status="PASS" starttime="20211129 21:47:17.043" endtime="20211129 21:47:17.171"/>
</kw>
<status status="PASS" starttime="20211129 21:47:17.042" endtime="20211129 21:47:17.172"/>
</branch>
<status status="PASS" starttime="20211129 21:47:17.041" endtime="20211129 21:47:17.173"/>
</if>
<kw name="Fill Text" library="Browser">
<arg>id=cost</arg>
<arg>${geek_profile}[cost]</arg>
<tag>PageContent</tag>
<tag>Setter</tag>
<doc>Clears and fills the given ``txt`` into the text field found by ``selector``.</doc>
<msg timestamp="20211129 21:47:17.175" level="INFO">Fills the text '150' in the given field.</msg>
<status status="PASS" starttime="20211129 21:47:17.173" endtime="20211129 21:47:17.233"/>
</kw>
<status status="PASS" starttime="20211129 21:47:16.549" endtime="20211129 21:47:17.234"/>
</kw>
<kw name="Submit Geek Form" library="GeekActions">
<kw name="Click" library="Browser">
<arg>css=button &gt;&gt; text=Quero ser um Geek</arg>
<tag>PageContent</tag>
<tag>Setter</tag>
<doc>Simulates mouse click on the element found by ``selector``.</doc>
<status status="PASS" starttime="20211129 21:47:17.238" endtime="20211129 21:47:17.328"/>
</kw>
<status status="PASS" starttime="20211129 21:47:17.235" endtime="20211129 21:47:17.329"/>
</kw>
<kw name="Alert Span Should Be" library="_SharedActions">
<arg>${output_message}</arg>
<kw name="Wait For Elements State" library="Browser">
<arg>css=span[class=error] &gt;&gt; text=${expect_alert}</arg>
<arg>visible</arg>
<arg>5</arg>
<tag>PageContent</tag>
<tag>Wait</tag>
<doc>Waits for the element found by ``selector`` to satisfy state option.</doc>
<msg timestamp="20211129 21:47:17.352" level="INFO">Waited for Element with selector css=span[class=error] &gt;&gt; text=A descrição deve ter no máximo 255 caracteres at state visible</msg>
<status status="PASS" starttime="20211129 21:47:17.331" endtime="20211129 21:47:17.353"/>
</kw>
<status status="PASS" starttime="20211129 21:47:17.329" endtime="20211129 21:47:17.353"/>
</kw>
<kw name="After Test" library="Base">
<kw name="Screenshot Name" library="Utils">
<var>${shot_name}</var>
<msg timestamp="20211129 21:47:17.358" level="INFO">${shot_name} = 6e376115556ccf072001028416729ba11a157b8f</msg>
<status status="PASS" starttime="20211129 21:47:17.356" endtime="20211129 21:47:17.358"/>
</kw>
<kw name="Take Screenshot" library="Browser">
<arg>fullPage=True</arg>
<arg>filename=${shot_name}</arg>
<tag>PageContent</tag>
<doc>Takes a screenshot of the current window or element and saves it to disk.</doc>
<msg timestamp="20211129 21:47:17.737" level="INFO" html="true">&lt;/td&gt;&lt;/tr&gt;&lt;tr&gt;&lt;td colspan="3"&gt;&lt;a href="browser/screenshot/6e376115556ccf072001028416729ba11a157b8f.png"&gt;&lt;img src="browser/screenshot/6e376115556ccf072001028416729ba11a157b8f.png" width="800px"&gt;&lt;/a&gt;</msg>
<status status="PASS" starttime="20211129 21:47:17.358" endtime="20211129 21:47:17.737"/>
</kw>
<status status="PASS" starttime="20211129 21:47:17.354" endtime="20211129 21:47:17.738"/>
</kw>
<status status="PASS" starttime="20211129 21:47:16.541" endtime="20211129 21:47:17.738"/>
</kw>
<status status="PASS" starttime="20211129 21:47:16.530" endtime="20211129 21:47:17.739"/>
</test>
<test id="s1-s1-t4" name="Only Whats DDD">
<kw name="Attempt To Be a Geek">
<arg>whats</arg>
<arg>11</arg>
<arg>O Whatsapp deve ter 11 digitos contando com o DDD</arg>
<kw name="Factory User" library="Users">
<var>${user}</var>
<arg>attempt_be_geek</arg>
<msg timestamp="20211129 21:47:17.756" level="INFO">${user} = {'name': 'Dio', 'lastname': 'Linux', 'email': 'dio@linux.com', 'password': 'pwd123', 'geek_profile': {'whats': '11999999999', 'desc': 'Se precisar de qualquer serviço seja no seu Desktop ou Notebook, ...</msg>
<status status="PASS" starttime="20211129 21:47:17.755" endtime="20211129 21:47:17.756"/>
</kw>
<kw name="Set To Dictionary" library="Collections">
<arg>${user}[geek_profile]</arg>
<arg>${key}</arg>
<arg>${input_field}</arg>
<doc>Adds the given ``key_value_pairs`` and ``items`` to the ``dictionary``.</doc>
<status status="PASS" starttime="20211129 21:47:17.756" endtime="20211129 21:47:17.757"/>
</kw>
<kw name="Fill Geek Form" library="GeekActions">
<arg>${user}[geek_profile]</arg>
<kw name="Reset Geek Form" library="GeekActions">
<kw name="Execute JavaScript" library="Browser">
<arg>document.getElementsByClassName("be-geek-form")[0].reset();</arg>
<tag>Getter</tag>
<tag>PageContent</tag>
<tag>Setter</tag>
<doc>Executes given javascript on the page.</doc>
<status status="PASS" starttime="20211129 21:47:17.759" endtime="20211129 21:47:17.765"/>
</kw>
<status status="PASS" starttime="20211129 21:47:17.758" endtime="20211129 21:47:17.766"/>
</kw>
<kw name="Fill Text" library="Browser">
<arg>id=whatsapp</arg>
<arg>${geek_profile}[whats]</arg>
<tag>PageContent</tag>
<tag>Setter</tag>
<doc>Clears and fills the given ``txt`` into the text field found by ``selector``.</doc>
<msg timestamp="20211129 21:47:17.767" level="INFO">Fills the text '11' in the given field.</msg>
<status status="PASS" starttime="20211129 21:47:17.766" endtime="20211129 21:47:17.788"/>
</kw>
<kw name="Fill Text" library="Browser">
<arg>id=desc</arg>
<arg>${geek_profile}[desc]</arg>
<tag>PageContent</tag>
<tag>Setter</tag>
<doc>Clears and fills the given ``txt`` into the text field found by ``selector``.</doc>
<msg timestamp="20211129 21:47:17.789" level="INFO">Fills the text 'Se precisar de qualquer serviço seja no seu Desktop ou Notebook, conte comigo. Instalo sistemas operacionais, atualizo drivers e hardwares.  Orçamento grátis e garantia de serviço.' in the given field.</msg>
<status status="PASS" starttime="20211129 21:47:17.789" endtime="20211129 21:47:17.814"/>
</kw>
<if>
<branch type="IF" condition="'${geek_profile}[printer_repair]'">
<kw name="Select Options By" library="Browser">
<arg>id=printer_repair</arg>
<arg>text</arg>
<arg>${geek_profile}[printer_repair]</arg>
<tag>PageContent</tag>
<tag>Setter</tag>
<doc>Selects options from select element found by ``selector``.</doc>
<status status="PASS" starttime="20211129 21:47:17.815" endtime="20211129 21:47:17.832"/>
</kw>
<status status="PASS" starttime="20211129 21:47:17.814" endtime="20211129 21:47:17.832"/>
</branch>
<status status="PASS" starttime="20211129 21:47:17.814" endtime="20211129 21:47:17.832"/>
</if>
<if>
<branch type="IF" condition="'${geek_profile}[work]'">
<kw name="Select Options By" library="Browser">
<arg>id=work</arg>
<arg>text</arg>
<arg>${geek_profile}[work]</arg>
<tag>PageContent</tag>
<tag>Setter</tag>
<doc>Selects options from select element found by ``selector``.</doc>
<status status="PASS" starttime="20211129 21:47:17.833" endtime="20211129 21:47:17.866"/>
</kw>
<status status="PASS" starttime="20211129 21:47:17.833" endtime="20211129 21:47:17.866"/>
</branch>
<status status="PASS" starttime="20211129 21:47:17.832" endtime="20211129 21:47:17.866"/>
</if>
<kw name="Fill Text" library="Browser">
<arg>id=cost</arg>
<arg>${geek_profile}[cost]</arg>
<tag>PageContent</tag>
<tag>Setter</tag>
<doc>Clears and fills the given ``txt`` into the text field found by ``selector``.</doc>
<msg timestamp="20211129 21:47:17.867" level="INFO">Fills the text '150' in the given field.</msg>
<status status="PASS" starttime="20211129 21:47:17.867" endtime="20211129 21:47:17.889"/>
</kw>
<status status="PASS" starttime="20211129 21:47:17.757" endtime="20211129 21:47:17.890"/>
</kw>
<kw name="Submit Geek Form" library="GeekActions">
<kw name="Click" library="Browser">
<arg>css=button &gt;&gt; text=Quero ser um Geek</arg>
<tag>PageContent</tag>
<tag>Setter</tag>
<doc>Simulates mouse click on the element found by ``selector``.</doc>
<status status="PASS" starttime="20211129 21:47:17.892" endtime="20211129 21:47:17.952"/>
</kw>
<status status="PASS" starttime="20211129 21:47:17.891" endtime="20211129 21:47:17.953"/>
</kw>
<kw name="Alert Span Should Be" library="_SharedActions">
<arg>${output_message}</arg>
<kw name="Wait For Elements State" library="Browser">
<arg>css=span[class=error] &gt;&gt; text=${expect_alert}</arg>
<arg>visible</arg>
<arg>5</arg>
<tag>PageContent</tag>
<tag>Wait</tag>
<doc>Waits for the element found by ``selector`` to satisfy state option.</doc>
<msg timestamp="20211129 21:47:17.973" level="INFO">Waited for Element with selector css=span[class=error] &gt;&gt; text=O Whatsapp deve ter 11 digitos contando com o DDD at state visible</msg>
<status status="PASS" starttime="20211129 21:47:17.955" endtime="20211129 21:47:17.974"/>
</kw>
<status status="PASS" starttime="20211129 21:47:17.953" endtime="20211129 21:47:17.974"/>
</kw>
<kw name="After Test" library="Base">
<kw name="Screenshot Name" library="Utils">
<var>${shot_name}</var>
<msg timestamp="20211129 21:47:17.976" level="INFO">${shot_name} = ec4a3b52314a176f3265cd8e207e5d5d7edcba07</msg>
<status status="PASS" starttime="20211129 21:47:17.975" endtime="20211129 21:47:17.976"/>
</kw>
<kw name="Take Screenshot" library="Browser">
<arg>fullPage=True</arg>
<arg>filename=${shot_name}</arg>
<tag>PageContent</tag>
<doc>Takes a screenshot of the current window or element and saves it to disk.</doc>
<msg timestamp="20211129 21:47:18.338" level="INFO" html="true">&lt;/td&gt;&lt;/tr&gt;&lt;tr&gt;&lt;td colspan="3"&gt;&lt;a href="browser/screenshot/ec4a3b52314a176f3265cd8e207e5d5d7edcba07.png"&gt;&lt;img src="browser/screenshot/ec4a3b52314a176f3265cd8e207e5d5d7edcba07.png" width="800px"&gt;&lt;/a&gt;</msg>
<status status="PASS" starttime="20211129 21:47:17.977" endtime="20211129 21:47:18.338"/>
</kw>
<status status="PASS" starttime="20211129 21:47:17.975" endtime="20211129 21:47:18.339"/>
</kw>
<status status="PASS" starttime="20211129 21:47:17.753" endtime="20211129 21:47:18.340"/>
</kw>
<status status="PASS" starttime="20211129 21:47:17.745" endtime="20211129 21:47:18.341"/>
</test>
<test id="s1-s1-t5" name="Whats Without DDD">
<kw name="Attempt To Be a Geek">
<arg>whats</arg>
<arg>999999999</arg>
<arg>O Whatsapp deve ter 11 digitos contando com o DDD</arg>
<kw name="Factory User" library="Users">
<var>${user}</var>
<arg>attempt_be_geek</arg>
<msg timestamp="20211129 21:47:18.363" level="INFO">${user} = {'name': 'Dio', 'lastname': 'Linux', 'email': 'dio@linux.com', 'password': 'pwd123', 'geek_profile': {'whats': '11999999999', 'desc': 'Se precisar de qualquer serviço seja no seu Desktop ou Notebook, ...</msg>
<status status="PASS" starttime="20211129 21:47:18.362" endtime="20211129 21:47:18.363"/>
</kw>
<kw name="Set To Dictionary" library="Collections">
<arg>${user}[geek_profile]</arg>
<arg>${key}</arg>
<arg>${input_field}</arg>
<doc>Adds the given ``key_value_pairs`` and ``items`` to the ``dictionary``.</doc>
<status status="PASS" starttime="20211129 21:47:18.363" endtime="20211129 21:47:18.364"/>
</kw>
<kw name="Fill Geek Form" library="GeekActions">
<arg>${user}[geek_profile]</arg>
<kw name="Reset Geek Form" library="GeekActions">
<kw name="Execute JavaScript" library="Browser">
<arg>document.getElementsByClassName("be-geek-form")[0].reset();</arg>
<tag>Getter</tag>
<tag>PageContent</tag>
<tag>Setter</tag>
<doc>Executes given javascript on the page.</doc>
<status status="PASS" starttime="20211129 21:47:18.366" endtime="20211129 21:47:18.372"/>
</kw>
<status status="PASS" starttime="20211129 21:47:18.365" endtime="20211129 21:47:18.372"/>
</kw>
<kw name="Fill Text" library="Browser">
<arg>id=whatsapp</arg>
<arg>${geek_profile}[whats]</arg>
<tag>PageContent</tag>
<tag>Setter</tag>
<doc>Clears and fills the given ``txt`` into the text field found by ``selector``.</doc>
<msg timestamp="20211129 21:47:18.374" level="INFO">Fills the text '999999999' in the given field.</msg>
<status status="PASS" starttime="20211129 21:47:18.373" endtime="20211129 21:47:18.402"/>
</kw>
<kw name="Fill Text" library="Browser">
<arg>id=desc</arg>
<arg>${geek_profile}[desc]</arg>
<tag>PageContent</tag>
<tag>Setter</tag>
<doc>Clears and fills the given ``txt`` into the text field found by ``selector``.</doc>
<msg timestamp="20211129 21:47:18.403" level="INFO">Fills the text 'Se precisar de qualquer serviço seja no seu Desktop ou Notebook, conte comigo. Instalo sistemas operacionais, atualizo drivers e hardwares.  Orçamento grátis e garantia de serviço.' in the given field.</msg>
<status status="PASS" starttime="20211129 21:47:18.402" endtime="20211129 21:47:18.435"/>
</kw>
<if>
<branch type="IF" condition="'${geek_profile}[printer_repair]'">
<kw name="Select Options By" library="Browser">
<arg>id=printer_repair</arg>
<arg>text</arg>
<arg>${geek_profile}[printer_repair]</arg>
<tag>PageContent</tag>
<tag>Setter</tag>
<doc>Selects options from select element found by ``selector``.</doc>
<status status="PASS" starttime="20211129 21:47:18.436" endtime="20211129 21:47:18.467"/>
</kw>
<status status="PASS" starttime="20211129 21:47:18.435" endtime="20211129 21:47:18.467"/>
</branch>
<status status="PASS" starttime="20211129 21:47:18.435" endtime="20211129 21:47:18.468"/>
</if>
<if>
<branch type="IF" condition="'${geek_profile}[work]'">
<kw name="Select Options By" library="Browser">
<arg>id=work</arg>
<arg>text</arg>
<arg>${geek_profile}[work]</arg>
<tag>PageContent</tag>
<tag>Setter</tag>
<doc>Selects options from select element found by ``selector``.</doc>
<status status="PASS" starttime="20211129 21:47:18.469" endtime="20211129 21:47:18.504"/>
</kw>
<status status="PASS" starttime="20211129 21:47:18.468" endtime="20211129 21:47:18.505"/>
</branch>
<status status="PASS" starttime="20211129 21:47:18.468" endtime="20211129 21:47:18.506"/>
</if>
<kw name="Fill Text" library="Browser">
<arg>id=cost</arg>
<arg>${geek_profile}[cost]</arg>
<tag>PageContent</tag>
<tag>Setter</tag>
<doc>Clears and fills the given ``txt`` into the text field found by ``selector``.</doc>
<msg timestamp="20211129 21:47:18.508" level="INFO">Fills the text '150' in the given field.</msg>
<status status="PASS" starttime="20211129 21:47:18.506" endtime="20211129 21:47:18.549"/>
</kw>
<status status="PASS" starttime="20211129 21:47:18.364" endtime="20211129 21:47:18.550"/>
</kw>
<kw name="Submit Geek Form" library="GeekActions">
<kw name="Click" library="Browser">
<arg>css=button &gt;&gt; text=Quero ser um Geek</arg>
<tag>PageContent</tag>
<tag>Setter</tag>
<doc>Simulates mouse click on the element found by ``selector``.</doc>
<status status="PASS" starttime="20211129 21:47:18.551" endtime="20211129 21:47:18.614"/>
</kw>
<status status="PASS" starttime="20211129 21:47:18.550" endtime="20211129 21:47:18.614"/>
</kw>
<kw name="Alert Span Should Be" library="_SharedActions">
<arg>${output_message}</arg>
<kw name="Wait For Elements State" library="Browser">
<arg>css=span[class=error] &gt;&gt; text=${expect_alert}</arg>
<arg>visible</arg>
<arg>5</arg>
<tag>PageContent</tag>
<tag>Wait</tag>
<doc>Waits for the element found by ``selector`` to satisfy state option.</doc>
<msg timestamp="20211129 21:47:18.631" level="INFO">Waited for Element with selector css=span[class=error] &gt;&gt; text=O Whatsapp deve ter 11 digitos contando com o DDD at state visible</msg>
<status status="PASS" starttime="20211129 21:47:18.616" endtime="20211129 21:47:18.631"/>
</kw>
<status status="PASS" starttime="20211129 21:47:18.615" endtime="20211129 21:47:18.631"/>
</kw>
<kw name="After Test" library="Base">
<kw name="Screenshot Name" library="Utils">
<var>${shot_name}</var>
<msg timestamp="20211129 21:47:18.633" level="INFO">${shot_name} = c6de8ee3e578e7f605098a777ca194d618f316be</msg>
<status status="PASS" starttime="20211129 21:47:18.633" endtime="20211129 21:47:18.633"/>
</kw>
<kw name="Take Screenshot" library="Browser">
<arg>fullPage=True</arg>
<arg>filename=${shot_name}</arg>
<tag>PageContent</tag>
<doc>Takes a screenshot of the current window or element and saves it to disk.</doc>
<msg timestamp="20211129 21:47:19.005" level="INFO" html="true">&lt;/td&gt;&lt;/tr&gt;&lt;tr&gt;&lt;td colspan="3"&gt;&lt;a href="browser/screenshot/c6de8ee3e578e7f605098a777ca194d618f316be.png"&gt;&lt;img src="browser/screenshot/c6de8ee3e578e7f605098a777ca194d618f316be.png" width="800px"&gt;&lt;/a&gt;</msg>
<status status="PASS" starttime="20211129 21:47:18.634" endtime="20211129 21:47:19.005"/>
</kw>
<status status="PASS" starttime="20211129 21:47:18.632" endtime="20211129 21:47:19.006"/>
</kw>
<status status="PASS" starttime="20211129 21:47:18.361" endtime="20211129 21:47:19.006"/>
</kw>
<status status="PASS" starttime="20211129 21:47:18.352" endtime="20211129 21:47:19.007"/>
</test>
<test id="s1-s1-t6" name="Empty Whats">
<kw name="Attempt To Be a Geek">
<arg>whats</arg>
<arg>${EMPTY}</arg>
<arg>O Whatsapp deve ter 11 digitos contando com o DDD</arg>
<kw name="Factory User" library="Users">
<var>${user}</var>
<arg>attempt_be_geek</arg>
<msg timestamp="20211129 21:47:19.031" level="INFO">${user} = {'name': 'Dio', 'lastname': 'Linux', 'email': 'dio@linux.com', 'password': 'pwd123', 'geek_profile': {'whats': '11999999999', 'desc': 'Se precisar de qualquer serviço seja no seu Desktop ou Notebook, ...</msg>
<status status="PASS" starttime="20211129 21:47:19.029" endtime="20211129 21:47:19.031"/>
</kw>
<kw name="Set To Dictionary" library="Collections">
<arg>${user}[geek_profile]</arg>
<arg>${key}</arg>
<arg>${input_field}</arg>
<doc>Adds the given ``key_value_pairs`` and ``items`` to the ``dictionary``.</doc>
<status status="PASS" starttime="20211129 21:47:19.031" endtime="20211129 21:47:19.032"/>
</kw>
<kw name="Fill Geek Form" library="GeekActions">
<arg>${user}[geek_profile]</arg>
<kw name="Reset Geek Form" library="GeekActions">
<kw name="Execute JavaScript" library="Browser">
<arg>document.getElementsByClassName("be-geek-form")[0].reset();</arg>
<tag>Getter</tag>
<tag>PageContent</tag>
<tag>Setter</tag>
<doc>Executes given javascript on the page.</doc>
<status status="PASS" starttime="20211129 21:47:19.034" endtime="20211129 21:47:19.040"/>
</kw>
<status status="PASS" starttime="20211129 21:47:19.033" endtime="20211129 21:47:19.040"/>
</kw>
<kw name="Fill Text" library="Browser">
<arg>id=whatsapp</arg>
<arg>${geek_profile}[whats]</arg>
<tag>PageContent</tag>
<tag>Setter</tag>
<doc>Clears and fills the given ``txt`` into the text field found by ``selector``.</doc>
<msg timestamp="20211129 21:47:19.042" level="INFO">Fills the text '' in the given field.</msg>
<status status="PASS" starttime="20211129 21:47:19.041" endtime="20211129 21:47:19.067"/>
</kw>
<kw name="Fill Text" library="Browser">
<arg>id=desc</arg>
<arg>${geek_profile}[desc]</arg>
<tag>PageContent</tag>
<tag>Setter</tag>
<doc>Clears and fills the given ``txt`` into the text field found by ``selector``.</doc>
<msg timestamp="20211129 21:47:19.068" level="INFO">Fills the text 'Se precisar de qualquer serviço seja no seu Desktop ou Notebook, conte comigo. Instalo sistemas operacionais, atualizo drivers e hardwares.  Orçamento grátis e garantia de serviço.' in the given field.</msg>
<status status="PASS" starttime="20211129 21:47:19.067" endtime="20211129 21:47:19.094"/>
</kw>
<if>
<branch type="IF" condition="'${geek_profile}[printer_repair]'">
<kw name="Select Options By" library="Browser">
<arg>id=printer_repair</arg>
<arg>text</arg>
<arg>${geek_profile}[printer_repair]</arg>
<tag>PageContent</tag>
<tag>Setter</tag>
<doc>Selects options from select element found by ``selector``.</doc>
<status status="PASS" starttime="20211129 21:47:19.096" endtime="20211129 21:47:19.112"/>
</kw>
<status status="PASS" starttime="20211129 21:47:19.095" endtime="20211129 21:47:19.112"/>
</branch>
<status status="PASS" starttime="20211129 21:47:19.095" endtime="20211129 21:47:19.113"/>
</if>
<if>
<branch type="IF" condition="'${geek_profile}[work]'">
<kw name="Select Options By" library="Browser">
<arg>id=work</arg>
<arg>text</arg>
<arg>${geek_profile}[work]</arg>
<tag>PageContent</tag>
<tag>Setter</tag>
<doc>Selects options from select element found by ``selector``.</doc>
<status status="PASS" starttime="20211129 21:47:19.114" endtime="20211129 21:47:19.129"/>
</kw>
<status status="PASS" starttime="20211129 21:47:19.113" endtime="20211129 21:47:19.130"/>
</branch>
<status status="PASS" starttime="20211129 21:47:19.113" endtime="20211129 21:47:19.130"/>
</if>
<kw name="Fill Text" library="Browser">
<arg>id=cost</arg>
<arg>${geek_profile}[cost]</arg>
<tag>PageContent</tag>
<tag>Setter</tag>
<doc>Clears and fills the given ``txt`` into the text field found by ``selector``.</doc>
<msg timestamp="20211129 21:47:19.131" level="INFO">Fills the text '150' in the given field.</msg>
<status status="PASS" starttime="20211129 21:47:19.130" endtime="20211129 21:47:19.154"/>
</kw>
<status status="PASS" starttime="20211129 21:47:19.033" endtime="20211129 21:47:19.154"/>
</kw>
<kw name="Submit Geek Form" library="GeekActions">
<kw name="Click" library="Browser">
<arg>css=button &gt;&gt; text=Quero ser um Geek</arg>
<tag>PageContent</tag>
<tag>Setter</tag>
<doc>Simulates mouse click on the element found by ``selector``.</doc>
<status status="PASS" starttime="20211129 21:47:19.155" endtime="20211129 21:47:19.225"/>
</kw>
<status status="PASS" starttime="20211129 21:47:19.155" endtime="20211129 21:47:19.225"/>
</kw>
<kw name="Alert Span Should Be" library="_SharedActions">
<arg>${output_message}</arg>
<kw name="Wait For Elements State" library="Browser">
<arg>css=span[class=error] &gt;&gt; text=${expect_alert}</arg>
<arg>visible</arg>
<arg>5</arg>
<tag>PageContent</tag>
<tag>Wait</tag>
<doc>Waits for the element found by ``selector`` to satisfy state option.</doc>
<msg timestamp="20211129 21:47:19.240" level="INFO">Waited for Element with selector css=span[class=error] &gt;&gt; text=O Whatsapp deve ter 11 digitos contando com o DDD at state visible</msg>
<status status="PASS" starttime="20211129 21:47:19.227" endtime="20211129 21:47:19.240"/>
</kw>
<status status="PASS" starttime="20211129 21:47:19.226" endtime="20211129 21:47:19.240"/>
</kw>
<kw name="After Test" library="Base">
<kw name="Screenshot Name" library="Utils">
<var>${shot_name}</var>
<msg timestamp="20211129 21:47:19.242" level="INFO">${shot_name} = 3caea5793ba93b5ef392ccafcda5f4a1bf75717c</msg>
<status status="PASS" starttime="20211129 21:47:19.241" endtime="20211129 21:47:19.242"/>
</kw>
<kw name="Take Screenshot" library="Browser">
<arg>fullPage=True</arg>
<arg>filename=${shot_name}</arg>
<tag>PageContent</tag>
<doc>Takes a screenshot of the current window or element and saves it to disk.</doc>
<msg timestamp="20211129 21:47:19.530" level="INFO" html="true">&lt;/td&gt;&lt;/tr&gt;&lt;tr&gt;&lt;td colspan="3"&gt;&lt;a href="browser/screenshot/3caea5793ba93b5ef392ccafcda5f4a1bf75717c.png"&gt;&lt;img src="browser/screenshot/3caea5793ba93b5ef392ccafcda5f4a1bf75717c.png" width="800px"&gt;&lt;/a&gt;</msg>
<status status="PASS" starttime="20211129 21:47:19.242" endtime="20211129 21:47:19.531"/>
</kw>
<status status="PASS" starttime="20211129 21:47:19.241" endtime="20211129 21:47:19.531"/>
</kw>
<status status="PASS" starttime="20211129 21:47:19.027" endtime="20211129 21:47:19.532"/>
</kw>
<status status="PASS" starttime="20211129 21:47:19.017" endtime="20211129 21:47:19.532"/>
</test>
<test id="s1-s1-t7" name="Cost With Letters">
<kw name="Attempt To Be a Geek">
<arg>cost</arg>
<arg>aaaa</arg>
<arg>Valor hora deve ser numérico</arg>
<kw name="Factory User" library="Users">
<var>${user}</var>
<arg>attempt_be_geek</arg>
<msg timestamp="20211129 21:47:19.553" level="INFO">${user} = {'name': 'Dio', 'lastname': 'Linux', 'email': 'dio@linux.com', 'password': 'pwd123', 'geek_profile': {'whats': '11999999999', 'desc': 'Se precisar de qualquer serviço seja no seu Desktop ou Notebook, ...</msg>
<status status="PASS" starttime="20211129 21:47:19.552" endtime="20211129 21:47:19.554"/>
</kw>
<kw name="Set To Dictionary" library="Collections">
<arg>${user}[geek_profile]</arg>
<arg>${key}</arg>
<arg>${input_field}</arg>
<doc>Adds the given ``key_value_pairs`` and ``items`` to the ``dictionary``.</doc>
<status status="PASS" starttime="20211129 21:47:19.554" endtime="20211129 21:47:19.555"/>
</kw>
<kw name="Fill Geek Form" library="GeekActions">
<arg>${user}[geek_profile]</arg>
<kw name="Reset Geek Form" library="GeekActions">
<kw name="Execute JavaScript" library="Browser">
<arg>document.getElementsByClassName("be-geek-form")[0].reset();</arg>
<tag>Getter</tag>
<tag>PageContent</tag>
<tag>Setter</tag>
<doc>Executes given javascript on the page.</doc>
<status status="PASS" starttime="20211129 21:47:19.556" endtime="20211129 21:47:19.563"/>
</kw>
<status status="PASS" starttime="20211129 21:47:19.556" endtime="20211129 21:47:19.564"/>
</kw>
<kw name="Fill Text" library="Browser">
<arg>id=whatsapp</arg>
<arg>${geek_profile}[whats]</arg>
<tag>PageContent</tag>
<tag>Setter</tag>
<doc>Clears and fills the given ``txt`` into the text field found by ``selector``.</doc>
<msg timestamp="20211129 21:47:19.566" level="INFO">Fills the text '11999999999' in the given field.</msg>
<status status="PASS" starttime="20211129 21:47:19.565" endtime="20211129 21:47:19.592"/>
</kw>
<kw name="Fill Text" library="Browser">
<arg>id=desc</arg>
<arg>${geek_profile}[desc]</arg>
<tag>PageContent</tag>
<tag>Setter</tag>
<doc>Clears and fills the given ``txt`` into the text field found by ``selector``.</doc>
<msg timestamp="20211129 21:47:19.593" level="INFO">Fills the text 'Se precisar de qualquer serviço seja no seu Desktop ou Notebook, conte comigo. Instalo sistemas operacionais, atualizo drivers e hardwares.  Orçamento grátis e garantia de serviço.' in the given field.</msg>
<status status="PASS" starttime="20211129 21:47:19.592" endtime="20211129 21:47:19.622"/>
</kw>
<if>
<branch type="IF" condition="'${geek_profile}[printer_repair]'">
<kw name="Select Options By" library="Browser">
<arg>id=printer_repair</arg>
<arg>text</arg>
<arg>${geek_profile}[printer_repair]</arg>
<tag>PageContent</tag>
<tag>Setter</tag>
<doc>Selects options from select element found by ``selector``.</doc>
<status status="PASS" starttime="20211129 21:47:19.625" endtime="20211129 21:47:19.651"/>
</kw>
<status status="PASS" starttime="20211129 21:47:19.624" endtime="20211129 21:47:19.651"/>
</branch>
<status status="PASS" starttime="20211129 21:47:19.623" endtime="20211129 21:47:19.651"/>
</if>
<if>
<branch type="IF" condition="'${geek_profile}[work]'">
<kw name="Select Options By" library="Browser">
<arg>id=work</arg>
<arg>text</arg>
<arg>${geek_profile}[work]</arg>
<tag>PageContent</tag>
<tag>Setter</tag>
<doc>Selects options from select element found by ``selector``.</doc>
<status status="PASS" starttime="20211129 21:47:19.653" endtime="20211129 21:47:19.677"/>
</kw>
<status status="PASS" starttime="20211129 21:47:19.652" endtime="20211129 21:47:19.678"/>
</branch>
<status status="PASS" starttime="20211129 21:47:19.651" endtime="20211129 21:47:19.678"/>
</if>
<kw name="Fill Text" library="Browser">
<arg>id=cost</arg>
<arg>${geek_profile}[cost]</arg>
<tag>PageContent</tag>
<tag>Setter</tag>
<doc>Clears and fills the given ``txt`` into the text field found by ``selector``.</doc>
<msg timestamp="20211129 21:47:19.679" level="INFO">Fills the text 'aaaa' in the given field.</msg>
<status status="PASS" starttime="20211129 21:47:19.678" endtime="20211129 21:47:19.713"/>
</kw>
<status status="PASS" starttime="20211129 21:47:19.555" endtime="20211129 21:47:19.713"/>
</kw>
<kw name="Submit Geek Form" library="GeekActions">
<kw name="Click" library="Browser">
<arg>css=button &gt;&gt; text=Quero ser um Geek</arg>
<tag>PageContent</tag>
<tag>Setter</tag>
<doc>Simulates mouse click on the element found by ``selector``.</doc>
<status status="PASS" starttime="20211129 21:47:19.715" endtime="20211129 21:47:19.813"/>
</kw>
<status status="PASS" starttime="20211129 21:47:19.714" endtime="20211129 21:47:19.814"/>
</kw>
<kw name="Alert Span Should Be" library="_SharedActions">
<arg>${output_message}</arg>
<kw name="Wait For Elements State" library="Browser">
<arg>css=span[class=error] &gt;&gt; text=${expect_alert}</arg>
<arg>visible</arg>
<arg>5</arg>
<tag>PageContent</tag>
<tag>Wait</tag>
<doc>Waits for the element found by ``selector`` to satisfy state option.</doc>
<msg timestamp="20211129 21:47:19.840" level="INFO">Waited for Element with selector css=span[class=error] &gt;&gt; text=Valor hora deve ser numérico at state visible</msg>
<status status="PASS" starttime="20211129 21:47:19.817" endtime="20211129 21:47:19.840"/>
</kw>
<status status="PASS" starttime="20211129 21:47:19.814" endtime="20211129 21:47:19.841"/>
</kw>
<kw name="After Test" library="Base">
<kw name="Screenshot Name" library="Utils">
<var>${shot_name}</var>
<msg timestamp="20211129 21:47:19.844" level="INFO">${shot_name} = 392b079048f9c62fbec2f164e1290a42d75f6eed</msg>
<status status="PASS" starttime="20211129 21:47:19.843" endtime="20211129 21:47:19.845"/>
</kw>
<kw name="Take Screenshot" library="Browser">
<arg>fullPage=True</arg>
<arg>filename=${shot_name}</arg>
<tag>PageContent</tag>
<doc>Takes a screenshot of the current window or element and saves it to disk.</doc>
<msg timestamp="20211129 21:47:20.221" level="INFO" html="true">&lt;/td&gt;&lt;/tr&gt;&lt;tr&gt;&lt;td colspan="3"&gt;&lt;a href="browser/screenshot/392b079048f9c62fbec2f164e1290a42d75f6eed.png"&gt;&lt;img src="browser/screenshot/392b079048f9c62fbec2f164e1290a42d75f6eed.png" width="800px"&gt;&lt;/a&gt;</msg>
<status status="PASS" starttime="20211129 21:47:19.845" endtime="20211129 21:47:20.222"/>
</kw>
<status status="PASS" starttime="20211129 21:47:19.842" endtime="20211129 21:47:20.223"/>
</kw>
<status status="PASS" starttime="20211129 21:47:19.551" endtime="20211129 21:47:20.224"/>
</kw>
<status status="PASS" starttime="20211129 21:47:19.539" endtime="20211129 21:47:20.224"/>
</test>
<test id="s1-s1-t8" name="Cost With AlphNum">
<kw name="Attempt To Be a Geek">
<arg>cost</arg>
<arg>aa12</arg>
<arg>Valor hora deve ser numérico</arg>
<kw name="Factory User" library="Users">
<var>${user}</var>
<arg>attempt_be_geek</arg>
<msg timestamp="20211129 21:47:20.246" level="INFO">${user} = {'name': 'Dio', 'lastname': 'Linux', 'email': 'dio@linux.com', 'password': 'pwd123', 'geek_profile': {'whats': '11999999999', 'desc': 'Se precisar de qualquer serviço seja no seu Desktop ou Notebook, ...</msg>
<status status="PASS" starttime="20211129 21:47:20.245" endtime="20211129 21:47:20.247"/>
</kw>
<kw name="Set To Dictionary" library="Collections">
<arg>${user}[geek_profile]</arg>
<arg>${key}</arg>
<arg>${input_field}</arg>
<doc>Adds the given ``key_value_pairs`` and ``items`` to the ``dictionary``.</doc>
<status status="PASS" starttime="20211129 21:47:20.247" endtime="20211129 21:47:20.248"/>
</kw>
<kw name="Fill Geek Form" library="GeekActions">
<arg>${user}[geek_profile]</arg>
<kw name="Reset Geek Form" library="GeekActions">
<kw name="Execute JavaScript" library="Browser">
<arg>document.getElementsByClassName("be-geek-form")[0].reset();</arg>
<tag>Getter</tag>
<tag>PageContent</tag>
<tag>Setter</tag>
<doc>Executes given javascript on the page.</doc>
<status status="PASS" starttime="20211129 21:47:20.250" endtime="20211129 21:47:20.260"/>
</kw>
<status status="PASS" starttime="20211129 21:47:20.249" endtime="20211129 21:47:20.261"/>
</kw>
<kw name="Fill Text" library="Browser">
<arg>id=whatsapp</arg>
<arg>${geek_profile}[whats]</arg>
<tag>PageContent</tag>
<tag>Setter</tag>
<doc>Clears and fills the given ``txt`` into the text field found by ``selector``.</doc>
<msg timestamp="20211129 21:47:20.263" level="INFO">Fills the text '11999999999' in the given field.</msg>
<status status="PASS" starttime="20211129 21:47:20.261" endtime="20211129 21:47:20.328"/>
</kw>
<kw name="Fill Text" library="Browser">
<arg>id=desc</arg>
<arg>${geek_profile}[desc]</arg>
<tag>PageContent</tag>
<tag>Setter</tag>
<doc>Clears and fills the given ``txt`` into the text field found by ``selector``.</doc>
<msg timestamp="20211129 21:47:20.330" level="INFO">Fills the text 'Se precisar de qualquer serviço seja no seu Desktop ou Notebook, conte comigo. Instalo sistemas operacionais, atualizo drivers e hardwares.  Orçamento grátis e garantia de serviço.' in the given field.</msg>
<status status="PASS" starttime="20211129 21:47:20.329" endtime="20211129 21:47:20.350"/>
</kw>
<if>
<branch type="IF" condition="'${geek_profile}[printer_repair]'">
<kw name="Select Options By" library="Browser">
<arg>id=printer_repair</arg>
<arg>text</arg>
<arg>${geek_profile}[printer_repair]</arg>
<tag>PageContent</tag>
<tag>Setter</tag>
<doc>Selects options from select element found by ``selector``.</doc>
<status status="PASS" starttime="20211129 21:47:20.352" endtime="20211129 21:47:20.367"/>
</kw>
<status status="PASS" starttime="20211129 21:47:20.351" endtime="20211129 21:47:20.368"/>
</branch>
<status status="PASS" starttime="20211129 21:47:20.351" endtime="20211129 21:47:20.368"/>
</if>
<if>
<branch type="IF" condition="'${geek_profile}[work]'">
<kw name="Select Options By" library="Browser">
<arg>id=work</arg>
<arg>text</arg>
<arg>${geek_profile}[work]</arg>
<tag>PageContent</tag>
<tag>Setter</tag>
<doc>Selects options from select element found by ``selector``.</doc>
<status status="PASS" starttime="20211129 21:47:20.369" endtime="20211129 21:47:20.383"/>
</kw>
<status status="PASS" starttime="20211129 21:47:20.368" endtime="20211129 21:47:20.384"/>
</branch>
<status status="PASS" starttime="20211129 21:47:20.368" endtime="20211129 21:47:20.384"/>
</if>
<kw name="Fill Text" library="Browser">
<arg>id=cost</arg>
<arg>${geek_profile}[cost]</arg>
<tag>PageContent</tag>
<tag>Setter</tag>
<doc>Clears and fills the given ``txt`` into the text field found by ``selector``.</doc>
<msg timestamp="20211129 21:47:20.385" level="INFO">Fills the text 'aa12' in the given field.</msg>
<status status="PASS" starttime="20211129 21:47:20.384" endtime="20211129 21:47:20.403"/>
</kw>
<status status="PASS" starttime="20211129 21:47:20.248" endtime="20211129 21:47:20.403"/>
</kw>
<kw name="Submit Geek Form" library="GeekActions">
<kw name="Click" library="Browser">
<arg>css=button &gt;&gt; text=Quero ser um Geek</arg>
<tag>PageContent</tag>
<tag>Setter</tag>
<doc>Simulates mouse click on the element found by ``selector``.</doc>
<status status="PASS" starttime="20211129 21:47:20.405" endtime="20211129 21:47:20.465"/>
</kw>
<status status="PASS" starttime="20211129 21:47:20.404" endtime="20211129 21:47:20.466"/>
</kw>
<kw name="Alert Span Should Be" library="_SharedActions">
<arg>${output_message}</arg>
<kw name="Wait For Elements State" library="Browser">
<arg>css=span[class=error] &gt;&gt; text=${expect_alert}</arg>
<arg>visible</arg>
<arg>5</arg>
<tag>PageContent</tag>
<tag>Wait</tag>
<doc>Waits for the element found by ``selector`` to satisfy state option.</doc>
<msg timestamp="20211129 21:47:20.481" level="INFO">Waited for Element with selector css=span[class=error] &gt;&gt; text=Valor hora deve ser numérico at state visible</msg>
<status status="PASS" starttime="20211129 21:47:20.467" endtime="20211129 21:47:20.481"/>
</kw>
<status status="PASS" starttime="20211129 21:47:20.466" endtime="20211129 21:47:20.482"/>
</kw>
<kw name="After Test" library="Base">
<kw name="Screenshot Name" library="Utils">
<var>${shot_name}</var>
<msg timestamp="20211129 21:47:20.484" level="INFO">${shot_name} = 985bcca2de33b2292da0f22da2880f24af308b36</msg>
<status status="PASS" starttime="20211129 21:47:20.483" endtime="20211129 21:47:20.484"/>
</kw>
<kw name="Take Screenshot" library="Browser">
<arg>fullPage=True</arg>
<arg>filename=${shot_name}</arg>
<tag>PageContent</tag>
<doc>Takes a screenshot of the current window or element and saves it to disk.</doc>
<msg timestamp="20211129 21:47:20.901" level="INFO" html="true">&lt;/td&gt;&lt;/tr&gt;&lt;tr&gt;&lt;td colspan="3"&gt;&lt;a href="browser/screenshot/985bcca2de33b2292da0f22da2880f24af308b36.png"&gt;&lt;img src="browser/screenshot/985bcca2de33b2292da0f22da2880f24af308b36.png" width="800px"&gt;&lt;/a&gt;</msg>
<status status="PASS" starttime="20211129 21:47:20.485" endtime="20211129 21:47:20.901"/>
</kw>
<status status="PASS" starttime="20211129 21:47:20.482" endtime="20211129 21:47:20.902"/>
</kw>
<status status="PASS" starttime="20211129 21:47:20.244" endtime="20211129 21:47:20.902"/>
</kw>
<status status="PASS" starttime="20211129 21:47:20.236" endtime="20211129 21:47:20.902"/>
</test>
<test id="s1-s1-t9" name="Cost With Special Chars">
<kw name="Attempt To Be a Geek">
<arg>cost</arg>
<arg>$%@*</arg>
<arg>Valor hora deve ser numérico</arg>
<kw name="Factory User" library="Users">
<var>${user}</var>
<arg>attempt_be_geek</arg>
<msg timestamp="20211129 21:47:20.920" level="INFO">${user} = {'name': 'Dio', 'lastname': 'Linux', 'email': 'dio@linux.com', 'password': 'pwd123', 'geek_profile': {'whats': '11999999999', 'desc': 'Se precisar de qualquer serviço seja no seu Desktop ou Notebook, ...</msg>
<status status="PASS" starttime="20211129 21:47:20.919" endtime="20211129 21:47:20.920"/>
</kw>
<kw name="Set To Dictionary" library="Collections">
<arg>${user}[geek_profile]</arg>
<arg>${key}</arg>
<arg>${input_field}</arg>
<doc>Adds the given ``key_value_pairs`` and ``items`` to the ``dictionary``.</doc>
<status status="PASS" starttime="20211129 21:47:20.920" endtime="20211129 21:47:20.921"/>
</kw>
<kw name="Fill Geek Form" library="GeekActions">
<arg>${user}[geek_profile]</arg>
<kw name="Reset Geek Form" library="GeekActions">
<kw name="Execute JavaScript" library="Browser">
<arg>document.getElementsByClassName("be-geek-form")[0].reset();</arg>
<tag>Getter</tag>
<tag>PageContent</tag>
<tag>Setter</tag>
<doc>Executes given javascript on the page.</doc>
<status status="PASS" starttime="20211129 21:47:20.923" endtime="20211129 21:47:20.929"/>
</kw>
<status status="PASS" starttime="20211129 21:47:20.922" endtime="20211129 21:47:20.930"/>
</kw>
<kw name="Fill Text" library="Browser">
<arg>id=whatsapp</arg>
<arg>${geek_profile}[whats]</arg>
<tag>PageContent</tag>
<tag>Setter</tag>
<doc>Clears and fills the given ``txt`` into the text field found by ``selector``.</doc>
<msg timestamp="20211129 21:47:20.931" level="INFO">Fills the text '11999999999' in the given field.</msg>
<status status="PASS" starttime="20211129 21:47:20.930" endtime="20211129 21:47:20.954"/>
</kw>
<kw name="Fill Text" library="Browser">
<arg>id=desc</arg>
<arg>${geek_profile}[desc]</arg>
<tag>PageContent</tag>
<tag>Setter</tag>
<doc>Clears and fills the given ``txt`` into the text field found by ``selector``.</doc>
<msg timestamp="20211129 21:47:20.955" level="INFO">Fills the text 'Se precisar de qualquer serviço seja no seu Desktop ou Notebook, conte comigo. Instalo sistemas operacionais, atualizo drivers e hardwares.  Orçamento grátis e garantia de serviço.' in the given field.</msg>
<status status="PASS" starttime="20211129 21:47:20.954" endtime="20211129 21:47:20.978"/>
</kw>
<if>
<branch type="IF" condition="'${geek_profile}[printer_repair]'">
<kw name="Select Options By" library="Browser">
<arg>id=printer_repair</arg>
<arg>text</arg>
<arg>${geek_profile}[printer_repair]</arg>
<tag>PageContent</tag>
<tag>Setter</tag>
<doc>Selects options from select element found by ``selector``.</doc>
<status status="PASS" starttime="20211129 21:47:20.980" endtime="20211129 21:47:20.999"/>
</kw>
<status status="PASS" starttime="20211129 21:47:20.979" endtime="20211129 21:47:20.999"/>
</branch>
<status status="PASS" starttime="20211129 21:47:20.979" endtime="20211129 21:47:20.999"/>
</if>
<if>
<branch type="IF" condition="'${geek_profile}[work]'">
<kw name="Select Options By" library="Browser">
<arg>id=work</arg>
<arg>text</arg>
<arg>${geek_profile}[work]</arg>
<tag>PageContent</tag>
<tag>Setter</tag>
<doc>Selects options from select element found by ``selector``.</doc>
<status status="PASS" starttime="20211129 21:47:21.000" endtime="20211129 21:47:21.021"/>
</kw>
<status status="PASS" starttime="20211129 21:47:21.000" endtime="20211129 21:47:21.021"/>
</branch>
<status status="PASS" starttime="20211129 21:47:21.000" endtime="20211129 21:47:21.021"/>
</if>
<kw name="Fill Text" library="Browser">
<arg>id=cost</arg>
<arg>${geek_profile}[cost]</arg>
<tag>PageContent</tag>
<tag>Setter</tag>
<doc>Clears and fills the given ``txt`` into the text field found by ``selector``.</doc>
<msg timestamp="20211129 21:47:21.023" level="INFO">Fills the text '$%@*' in the given field.</msg>
<status status="PASS" starttime="20211129 21:47:21.022" endtime="20211129 21:47:21.066"/>
</kw>
<status status="PASS" starttime="20211129 21:47:20.921" endtime="20211129 21:47:21.067"/>
</kw>
<kw name="Submit Geek Form" library="GeekActions">
<kw name="Click" library="Browser">
<arg>css=button &gt;&gt; text=Quero ser um Geek</arg>
<tag>PageContent</tag>
<tag>Setter</tag>
<doc>Simulates mouse click on the element found by ``selector``.</doc>
<status status="PASS" starttime="20211129 21:47:21.069" endtime="20211129 21:47:21.133"/>
</kw>
<status status="PASS" starttime="20211129 21:47:21.068" endtime="20211129 21:47:21.134"/>
</kw>
<kw name="Alert Span Should Be" library="_SharedActions">
<arg>${output_message}</arg>
<kw name="Wait For Elements State" library="Browser">
<arg>css=span[class=error] &gt;&gt; text=${expect_alert}</arg>
<arg>visible</arg>
<arg>5</arg>
<tag>PageContent</tag>
<tag>Wait</tag>
<doc>Waits for the element found by ``selector`` to satisfy state option.</doc>
<msg timestamp="20211129 21:47:21.153" level="INFO">Waited for Element with selector css=span[class=error] &gt;&gt; text=Valor hora deve ser numérico at state visible</msg>
<status status="PASS" starttime="20211129 21:47:21.136" endtime="20211129 21:47:21.153"/>
</kw>
<status status="PASS" starttime="20211129 21:47:21.134" endtime="20211129 21:47:21.154"/>
</kw>
<kw name="After Test" library="Base">
<kw name="Screenshot Name" library="Utils">
<var>${shot_name}</var>
<msg timestamp="20211129 21:47:21.156" level="INFO">${shot_name} = 264ab2572775e36b9148911bfc843640c06e398e</msg>
<status status="PASS" starttime="20211129 21:47:21.155" endtime="20211129 21:47:21.156"/>
</kw>
<kw name="Take Screenshot" library="Browser">
<arg>fullPage=True</arg>
<arg>filename=${shot_name}</arg>
<tag>PageContent</tag>
<doc>Takes a screenshot of the current window or element and saves it to disk.</doc>
<msg timestamp="20211129 21:47:21.497" level="INFO" html="true">&lt;/td&gt;&lt;/tr&gt;&lt;tr&gt;&lt;td colspan="3"&gt;&lt;a href="browser/screenshot/264ab2572775e36b9148911bfc843640c06e398e.png"&gt;&lt;img src="browser/screenshot/264ab2572775e36b9148911bfc843640c06e398e.png" width="800px"&gt;&lt;/a&gt;</msg>
<status status="PASS" starttime="20211129 21:47:21.156" endtime="20211129 21:47:21.497"/>
</kw>
<status status="PASS" starttime="20211129 21:47:21.154" endtime="20211129 21:47:21.498"/>
</kw>
<status status="PASS" starttime="20211129 21:47:20.917" endtime="20211129 21:47:21.498"/>
</kw>
<status status="PASS" starttime="20211129 21:47:20.909" endtime="20211129 21:47:21.498"/>
</test>
<test id="s1-s1-t10" name="Empty Cost">
<kw name="Attempt To Be a Geek">
<arg>cost</arg>
<arg>${EMPTY}</arg>
<arg>Valor hora deve ser numérico</arg>
<kw name="Factory User" library="Users">
<var>${user}</var>
<arg>attempt_be_geek</arg>
<msg timestamp="20211129 21:47:21.520" level="INFO">${user} = {'name': 'Dio', 'lastname': 'Linux', 'email': 'dio@linux.com', 'password': 'pwd123', 'geek_profile': {'whats': '11999999999', 'desc': 'Se precisar de qualquer serviço seja no seu Desktop ou Notebook, ...</msg>
<status status="PASS" starttime="20211129 21:47:21.518" endtime="20211129 21:47:21.520"/>
</kw>
<kw name="Set To Dictionary" library="Collections">
<arg>${user}[geek_profile]</arg>
<arg>${key}</arg>
<arg>${input_field}</arg>
<doc>Adds the given ``key_value_pairs`` and ``items`` to the ``dictionary``.</doc>
<status status="PASS" starttime="20211129 21:47:21.521" endtime="20211129 21:47:21.522"/>
</kw>
<kw name="Fill Geek Form" library="GeekActions">
<arg>${user}[geek_profile]</arg>
<kw name="Reset Geek Form" library="GeekActions">
<kw name="Execute JavaScript" library="Browser">
<arg>document.getElementsByClassName("be-geek-form")[0].reset();</arg>
<tag>Getter</tag>
<tag>PageContent</tag>
<tag>Setter</tag>
<doc>Executes given javascript on the page.</doc>
<status status="PASS" starttime="20211129 21:47:21.524" endtime="20211129 21:47:21.532"/>
</kw>
<status status="PASS" starttime="20211129 21:47:21.523" endtime="20211129 21:47:21.532"/>
</kw>
<kw name="Fill Text" library="Browser">
<arg>id=whatsapp</arg>
<arg>${geek_profile}[whats]</arg>
<tag>PageContent</tag>
<tag>Setter</tag>
<doc>Clears and fills the given ``txt`` into the text field found by ``selector``.</doc>
<msg timestamp="20211129 21:47:21.534" level="INFO">Fills the text '11999999999' in the given field.</msg>
<status status="PASS" starttime="20211129 21:47:21.533" endtime="20211129 21:47:21.557"/>
</kw>
<kw name="Fill Text" library="Browser">
<arg>id=desc</arg>
<arg>${geek_profile}[desc]</arg>
<tag>PageContent</tag>
<tag>Setter</tag>
<doc>Clears and fills the given ``txt`` into the text field found by ``selector``.</doc>
<msg timestamp="20211129 21:47:21.558" level="INFO">Fills the text 'Se precisar de qualquer serviço seja no seu Desktop ou Notebook, conte comigo. Instalo sistemas operacionais, atualizo drivers e hardwares.  Orçamento grátis e garantia de serviço.' in the given field.</msg>
<status status="PASS" starttime="20211129 21:47:21.557" endtime="20211129 21:47:21.578"/>
</kw>
<if>
<branch type="IF" condition="'${geek_profile}[printer_repair]'">
<kw name="Select Options By" library="Browser">
<arg>id=printer_repair</arg>
<arg>text</arg>
<arg>${geek_profile}[printer_repair]</arg>
<tag>PageContent</tag>
<tag>Setter</tag>
<doc>Selects options from select element found by ``selector``.</doc>
<status status="PASS" starttime="20211129 21:47:21.580" endtime="20211129 21:47:21.599"/>
</kw>
<status status="PASS" starttime="20211129 21:47:21.579" endtime="20211129 21:47:21.599"/>
</branch>
<status status="PASS" starttime="20211129 21:47:21.579" endtime="20211129 21:47:21.599"/>
</if>
<if>
<branch type="IF" condition="'${geek_profile}[work]'">
<kw name="Select Options By" library="Browser">
<arg>id=work</arg>
<arg>text</arg>
<arg>${geek_profile}[work]</arg>
<tag>PageContent</tag>
<tag>Setter</tag>
<doc>Selects options from select element found by ``selector``.</doc>
<status status="PASS" starttime="20211129 21:47:21.600" endtime="20211129 21:47:21.616"/>
</kw>
<status status="PASS" starttime="20211129 21:47:21.600" endtime="20211129 21:47:21.616"/>
</branch>
<status status="PASS" starttime="20211129 21:47:21.599" endtime="20211129 21:47:21.616"/>
</if>
<kw name="Fill Text" library="Browser">
<arg>id=cost</arg>
<arg>${geek_profile}[cost]</arg>
<tag>PageContent</tag>
<tag>Setter</tag>
<doc>Clears and fills the given ``txt`` into the text field found by ``selector``.</doc>
<msg timestamp="20211129 21:47:21.617" level="INFO">Fills the text '' in the given field.</msg>
<status status="PASS" starttime="20211129 21:47:21.617" endtime="20211129 21:47:21.638"/>
</kw>
<status status="PASS" starttime="20211129 21:47:21.522" endtime="20211129 21:47:21.638"/>
</kw>
<kw name="Submit Geek Form" library="GeekActions">
<kw name="Click" library="Browser">
<arg>css=button &gt;&gt; text=Quero ser um Geek</arg>
<tag>PageContent</tag>
<tag>Setter</tag>
<doc>Simulates mouse click on the element found by ``selector``.</doc>
<status status="PASS" starttime="20211129 21:47:21.640" endtime="20211129 21:47:21.704"/>
</kw>
<status status="PASS" starttime="20211129 21:47:21.639" endtime="20211129 21:47:21.705"/>
</kw>
<kw name="Alert Span Should Be" library="_SharedActions">
<arg>${output_message}</arg>
<kw name="Wait For Elements State" library="Browser">
<arg>css=span[class=error] &gt;&gt; text=${expect_alert}</arg>
<arg>visible</arg>
<arg>5</arg>
<tag>PageContent</tag>
<tag>Wait</tag>
<doc>Waits for the element found by ``selector`` to satisfy state option.</doc>
<msg timestamp="20211129 21:47:21.720" level="INFO">Waited for Element with selector css=span[class=error] &gt;&gt; text=Valor hora deve ser numérico at state visible</msg>
<status status="PASS" starttime="20211129 21:47:21.706" endtime="20211129 21:47:21.720"/>
</kw>
<status status="PASS" starttime="20211129 21:47:21.705" endtime="20211129 21:47:21.720"/>
</kw>
<kw name="After Test" library="Base">
<kw name="Screenshot Name" library="Utils">
<var>${shot_name}</var>
<msg timestamp="20211129 21:47:21.722" level="INFO">${shot_name} = 9ff669ff2635503951b83816d2e6fc0d430f9ca6</msg>
<status status="PASS" starttime="20211129 21:47:21.721" endtime="20211129 21:47:21.722"/>
</kw>
<kw name="Take Screenshot" library="Browser">
<arg>fullPage=True</arg>
<arg>filename=${shot_name}</arg>
<tag>PageContent</tag>
<doc>Takes a screenshot of the current window or element and saves it to disk.</doc>
<msg timestamp="20211129 21:47:22.066" level="INFO" html="true">&lt;/td&gt;&lt;/tr&gt;&lt;tr&gt;&lt;td colspan="3"&gt;&lt;a href="browser/screenshot/9ff669ff2635503951b83816d2e6fc0d430f9ca6.png"&gt;&lt;img src="browser/screenshot/9ff669ff2635503951b83816d2e6fc0d430f9ca6.png" width="800px"&gt;&lt;/a&gt;</msg>
<status status="PASS" starttime="20211129 21:47:21.722" endtime="20211129 21:47:22.067"/>
</kw>
<status status="PASS" starttime="20211129 21:47:21.721" endtime="20211129 21:47:22.068"/>
</kw>
<status status="PASS" starttime="20211129 21:47:21.516" endtime="20211129 21:47:22.069"/>
</kw>
<status status="PASS" starttime="20211129 21:47:21.509" endtime="20211129 21:47:22.070"/>
</test>
<test id="s1-s1-t11" name="No Printer Repair">
<kw name="Attempt To Be a Geek">
<arg>printer_repair</arg>
<arg>${EMPTY}</arg>
<arg>Por favor, informe se você é um Geek Supremo</arg>
<kw name="Factory User" library="Users">
<var>${user}</var>
<arg>attempt_be_geek</arg>
<msg timestamp="20211129 21:47:22.096" level="INFO">${user} = {'name': 'Dio', 'lastname': 'Linux', 'email': 'dio@linux.com', 'password': 'pwd123', 'geek_profile': {'whats': '11999999999', 'desc': 'Se precisar de qualquer serviço seja no seu Desktop ou Notebook, ...</msg>
<status status="PASS" starttime="20211129 21:47:22.093" endtime="20211129 21:47:22.096"/>
</kw>
<kw name="Set To Dictionary" library="Collections">
<arg>${user}[geek_profile]</arg>
<arg>${key}</arg>
<arg>${input_field}</arg>
<doc>Adds the given ``key_value_pairs`` and ``items`` to the ``dictionary``.</doc>
<status status="PASS" starttime="20211129 21:47:22.097" endtime="20211129 21:47:22.098"/>
</kw>
<kw name="Fill Geek Form" library="GeekActions">
<arg>${user}[geek_profile]</arg>
<kw name="Reset Geek Form" library="GeekActions">
<kw name="Execute JavaScript" library="Browser">
<arg>document.getElementsByClassName("be-geek-form")[0].reset();</arg>
<tag>Getter</tag>
<tag>PageContent</tag>
<tag>Setter</tag>
<doc>Executes given javascript on the page.</doc>
<status status="PASS" starttime="20211129 21:47:22.101" endtime="20211129 21:47:22.110"/>
</kw>
<status status="PASS" starttime="20211129 21:47:22.100" endtime="20211129 21:47:22.111"/>
</kw>
<kw name="Fill Text" library="Browser">
<arg>id=whatsapp</arg>
<arg>${geek_profile}[whats]</arg>
<tag>PageContent</tag>
<tag>Setter</tag>
<doc>Clears and fills the given ``txt`` into the text field found by ``selector``.</doc>
<msg timestamp="20211129 21:47:22.113" level="INFO">Fills the text '11999999999' in the given field.</msg>
<status status="PASS" starttime="20211129 21:47:22.111" endtime="20211129 21:47:22.145"/>
</kw>
<kw name="Fill Text" library="Browser">
<arg>id=desc</arg>
<arg>${geek_profile}[desc]</arg>
<tag>PageContent</tag>
<tag>Setter</tag>
<doc>Clears and fills the given ``txt`` into the text field found by ``selector``.</doc>
<msg timestamp="20211129 21:47:22.147" level="INFO">Fills the text 'Se precisar de qualquer serviço seja no seu Desktop ou Notebook, conte comigo. Instalo sistemas operacionais, atualizo drivers e hardwares.  Orçamento grátis e garantia de serviço.' in the given field.</msg>
<status status="PASS" starttime="20211129 21:47:22.146" endtime="20211129 21:47:22.172"/>
</kw>
<if>
<branch type="IF" condition="'${geek_profile}[printer_repair]'">
<kw name="Select Options By" library="Browser">
<arg>id=printer_repair</arg>
<arg>text</arg>
<arg>${geek_profile}[printer_repair]</arg>
<tag>PageContent</tag>
<tag>Setter</tag>
<doc>Selects options from select element found by ``selector``.</doc>
<status status="NOT RUN" starttime="20211129 21:47:22.174" endtime="20211129 21:47:22.174"/>
</kw>
<status status="NOT RUN" starttime="20211129 21:47:22.173" endtime="20211129 21:47:22.174"/>
</branch>
<status status="PASS" starttime="20211129 21:47:22.173" endtime="20211129 21:47:22.174"/>
</if>
<if>
<branch type="IF" condition="'${geek_profile}[work]'">
<kw name="Select Options By" library="Browser">
<arg>id=work</arg>
<arg>text</arg>
<arg>${geek_profile}[work]</arg>
<tag>PageContent</tag>
<tag>Setter</tag>
<doc>Selects options from select element found by ``selector``.</doc>
<status status="PASS" starttime="20211129 21:47:22.175" endtime="20211129 21:47:22.200"/>
</kw>
<status status="PASS" starttime="20211129 21:47:22.175" endtime="20211129 21:47:22.200"/>
</branch>
<status status="PASS" starttime="20211129 21:47:22.174" endtime="20211129 21:47:22.200"/>
</if>
<kw name="Fill Text" library="Browser">
<arg>id=cost</arg>
<arg>${geek_profile}[cost]</arg>
<tag>PageContent</tag>
<tag>Setter</tag>
<doc>Clears and fills the given ``txt`` into the text field found by ``selector``.</doc>
<msg timestamp="20211129 21:47:22.202" level="INFO">Fills the text '150' in the given field.</msg>
<status status="PASS" starttime="20211129 21:47:22.201" endtime="20211129 21:47:22.225"/>
</kw>
<status status="PASS" starttime="20211129 21:47:22.099" endtime="20211129 21:47:22.225"/>
</kw>
<kw name="Submit Geek Form" library="GeekActions">
<kw name="Click" library="Browser">
<arg>css=button &gt;&gt; text=Quero ser um Geek</arg>
<tag>PageContent</tag>
<tag>Setter</tag>
<doc>Simulates mouse click on the element found by ``selector``.</doc>
<status status="PASS" starttime="20211129 21:47:22.227" endtime="20211129 21:47:22.296"/>
</kw>
<status status="PASS" starttime="20211129 21:47:22.226" endtime="20211129 21:47:22.296"/>
</kw>
<kw name="Alert Span Should Be" library="_SharedActions">
<arg>${output_message}</arg>
<kw name="Wait For Elements State" library="Browser">
<arg>css=span[class=error] &gt;&gt; text=${expect_alert}</arg>
<arg>visible</arg>
<arg>5</arg>
<tag>PageContent</tag>
<tag>Wait</tag>
<doc>Waits for the element found by ``selector`` to satisfy state option.</doc>
<msg timestamp="20211129 21:47:22.313" level="INFO">Waited for Element with selector css=span[class=error] &gt;&gt; text=Por favor, informe se você é um Geek Supremo at state visible</msg>
<status status="PASS" starttime="20211129 21:47:22.299" endtime="20211129 21:47:22.313"/>
</kw>
<status status="PASS" starttime="20211129 21:47:22.297" endtime="20211129 21:47:22.313"/>
</kw>
<kw name="After Test" library="Base">
<kw name="Screenshot Name" library="Utils">
<var>${shot_name}</var>
<msg timestamp="20211129 21:47:22.316" level="INFO">${shot_name} = 2766eab5dfdf2a33de756cef5fe985000bcf8a4a</msg>
<status status="PASS" starttime="20211129 21:47:22.315" endtime="20211129 21:47:22.316"/>
</kw>
<kw name="Take Screenshot" library="Browser">
[...]
<status status="PASS" starttime="20211129 21:47:53.550" endtime="20211129 21:47:53.576"/>
</kw>
<status status="PASS" starttime="20211129 21:47:52.859" endtime="20211129 21:47:53.577"/>
</kw>
<kw name="Fill Singup Form" library="SignupActions">
<arg>${user}</arg>
<kw name="Fill Text" library="Browser">
<arg>id=name</arg>
<arg>${user}[name]</arg>
<tag>PageContent</tag>
<tag>Setter</tag>
<doc>Clears and fills the given ``txt`` into the text field found by ``selector``.</doc>
<msg timestamp="20211129 21:47:53.579" level="INFO">Fills the text 'Viviane' in the given field.</msg>
<status status="PASS" starttime="20211129 21:47:53.578" endtime="20211129 21:47:53.605"/>
</kw>
<kw name="Fill Text" library="Browser">
<arg>id=lastname</arg>
<arg>${user}[lastname]</arg>
<tag>PageContent</tag>
<tag>Setter</tag>
<doc>Clears and fills the given ``txt`` into the text field found by ``selector``.</doc>
<msg timestamp="20211129 21:47:53.607" level="INFO">Fills the text 'Peres' in the given field.</msg>
<status status="PASS" starttime="20211129 21:47:53.606" endtime="20211129 21:47:53.629"/>
</kw>
<kw name="Fill Text" library="Browser">
<arg>id=email</arg>
<arg>${user}[email]</arg>
<tag>PageContent</tag>
<tag>Setter</tag>
<doc>Clears and fills the given ``txt`` into the text field found by ``selector``.</doc>
<msg timestamp="20211129 21:47:53.630" level="INFO">Fills the text 'vivis@gmail.com' in the given field.</msg>
<status status="PASS" starttime="20211129 21:47:53.630" endtime="20211129 21:47:53.658"/>
</kw>
<kw name="Fill Text" library="Browser">
<arg>id=password</arg>
<arg>${user}[password]</arg>
<tag>PageContent</tag>
<tag>Setter</tag>
<doc>Clears and fills the given ``txt`` into the text field found by ``selector``.</doc>
<msg timestamp="20211129 21:47:53.659" level="INFO">Fills the text 'ab3' in the given field.</msg>
<status status="PASS" starttime="20211129 21:47:53.658" endtime="20211129 21:47:53.692"/>
</kw>
<status status="PASS" starttime="20211129 21:47:53.577" endtime="20211129 21:47:53.692"/>
</kw>
<kw name="Submit Signup Form" library="SignupActions">
<kw name="Click" library="Browser">
<arg>css=.submit-button &gt;&gt; text=Cadastrar</arg>
<tag>PageContent</tag>
<tag>Setter</tag>
<doc>Simulates mouse click on the element found by ``selector``.</doc>
<status status="PASS" starttime="20211129 21:47:53.693" endtime="20211129 21:47:53.772"/>
</kw>
<status status="PASS" starttime="20211129 21:47:53.692" endtime="20211129 21:47:53.772"/>
</kw>
<kw name="Alert Span Should Be" library="_SharedActions">
<arg>Informe uma senha com pelo menos 6 caracteres</arg>
<kw name="Wait For Elements State" library="Browser">
<arg>css=span[class=error] &gt;&gt; text=${expect_alert}</arg>
<arg>visible</arg>
<arg>5</arg>
<tag>PageContent</tag>
<tag>Wait</tag>
<doc>Waits for the element found by ``selector`` to satisfy state option.</doc>
<msg timestamp="20211129 21:47:53.784" level="INFO">Waited for Element with selector css=span[class=error] &gt;&gt; text=Informe uma senha com pelo menos 6 caracteres at state visible</msg>
<status status="PASS" starttime="20211129 21:47:53.773" endtime="20211129 21:47:53.784"/>
</kw>
<status status="PASS" starttime="20211129 21:47:53.772" endtime="20211129 21:47:53.785"/>
</kw>
<status status="PASS" starttime="20211129 21:47:52.857" endtime="20211129 21:47:53.785"/>
</kw>
<kw name="Signup With Short Pass">
<arg>ab3c</arg>
<kw name="Create Dictionary" library="BuiltIn">
<var>${user}</var>
<arg>name=Viviane</arg>
<arg>lastname=Peres</arg>
<arg>email=vivis@gmail.com</arg>
<arg>password=${short_pass}</arg>
<doc>Creates and returns a dictionary based on the given ``items``.</doc>
<msg timestamp="20211129 21:47:53.788" level="INFO">${user} = {'name': 'Viviane', 'lastname': 'Peres', 'email': 'vivis@gmail.com', 'password': 'ab3c'}</msg>
<status status="PASS" starttime="20211129 21:47:53.787" endtime="20211129 21:47:53.788"/>
</kw>
<kw name="Go To Signup Form" library="SignupActions">
<kw name="Go To" library="Browser">
<arg>${BASE_URL}/signup</arg>
<tag>BrowserControl</tag>
<tag>Setter</tag>
<doc>Navigates to the given ``url``.</doc>
<msg timestamp="20211129 21:47:54.501" level="INFO">Successfully opened URL https://getgeeks-vivis.herokuapp.com/signup</msg>
<status status="PASS" starttime="20211129 21:47:53.790" endtime="20211129 21:47:54.501"/>
</kw>
<kw name="Wait For Elements State" library="Browser">
<arg>css=.signup-form</arg>
<arg>visible</arg>
<arg>5</arg>
<tag>PageContent</tag>
<tag>Wait</tag>
<doc>Waits for the element found by ``selector`` to satisfy state option.</doc>
<msg timestamp="20211129 21:47:54.522" level="INFO">Waited for Element with selector css=.signup-form at state visible</msg>
<status status="PASS" starttime="20211129 21:47:54.502" endtime="20211129 21:47:54.522"/>
</kw>
<status status="PASS" starttime="20211129 21:47:53.789" endtime="20211129 21:47:54.523"/>
</kw>
<kw name="Fill Singup Form" library="SignupActions">
<arg>${user}</arg>
<kw name="Fill Text" library="Browser">
<arg>id=name</arg>
<arg>${user}[name]</arg>
<tag>PageContent</tag>
<tag>Setter</tag>
<doc>Clears and fills the given ``txt`` into the text field found by ``selector``.</doc>
<msg timestamp="20211129 21:47:54.525" level="INFO">Fills the text 'Viviane' in the given field.</msg>
<status status="PASS" starttime="20211129 21:47:54.524" endtime="20211129 21:47:54.548"/>
</kw>
<kw name="Fill Text" library="Browser">
<arg>id=lastname</arg>
<arg>${user}[lastname]</arg>
<tag>PageContent</tag>
<tag>Setter</tag>
<doc>Clears and fills the given ``txt`` into the text field found by ``selector``.</doc>
<msg timestamp="20211129 21:47:54.549" level="INFO">Fills the text 'Peres' in the given field.</msg>
<status status="PASS" starttime="20211129 21:47:54.549" endtime="20211129 21:47:54.572"/>
</kw>
<kw name="Fill Text" library="Browser">
<arg>id=email</arg>
<arg>${user}[email]</arg>
<tag>PageContent</tag>
<tag>Setter</tag>
<doc>Clears and fills the given ``txt`` into the text field found by ``selector``.</doc>
<msg timestamp="20211129 21:47:54.574" level="INFO">Fills the text 'vivis@gmail.com' in the given field.</msg>
<status status="PASS" starttime="20211129 21:47:54.573" endtime="20211129 21:47:54.595"/>
</kw>
<kw name="Fill Text" library="Browser">
<arg>id=password</arg>
<arg>${user}[password]</arg>
<tag>PageContent</tag>
<tag>Setter</tag>
<doc>Clears and fills the given ``txt`` into the text field found by ``selector``.</doc>
<msg timestamp="20211129 21:47:54.597" level="INFO">Fills the text 'ab3c' in the given field.</msg>
<status status="PASS" starttime="20211129 21:47:54.596" endtime="20211129 21:47:54.618"/>
</kw>
<status status="PASS" starttime="20211129 21:47:54.523" endtime="20211129 21:47:54.618"/>
</kw>
<kw name="Submit Signup Form" library="SignupActions">
<kw name="Click" library="Browser">
<arg>css=.submit-button &gt;&gt; text=Cadastrar</arg>
<tag>PageContent</tag>
<tag>Setter</tag>
<doc>Simulates mouse click on the element found by ``selector``.</doc>
<status status="PASS" starttime="20211129 21:47:54.620" endtime="20211129 21:47:54.693"/>
</kw>
<status status="PASS" starttime="20211129 21:47:54.619" endtime="20211129 21:47:54.693"/>
</kw>
<kw name="Alert Span Should Be" library="_SharedActions">
<arg>Informe uma senha com pelo menos 6 caracteres</arg>
<kw name="Wait For Elements State" library="Browser">
<arg>css=span[class=error] &gt;&gt; text=${expect_alert}</arg>
<arg>visible</arg>
<arg>5</arg>
<tag>PageContent</tag>
<tag>Wait</tag>
<doc>Waits for the element found by ``selector`` to satisfy state option.</doc>
<msg timestamp="20211129 21:47:54.716" level="INFO">Waited for Element with selector css=span[class=error] &gt;&gt; text=Informe uma senha com pelo menos 6 caracteres at state visible</msg>
<status status="PASS" starttime="20211129 21:47:54.695" endtime="20211129 21:47:54.716"/>
</kw>
<status status="PASS" starttime="20211129 21:47:54.694" endtime="20211129 21:47:54.716"/>
</kw>
<status status="PASS" starttime="20211129 21:47:53.786" endtime="20211129 21:47:54.717"/>
</kw>
<kw name="Signup With Short Pass">
<arg>-1</arg>
<kw name="Create Dictionary" library="BuiltIn">
<var>${user}</var>
<arg>name=Viviane</arg>
<arg>lastname=Peres</arg>
<arg>email=vivis@gmail.com</arg>
<arg>password=${short_pass}</arg>
<doc>Creates and returns a dictionary based on the given ``items``.</doc>
<msg timestamp="20211129 21:47:54.719" level="INFO">${user} = {'name': 'Viviane', 'lastname': 'Peres', 'email': 'vivis@gmail.com', 'password': '-1'}</msg>
<status status="PASS" starttime="20211129 21:47:54.718" endtime="20211129 21:47:54.719"/>
</kw>
<kw name="Go To Signup Form" library="SignupActions">
<kw name="Go To" library="Browser">
<arg>${BASE_URL}/signup</arg>
<tag>BrowserControl</tag>
<tag>Setter</tag>
<doc>Navigates to the given ``url``.</doc>
<msg timestamp="20211129 21:47:55.443" level="INFO">Successfully opened URL https://getgeeks-vivis.herokuapp.com/signup</msg>
<status status="PASS" starttime="20211129 21:47:54.720" endtime="20211129 21:47:55.444"/>
</kw>
<kw name="Wait For Elements State" library="Browser">
<arg>css=.signup-form</arg>
<arg>visible</arg>
<arg>5</arg>
<tag>PageContent</tag>
<tag>Wait</tag>
<doc>Waits for the element found by ``selector`` to satisfy state option.</doc>
<msg timestamp="20211129 21:47:55.468" level="INFO">Waited for Element with selector css=.signup-form at state visible</msg>
<status status="PASS" starttime="20211129 21:47:55.445" endtime="20211129 21:47:55.468"/>
</kw>
<status status="PASS" starttime="20211129 21:47:54.719" endtime="20211129 21:47:55.469"/>
</kw>
<kw name="Fill Singup Form" library="SignupActions">
<arg>${user}</arg>
<kw name="Fill Text" library="Browser">
<arg>id=name</arg>
<arg>${user}[name]</arg>
<tag>PageContent</tag>
<tag>Setter</tag>
<doc>Clears and fills the given ``txt`` into the text field found by ``selector``.</doc>
<msg timestamp="20211129 21:47:55.471" level="INFO">Fills the text 'Viviane' in the given field.</msg>
<status status="PASS" starttime="20211129 21:47:55.470" endtime="20211129 21:47:55.497"/>
</kw>
<kw name="Fill Text" library="Browser">
<arg>id=lastname</arg>
<arg>${user}[lastname]</arg>
<tag>PageContent</tag>
<tag>Setter</tag>
<doc>Clears and fills the given ``txt`` into the text field found by ``selector``.</doc>
<msg timestamp="20211129 21:47:55.499" level="INFO">Fills the text 'Peres' in the given field.</msg>
<status status="PASS" starttime="20211129 21:47:55.498" endtime="20211129 21:47:55.522"/>
</kw>
<kw name="Fill Text" library="Browser">
<arg>id=email</arg>
<arg>${user}[email]</arg>
<tag>PageContent</tag>
<tag>Setter</tag>
<doc>Clears and fills the given ``txt`` into the text field found by ``selector``.</doc>
<msg timestamp="20211129 21:47:55.523" level="INFO">Fills the text 'vivis@gmail.com' in the given field.</msg>
<status status="PASS" starttime="20211129 21:47:55.523" endtime="20211129 21:47:55.545"/>
</kw>
<kw name="Fill Text" library="Browser">
<arg>id=password</arg>
<arg>${user}[password]</arg>
<tag>PageContent</tag>
<tag>Setter</tag>
<doc>Clears and fills the given ``txt`` into the text field found by ``selector``.</doc>
<msg timestamp="20211129 21:47:55.547" level="INFO">Fills the text '-1' in the given field.</msg>
<status status="PASS" starttime="20211129 21:47:55.545" endtime="20211129 21:47:55.574"/>
</kw>
<status status="PASS" starttime="20211129 21:47:55.469" endtime="20211129 21:47:55.574"/>
</kw>
<kw name="Submit Signup Form" library="SignupActions">
<kw name="Click" library="Browser">
<arg>css=.submit-button &gt;&gt; text=Cadastrar</arg>
<tag>PageContent</tag>
<tag>Setter</tag>
<doc>Simulates mouse click on the element found by ``selector``.</doc>
<status status="PASS" starttime="20211129 21:47:55.575" endtime="20211129 21:47:55.649"/>
</kw>
<status status="PASS" starttime="20211129 21:47:55.574" endtime="20211129 21:47:55.650"/>
</kw>
<kw name="Alert Span Should Be" library="_SharedActions">
<arg>Informe uma senha com pelo menos 6 caracteres</arg>
<kw name="Wait For Elements State" library="Browser">
<arg>css=span[class=error] &gt;&gt; text=${expect_alert}</arg>
<arg>visible</arg>
<arg>5</arg>
<tag>PageContent</tag>
<tag>Wait</tag>
<doc>Waits for the element found by ``selector`` to satisfy state option.</doc>
<msg timestamp="20211129 21:47:55.663" level="INFO">Waited for Element with selector css=span[class=error] &gt;&gt; text=Informe uma senha com pelo menos 6 caracteres at state visible</msg>
<status status="PASS" starttime="20211129 21:47:55.651" endtime="20211129 21:47:55.663"/>
</kw>
<status status="PASS" starttime="20211129 21:47:55.650" endtime="20211129 21:47:55.664"/>
</kw>
<status status="PASS" starttime="20211129 21:47:54.717" endtime="20211129 21:47:55.664"/>
</kw>
<kw name="Signup With Short Pass">
<arg>acb#1</arg>
<kw name="Create Dictionary" library="BuiltIn">
<var>${user}</var>
<arg>name=Viviane</arg>
<arg>lastname=Peres</arg>
<arg>email=vivis@gmail.com</arg>
<arg>password=${short_pass}</arg>
<doc>Creates and returns a dictionary based on the given ``items``.</doc>
<msg timestamp="20211129 21:47:55.667" level="INFO">${user} = {'name': 'Viviane', 'lastname': 'Peres', 'email': 'vivis@gmail.com', 'password': 'acb#1'}</msg>
<status status="PASS" starttime="20211129 21:47:55.666" endtime="20211129 21:47:55.668"/>
</kw>
<kw name="Go To Signup Form" library="SignupActions">
<kw name="Go To" library="Browser">
<arg>${BASE_URL}/signup</arg>
<tag>BrowserControl</tag>
<tag>Setter</tag>
<doc>Navigates to the given ``url``.</doc>
<msg timestamp="20211129 21:47:56.424" level="INFO">Successfully opened URL https://getgeeks-vivis.herokuapp.com/signup</msg>
<status status="PASS" starttime="20211129 21:47:55.670" endtime="20211129 21:47:56.424"/>
</kw>
<kw name="Wait For Elements State" library="Browser">
<arg>css=.signup-form</arg>
<arg>visible</arg>
<arg>5</arg>
<tag>PageContent</tag>
<tag>Wait</tag>
<doc>Waits for the element found by ``selector`` to satisfy state option.</doc>
<msg timestamp="20211129 21:47:56.454" level="INFO">Waited for Element with selector css=.signup-form at state visible</msg>
<status status="PASS" starttime="20211129 21:47:56.425" endtime="20211129 21:47:56.454"/>
</kw>
<status status="PASS" starttime="20211129 21:47:55.668" endtime="20211129 21:47:56.455"/>
</kw>
<kw name="Fill Singup Form" library="SignupActions">
<arg>${user}</arg>
<kw name="Fill Text" library="Browser">
<arg>id=name</arg>
<arg>${user}[name]</arg>
<tag>PageContent</tag>
<tag>Setter</tag>
<doc>Clears and fills the given ``txt`` into the text field found by ``selector``.</doc>
<msg timestamp="20211129 21:47:56.458" level="INFO">Fills the text 'Viviane' in the given field.</msg>
<status status="PASS" starttime="20211129 21:47:56.457" endtime="20211129 21:47:56.486"/>
</kw>
<kw name="Fill Text" library="Browser">
<arg>id=lastname</arg>
<arg>${user}[lastname]</arg>
<tag>PageContent</tag>
<tag>Setter</tag>
<doc>Clears and fills the given ``txt`` into the text field found by ``selector``.</doc>
<msg timestamp="20211129 21:47:56.488" level="INFO">Fills the text 'Peres' in the given field.</msg>
<status status="PASS" starttime="20211129 21:47:56.487" endtime="20211129 21:47:56.511"/>
</kw>
<kw name="Fill Text" library="Browser">
<arg>id=email</arg>
<arg>${user}[email]</arg>
<tag>PageContent</tag>
<tag>Setter</tag>
<doc>Clears and fills the given ``txt`` into the text field found by ``selector``.</doc>
<msg timestamp="20211129 21:47:56.512" level="INFO">Fills the text 'vivis@gmail.com' in the given field.</msg>
<status status="PASS" starttime="20211129 21:47:56.511" endtime="20211129 21:47:56.541"/>
</kw>
<kw name="Fill Text" library="Browser">
<arg>id=password</arg>
<arg>${user}[password]</arg>
<tag>PageContent</tag>
<tag>Setter</tag>
<doc>Clears and fills the given ``txt`` into the text field found by ``selector``.</doc>
<msg timestamp="20211129 21:47:56.542" level="INFO">Fills the text 'acb#1' in the given field.</msg>
<status status="PASS" starttime="20211129 21:47:56.541" endtime="20211129 21:47:56.565"/>
</kw>
<status status="PASS" starttime="20211129 21:47:56.455" endtime="20211129 21:47:56.566"/>
</kw>
<kw name="Submit Signup Form" library="SignupActions">
<kw name="Click" library="Browser">
<arg>css=.submit-button &gt;&gt; text=Cadastrar</arg>
<tag>PageContent</tag>
<tag>Setter</tag>
<doc>Simulates mouse click on the element found by ``selector``.</doc>
<status status="PASS" starttime="20211129 21:47:56.566" endtime="20211129 21:47:56.649"/>
</kw>
<status status="PASS" starttime="20211129 21:47:56.566" endtime="20211129 21:47:56.650"/>
</kw>
<kw name="Alert Span Should Be" library="_SharedActions">
<arg>Informe uma senha com pelo menos 6 caracteres</arg>
<kw name="Wait For Elements State" library="Browser">
<arg>css=span[class=error] &gt;&gt; text=${expect_alert}</arg>
<arg>visible</arg>
<arg>5</arg>
<tag>PageContent</tag>
<tag>Wait</tag>
<doc>Waits for the element found by ``selector`` to satisfy state option.</doc>
<msg timestamp="20211129 21:47:56.665" level="INFO">Waited for Element with selector css=span[class=error] &gt;&gt; text=Informe uma senha com pelo menos 6 caracteres at state visible</msg>
<status status="PASS" starttime="20211129 21:47:56.651" endtime="20211129 21:47:56.665"/>
</kw>
<status status="PASS" starttime="20211129 21:47:56.650" endtime="20211129 21:47:56.665"/>
</kw>
<status status="PASS" starttime="20211129 21:47:55.665" endtime="20211129 21:47:56.666"/>
</kw>
<kw name="After Test" library="Base" type="TEARDOWN">
<kw name="Screenshot Name" library="Utils">
<var>${shot_name}</var>
<msg timestamp="20211129 21:47:56.668" level="INFO">${shot_name} = 0986b8285c1381eadae7478f8cbb018fe49c8550</msg>
<status status="PASS" starttime="20211129 21:47:56.667" endtime="20211129 21:47:56.668"/>
</kw>
<kw name="Take Screenshot" library="Browser">
<arg>fullPage=True</arg>
<arg>filename=${shot_name}</arg>
<tag>PageContent</tag>
<doc>Takes a screenshot of the current window or element and saves it to disk.</doc>
<msg timestamp="20211129 21:47:57.113" level="INFO" html="true">&lt;/td&gt;&lt;/tr&gt;&lt;tr&gt;&lt;td colspan="3"&gt;&lt;a href="browser/screenshot/0986b8285c1381eadae7478f8cbb018fe49c8550.png"&gt;&lt;img src="browser/screenshot/0986b8285c1381eadae7478f8cbb018fe49c8550.png" width="800px"&gt;&lt;/a&gt;</msg>
<status status="PASS" starttime="20211129 21:47:56.668" endtime="20211129 21:47:57.113"/>
</kw>
<status status="PASS" starttime="20211129 21:47:56.666" endtime="20211129 21:47:57.114"/>
</kw>
<tag>attempt_signup</tag>
<tag>short_pass</tag>
<status status="PASS" starttime="20211129 21:47:40.609" endtime="20211129 21:47:57.114"/>
</test>
<doc>Singup Test Suíte</doc>
<status status="PASS" starttime="20211129 21:47:03.963" endtime="20211129 21:47:57.215"/>
</suite>
<doc>[https://pabot.org/?ref=log|Pabot] result from 4 executions.</doc>
<status status="PASS" starttime="20211129 21:47:03.897" endtime="20211129 21:47:57.494"/>
</suite>
<statistics>
<total>
<stat pass="25" fail="0" skip="0">All Tests</stat>
</total>
<tag>
<stat pass="3" fail="0" skip="0">attempt_signup</stat>
<stat pass="3" fail="0" skip="0">dsf</stat>
<stat pass="1" fail="0" skip="0">empty_email</stat>
<stat pass="1" fail="0" skip="0">empty_fields</stat>
<stat pass="1" fail="0" skip="0">empty_pass</stat>
<stat pass="1" fail="0" skip="0">inv_email</stat>
<stat pass="1" fail="0" skip="0">inv_pass</stat>
<stat pass="1" fail="0" skip="0">reqf</stat>
<stat pass="1" fail="0" skip="0">short_pass</stat>
<stat pass="3" fail="0" skip="0">smoke</stat>
<stat pass="1" fail="0" skip="0">user_404</stat>
</tag>
<suite>
<stat pass="25" fail="0" skip="0" id="s1" name="Tests">Tests</stat>
<stat pass="12" fail="0" skip="0" id="s1-s1" name="AttemptBeGeek">Tests.AttemptBeGeek</stat>
<stat pass="1" fail="0" skip="0" id="s1-s2" name="BeGeek">Tests.BeGeek</stat>
<stat pass="7" fail="0" skip="0" id="s1-s3" name="Login">Tests.Login</stat>
<stat pass="5" fail="0" skip="0" id="s1-s4" name="Signup">Tests.Signup</stat>
</suite>
</statistics>
<errors>
</errors>
</robot>
