<?xml version="1.0" encoding="UTF-8"?>
<robot generator="Robot 4.1.2 (Python 3.10.0 on win32)" generated="20211129 21:47:03.875" rpa="false" schemaversion="2">
<suite id="s1" name="Tests" source="C:\GravidadeZero\getgeeks\project\tests">
<suite id="s1-s1" name="BeGeek" source="C:\GravidadeZero\getgeeks\project\tests\BeGeek.robot">
<test id="s1-s1-t1" name="Be a Geek">
<kw name="Start Session" library="Base" type="SETUP">
<kw name="New Browser" library="Browser">
<arg>${BROWSER}</arg>
<arg>headless=${HEADLESS}</arg>
<arg>slowMo=00:00:00</arg>
<tag>BrowserControl</tag>
<tag>Setter</tag>
<doc>Create a new playwright Browser with specified options.</doc>
<msg timestamp="20211129 21:47:06.240" level="INFO">{"browser": "chromium", "headless": false, "handleSIGINT": true, "handleSIGTERM": true, "handleSIGHUP": true, "timeout": 30000.0, "devtools": false, "slowMo": 0.0, "tracesDir": "C:\\GravidadeZero\\getgeeks\\project\\logs\\pabot_results\\1\\browser\\traces\\27ef4462-d03e-49a2-93cf-34428f7f6c0e"}</msg>
<msg timestamp="20211129 21:47:08.209" level="INFO">Successfully created browser with options: {"browser":"chromium","headless":false,"handleSIGINT":true,"handleSIGTERM":true,"handleSIGHUP":true,"timeout":30000,"devtools":false,"slowMo":0,"tracesDir":"C:\\GravidadeZero\\getgeeks\\project\\logs\\pabot_results\\1\\browser\\traces\\27ef4462-d03e-49a2-93cf-34428f7f6c0e"}</msg>
<status status="PASS" starttime="20211129 21:47:06.237" endtime="20211129 21:47:08.210"/>
</kw>
<kw name="New Page" library="Browser">
<arg>${BASE_URL}</arg>
<tag>BrowserControl</tag>
<tag>Setter</tag>
<doc>Open a new Page. A Page is the Playwright equivalent to a tab.
See `Browser, Context and Page` for more information about Page concept.
Returns a stable identifier for the created page.</doc>
<msg timestamp="20211129 21:47:12.069" level="INFO">Successfully initialized new page object and opened url: https://getgeeks-vivis.herokuapp.com</msg>
<msg timestamp="20211129 21:47:12.069" level="INFO">No context was open. New context was automatically opened when this page is created.</msg>
<status status="PASS" starttime="20211129 21:47:08.211" endtime="20211129 21:47:12.069"/>
</kw>
<kw name="Set Viewport Size" library="Browser">
<arg>1280</arg>
<arg>768</arg>
<tag>BrowserControl</tag>
<tag>Setter</tag>
<doc>Sets current Pages viewport size to specified dimensions.</doc>
<msg timestamp="20211129 21:47:12.110" level="INFO">Set viewport size to: [object Object]</msg>
<status status="PASS" starttime="20211129 21:47:12.070" endtime="20211129 21:47:12.111"/>
</kw>
<status status="PASS" starttime="20211129 21:47:06.236" endtime="20211129 21:47:12.112"/>
</kw>
<kw name="Factory User" library="Users">
<var>${user}</var>
<arg>attempt_be_geek</arg>
<msg timestamp="20211129 21:47:12.117" level="INFO">${user} = {'name': 'Dio', 'lastname': 'Linux', 'email': 'dio@linux.com', 'password': 'pwd123', 'geek_profile': {'whats': '11999999999', 'desc': 'Se precisar de qualquer serviço seja no seu Desktop ou Notebook, ...</msg>
<status status="PASS" starttime="20211129 21:47:12.113" endtime="20211129 21:47:12.117"/>
</kw>
<kw name="Do Login" library="Helpers">
<arg>${user}</arg>
<kw name="Go To Login Page" library="AuthActions">
<kw name="Go To" library="Browser">
<arg>${BASE_URL}</arg>
<tag>BrowserControl</tag>
<tag>Setter</tag>
<doc>Navigates to the given ``url``.</doc>
<msg timestamp="20211129 21:47:12.890" level="INFO">Successfully opened URL https://getgeeks-vivis.herokuapp.com</msg>
<status status="PASS" starttime="20211129 21:47:12.122" endtime="20211129 21:47:12.890"/>
</kw>
<kw name="Wait For Elements State" library="Browser">
<arg>css=.login-form</arg>
<arg>visible</arg>
<arg>5</arg>
<tag>PageContent</tag>
<tag>Wait</tag>
<doc>Waits for the element found by ``selector`` to satisfy state option.</doc>
<msg timestamp="20211129 21:47:12.963" level="INFO">Waited for Element with selector css=.login-form at state visible</msg>
<status status="PASS" starttime="20211129 21:47:12.891" endtime="20211129 21:47:12.963"/>
</kw>
<status status="PASS" starttime="20211129 21:47:12.120" endtime="20211129 21:47:12.964"/>
</kw>
<kw name="Fill Credentials" library="AuthActions">
<arg>${user}</arg>
<kw name="Fill Text" library="Browser">
<arg>${INPUT_EMAIL}</arg>
<arg>${user}[email]</arg>
<tag>PageContent</tag>
<tag>Setter</tag>
<doc>Clears and fills the given ``txt`` into the text field found by ``selector``.</doc>
<msg timestamp="20211129 21:47:12.968" level="INFO">Fills the text 'dio@linux.com' in the given field.</msg>
<status status="PASS" starttime="20211129 21:47:12.967" endtime="20211129 21:47:13.047"/>
</kw>
<kw name="Fill Text" library="Browser">
<arg>${INPUT_PASS}</arg>
<arg>${user}[password]</arg>
<tag>PageContent</tag>
<tag>Setter</tag>
<doc>Clears and fills the given ``txt`` into the text field found by ``selector``.</doc>
<msg timestamp="20211129 21:47:13.050" level="INFO">Fills the text 'pwd123' in the given field.</msg>
<status status="PASS" starttime="20211129 21:47:13.048" endtime="20211129 21:47:13.094"/>
</kw>
<status status="PASS" starttime="20211129 21:47:12.965" endtime="20211129 21:47:13.095"/>
</kw>
<kw name="Submit Credentials" library="AuthActions">
<kw name="Click" library="Browser">
<arg>css=.submit-button &gt;&gt; text=Entrar</arg>
<tag>PageContent</tag>
<tag>Setter</tag>
<doc>Simulates mouse click on the element found by ``selector``.</doc>
<status status="PASS" starttime="20211129 21:47:13.098" endtime="20211129 21:47:13.234"/>
</kw>
<status status="PASS" starttime="20211129 21:47:13.096" endtime="20211129 21:47:13.235"/>
</kw>
<kw name="User Should Be Logged In" library="AuthActions">
<arg>${user}</arg>
<kw name="Set Variable" library="BuiltIn">
<var>${element}</var>
<arg>css=a[href="/profile"]</arg>
<doc>Returns the given values which can then be assigned to a variables.</doc>
<msg timestamp="20211129 21:47:13.237" level="INFO">${element} = css=a[href="/profile"]</msg>
<status status="PASS" starttime="20211129 21:47:13.237" endtime="20211129 21:47:13.237"/>
</kw>
<kw name="Set Variable" library="BuiltIn">
<var>${expected_fullname}</var>
<arg>${user}[name] ${user}[lastname]</arg>
<doc>Returns the given values which can then be assigned to a variables.</doc>
<msg timestamp="20211129 21:47:13.239" level="INFO">${expected_fullname} = Dio Linux</msg>
<status status="PASS" starttime="20211129 21:47:13.238" endtime="20211129 21:47:13.239"/>
</kw>
<kw name="Wait For Elements State" library="Browser">
<arg>${element}</arg>
<arg>visible</arg>
<arg>5</arg>
<tag>PageContent</tag>
<tag>Wait</tag>
<doc>Waits for the element found by ``selector`` to satisfy state option.</doc>
<msg timestamp="20211129 21:47:14.401" level="INFO">Waited for Element with selector css=a[href="/profile"] at state visible</msg>
<status status="PASS" starttime="20211129 21:47:13.240" endtime="20211129 21:47:14.401"/>
</kw>
<kw name="Get Text" library="Browser">
<arg>${element}</arg>
<arg>equal</arg>
<arg>${expected_fullname}</arg>
<tag>Assertion</tag>
<tag>Getter</tag>
<tag>PageContent</tag>
<doc>Returns text attribute of the element found by ``selector``.</doc>
<status status="PASS" starttime="20211129 21:47:14.403" endtime="20211129 21:47:14.464"/>
</kw>
<status status="PASS" starttime="20211129 21:47:13.236" endtime="20211129 21:47:14.465"/>
</kw>
<status status="PASS" starttime="20211129 21:47:12.118" endtime="20211129 21:47:14.466"/>
</kw>
<kw name="Go To Geek Form" library="GeekActions">
<kw name="Click" library="Browser">
<arg>css=a[href="/be-geek"] &gt;&gt; text=Seja um Geek</arg>
<tag>PageContent</tag>
<tag>Setter</tag>
<doc>Simulates mouse click on the element found by ``selector``.</doc>
<status status="PASS" starttime="20211129 21:47:14.468" endtime="20211129 21:47:14.642"/>
</kw>
<kw name="Wait For Elements State" library="Browser">
<arg>css=.be-geek-form</arg>
<arg>visible</arg>
<arg>5</arg>
<tag>PageContent</tag>
<tag>Wait</tag>
<doc>Waits for the element found by ``selector`` to satisfy state option.</doc>
<msg timestamp="20211129 21:47:14.681" level="INFO">Waited for Element with selector css=.be-geek-form at state visible</msg>
<status status="PASS" starttime="20211129 21:47:14.643" endtime="20211129 21:47:14.682"/>
</kw>
<status status="PASS" starttime="20211129 21:47:14.467" endtime="20211129 21:47:14.683"/>
</kw>
<kw name="Fill Geek Form" library="GeekActions">
<arg>${user}[geek_profile]</arg>
<kw name="Reset Geek Form" library="GeekActions">
<kw name="Execute JavaScript" library="Browser">
<arg>document.getElementsByClassName("be-geek-form")[0].reset();</arg>
<tag>Getter</tag>
<tag>PageContent</tag>
<tag>Setter</tag>
<doc>Executes given javascript on the page.</doc>
<status status="PASS" starttime="20211129 21:47:14.687" endtime="20211129 21:47:14.706"/>
</kw>
<status status="PASS" starttime="20211129 21:47:14.685" endtime="20211129 21:47:14.706"/>
</kw>
<kw name="Fill Text" library="Browser">
<arg>id=whatsapp</arg>
<arg>${geek_profile}[whats]</arg>
<tag>PageContent</tag>
<tag>Setter</tag>
<doc>Clears and fills the given ``txt`` into the text field found by ``selector``.</doc>
<msg timestamp="20211129 21:47:14.708" level="INFO">Fills the text '11999999999' in the given field.</msg>
<status status="PASS" starttime="20211129 21:47:14.707" endtime="20211129 21:47:14.764"/>
</kw>
<kw name="Fill Text" library="Browser">
<arg>id=desc</arg>
<arg>${geek_profile}[desc]</arg>
<tag>PageContent</tag>
<tag>Setter</tag>
<doc>Clears and fills the given ``txt`` into the text field found by ``selector``.</doc>
<msg timestamp="20211129 21:47:14.766" level="INFO">Fills the text 'Se precisar de qualquer serviço seja no seu Desktop ou Notebook, conte comigo. Instalo sistemas operacionais, atualizo drivers e hardwares.  Orçamento grátis e garantia de serviço.' in the given field.</msg>
<status status="PASS" starttime="20211129 21:47:14.765" endtime="20211129 21:47:14.867"/>
</kw>
<if>
<branch type="IF" condition="'${geek_profile}[printer_repair]'">
<kw name="Select Options By" library="Browser">
<arg>id=printer_repair</arg>
<arg>text</arg>
<arg>${geek_profile}[printer_repair]</arg>
<tag>PageContent</tag>
<tag>Setter</tag>
<doc>Selects options from select element found by ``selector``.</doc>
<status status="PASS" starttime="20211129 21:47:14.869" endtime="20211129 21:47:14.908"/>
</kw>
<status status="PASS" starttime="20211129 21:47:14.868" endtime="20211129 21:47:14.908"/>
</branch>
<status status="PASS" starttime="20211129 21:47:14.867" endtime="20211129 21:47:14.908"/>
</if>
<if>
<branch type="IF" condition="'${geek_profile}[work]'">
<kw name="Select Options By" library="Browser">
<arg>id=work</arg>
<arg>text</arg>
<arg>${geek_profile}[work]</arg>
<tag>PageContent</tag>
<tag>Setter</tag>
<doc>Selects options from select element found by ``selector``.</doc>
<status status="PASS" starttime="20211129 21:47:14.910" endtime="20211129 21:47:14.958"/>
</kw>
<status status="PASS" starttime="20211129 21:47:14.909" endtime="20211129 21:47:14.959"/>
</branch>
<status status="PASS" starttime="20211129 21:47:14.908" endtime="20211129 21:47:14.959"/>
</if>
<kw name="Fill Text" library="Browser">
<arg>id=cost</arg>
<arg>${geek_profile}[cost]</arg>
<tag>PageContent</tag>
<tag>Setter</tag>
<doc>Clears and fills the given ``txt`` into the text field found by ``selector``.</doc>
<msg timestamp="20211129 21:47:14.961" level="INFO">Fills the text '150' in the given field.</msg>
<status status="PASS" starttime="20211129 21:47:14.960" endtime="20211129 21:47:15.053"/>
</kw>
<status status="PASS" starttime="20211129 21:47:14.683" endtime="20211129 21:47:15.054"/>
</kw>
<kw name="Submit Geek Form" library="GeekActions">
<kw name="Click" library="Browser">
<arg>css=button &gt;&gt; text=Quero ser um Geek</arg>
<tag>PageContent</tag>
<tag>Setter</tag>
<doc>Simulates mouse click on the element found by ``selector``.</doc>
<status status="PASS" starttime="20211129 21:47:15.058" endtime="20211129 21:47:15.187"/>
</kw>
<status status="PASS" starttime="20211129 21:47:15.055" endtime="20211129 21:47:15.188"/>
</kw>
<kw name="Geek Form Should Be Success" library="GeekActions">
<kw name="Set Variable" library="BuiltIn">
<var>${expected_message}</var>
<arg>Seu cadastro está na nossa lista de geeks. Agora é só ficar de olho no seu WhatsApp.</arg>
<doc>Returns the given values which can then be assigned to a variables.</doc>
<msg timestamp="20211129 21:47:15.191" level="INFO">${expected_message} = Seu cadastro está na nossa lista de geeks. Agora é só ficar de olho no seu WhatsApp.</msg>
<status status="PASS" starttime="20211129 21:47:15.190" endtime="20211129 21:47:15.191"/>
</kw>
<kw name="Wait For Elements State" library="Browser">
<arg>css=p &gt;&gt; text=${expected_message}</arg>
<arg>visible</arg>
<arg>5</arg>
<tag>PageContent</tag>
<tag>Wait</tag>
<doc>Waits for the element found by ``selector`` to satisfy state option.</doc>
<msg timestamp="20211129 21:47:15.726" level="INFO">Waited for Element with selector css=p &gt;&gt; text=Seu cadastro está na nossa lista de geeks. Agora é só ficar de olho no seu WhatsApp. at state visible</msg>
<status status="PASS" starttime="20211129 21:47:15.192" endtime="20211129 21:47:15.727"/>
</kw>
<status status="PASS" starttime="20211129 21:47:15.189" endtime="20211129 21:47:15.728"/>
</kw>
<kw name="After Test" library="Base" type="TEARDOWN">
<kw name="Screenshot Name" library="Utils">
<var>${shot_name}</var>
<msg timestamp="20211129 21:47:15.731" level="INFO">${shot_name} = 9362e77ef76a2f4071eff4204876b8e4e191a8be</msg>
<status status="PASS" starttime="20211129 21:47:15.730" endtime="20211129 21:47:15.731"/>
</kw>
<kw name="Take Screenshot" library="Browser">
<arg>fullPage=True</arg>
<arg>filename=${shot_name}</arg>
<tag>PageContent</tag>
<doc>Takes a screenshot of the current window or element and saves it to disk.</doc>
<msg timestamp="20211129 21:47:16.017" level="INFO" html="true">&lt;/td&gt;&lt;/tr&gt;&lt;tr&gt;&lt;td colspan="3"&gt;&lt;a href="browser/screenshot/9362e77ef76a2f4071eff4204876b8e4e191a8be.png"&gt;&lt;img src="browser/screenshot/9362e77ef76a2f4071eff4204876b8e4e191a8be.png" width="800px"&gt;&lt;/a&gt;</msg>
<status status="PASS" starttime="20211129 21:47:15.732" endtime="20211129 21:47:16.018"/>
</kw>
<status status="PASS" starttime="20211129 21:47:15.729" endtime="20211129 21:47:16.019"/>
</kw>
<tag>smoke</tag>
<status status="PASS" starttime="20211129 21:47:06.229" endtime="20211129 21:47:16.019"/>
</test>
<doc>Be Geek test suite</doc>
<status status="PASS" starttime="20211129 21:47:03.957" endtime="20211129 21:47:16.251"/>
</suite>
<status status="PASS" starttime="20211129 21:47:03.897" endtime="20211129 21:47:16.269"/>
</suite>
<statistics>
<total>
<stat pass="1" fail="0" skip="0">All Tests</stat>
</total>
<tag>
<stat pass="1" fail="0" skip="0">smoke</stat>
</tag>
<suite>
<stat pass="1" fail="0" skip="0" id="s1" name="Tests">Tests</stat>
<stat pass="1" fail="0" skip="0" id="s1-s1" name="BeGeek">Tests.BeGeek</stat>
</suite>
</statistics>
<errors>
</errors>
</robot>
